Pokemon base stats & type: unchanged

--Removing Trade Evolutions--
Made KADABRA evolve into ALAKAZAM at level 37
Made MACHOKE evolve into MACHAMP at level 37
Made GRAVELER evolve into GOLEM at level 37
Made HAUNTER evolve into GENGAR at level 37

--Condensed Level Evolutions--
RHYHORN now evolves into RHYDON at minimum level 40
DRAGONAIR now evolves into DRAGONITE at minimum level 40

Move Data: Unchanged.

Pokemon Movesets: Unchanged.

--Trainers Pokemon--
#1 (YOUNGSTER)@39D99 - ELECTABUZZ Lv17, PORYGON Lv17
#2 (YOUNGSTER)@39D9D - VICTREEBEL Lv21
#3 (YOUNGSTER)@39DA0 - GASTLY Lv15, JIGGLYPUFF Lv15, CHARIZARD Lv15
#4 (YOUNGSTER)@39DA5 - PARASECT Lv21, CHARIZARD Lv21, RATTATA Lv21
#5 (YOUNGSTER)@39DAA - KRABBY Lv23, NIDORAN♀ Lv23
#6 (YOUNGSTER)@39DAE - STARYU Lv26
#7 (YOUNGSTER)@39DB1 - CHARMANDER Lv21, DRAGONAIR Lv21
#8 (YOUNGSTER)@39DB5 - ARCANINE Lv32
#9 (YOUNGSTER)@39DB8 - FLAREON Lv32
#10 (YOUNGSTER)@39DBB - RHYDON Lv29, MAROWAK Lv29
#11 (YOUNGSTER)@39DBF - DRATINI Lv26, CHARMANDER Lv26, CHARIZARD Lv26
#12 (YOUNGSTER)@39DC4 - CLEFABLE Lv27, KABUTOPS Lv27
#13 (YOUNGSTER)@39DC8 - HAUNTER Lv26, GYARADOS Lv26, MAGIKARP Lv26, KABUTOPS Lv26
#14 (BUG CATCHER)@39DCE - DUGTRIO Lv9, GEODUDE Lv9
#15 (BUG CATCHER)@39DD2 - GASTLY Lv11, DODUO Lv11, MAGNEMITE Lv11
#16 (BUG CATCHER)@39DD7 - GASTLY Lv14
#17 (BUG CATCHER)@39DDA - MEOWTH Lv15, EXEGGCUTE Lv15, JOLTEON Lv15
#18 (BUG CATCHER)@39DDF - MAGNETON Lv14, MACHOP Lv14, DRAGONAIR Lv14, SLOWPOKE Lv14
#19 (BUG CATCHER)@39DE5 - CLOYSTER Lv17, HITMONLEE Lv17
#20 (BUG CATCHER)@39DE9 - LAPRAS Lv17, STARYU Lv17
#21 (BUG CATCHER)@39DED - FARFETCH'D Lv15, DEWGONG Lv15, PARASECT Lv15
#22 (BUG CATCHER)@39DF2 - ELECTABUZZ Lv21, JIGGLYPUFF Lv21
#23 (BUG CATCHER)@39DF6 - MANKEY Lv24, OMASTAR Lv24, DRATINI Lv24
#24 (BUG CATCHER)@39DFB - DRAGONAIR Lv30
#25 (BUG CATCHER)@39DFE - PIDGEY Lv27, ALAKAZAM Lv27, WEEZING Lv27
#26 (BUG CATCHER)@39E03 - RHYHORN Lv29, VICTREEBEL Lv29
#27 (BUG CATCHER)@39E07 - CLOYSTER Lv30, PSYDUCK Lv30, NIDORAN♂ Lv30
#28 (LASS)@39E0C - DEWGONG Lv14, ZUBAT Lv14
#29 (LASS)@39E10 - SHELLDER Lv15, WEEDLE Lv15
#30 (LASS)@39E14 - HORSEA Lv21
#31 (LASS)@39E17 - VENUSAUR Lv47, PIKACHU Lv47, ZUBAT Lv47
#32 (LASS)@39E1C - TAUROS Lv17, JIGGLYPUFF Lv17
#33 (LASS)@39E20 - DIGLETT Lv21
#34 (LASS)@39E23 - MUK Lv24, JYNX Lv24
#35 (LASS)@39E27 - VOLTORB Lv21, NIDORAN♂ Lv21
#36 (LASS)@39E2B - KINGLER Lv23, SEADRA Lv23
#37 (LASS)@39E2F - PIKACHU Lv20, NIDORAN♂ Lv20, POLIWRATH Lv20
#38 (LASS)@39E34 - VULPIX Lv27, SEADRA Lv27
#39 (LASS)@39E38 - VENOMOTH Lv27, MEOWTH Lv27
#40 (LASS)@39E3C - GOLEM Lv35, LICKITUNG Lv35
#41 (LASS)@39E40 - RAPIDASH Lv36, KAKUNA Lv36, SPEAROW Lv36
#42 (LASS)@39E45 - GOLEM Lv29, ONIX Lv29, VENUSAUR Lv29, GOLDEEN Lv29, MAGIKARP Lv29
#43 (LASS)@39E4C - ARCANINE Lv33, STARYU Lv33
#44 (LASS)@39E50 - EXEGGCUTE Lv35, PIDGEY Lv35
#45 (LASS)@39E54 - FARFETCH'D Lv35, NIDORINA Lv35
#46 (SAILOR)@39E58 - BEEDRILL Lv27, GYARADOS Lv27
#47 (SAILOR)@39E5C - ABRA Lv26, NIDORAN♀ Lv26
#48 (SAILOR)@39E60 - MAGMAR Lv32
#49 (SAILOR)@39E63 - PIDGEOTTO Lv26, ELECTABUZZ Lv26, ABRA Lv26
#50 (SAILOR)@39E68 - KRABBY Lv27, VILEPLUME Lv27
#51 (SAILOR)@39E6C - NIDORINO Lv26, PIDGEOT Lv26, ELECTABUZZ Lv26
#52 (SAILOR)@39E71 - TAUROS Lv30
#53 (SAILOR)@39E74 - CATERPIE Lv32, BLASTOISE Lv32
#54 (JR.TRAINER♂)@39E78 - ARBOK Lv17, FLAREON Lv17
#55 (JR.TRAINER♂)@39E7C - POLIWHIRL Lv21, MAGNEMITE Lv21
#56 (JR.TRAINER♂)@39E80 - DITTO Lv27
#57 (JR.TRAINER♂)@39E83 - POLIWHIRL Lv30
#58 (JR.TRAINER♂)@39E86 - ELECTRODE Lv24, VAPOREON Lv24
#59 (JR.TRAINER♂)@39E8A - JYNX Lv27, CUBONE Lv27, CUBONE Lv27
#60 (JR.TRAINER♂)@39E8F - MAGIKARP Lv32, MUK Lv32
#61 (JR.TRAINER♂)@39E93 - PARASECT Lv29, VILEPLUME Lv29, CATERPIE Lv29, GOLBAT Lv29
#62 (JR.TRAINER♂)@39E99 - CHARIZARD Lv44, SEAKING Lv44
#63 (JR.TRAINER♀)@39E9D - NINETALES Lv29
#64 (JR.TRAINER♀)@39EA0 - VILEPLUME Lv24, OMANYTE Lv24
#65 (JR.TRAINER♀)@39EA4 - SEEL Lv24, PERSIAN Lv24, SANDSHREW Lv24
#66 (JR.TRAINER♀)@39EA9 - PRIMEAPE Lv33
#67 (JR.TRAINER♀)@39EAC - FLAREON Lv27, GASTLY Lv27, RATTATA Lv27, VENONAT Lv27
#68 (JR.TRAINER♀)@39EB2 - RAPIDASH Lv35
#69 (JR.TRAINER♀)@39EB5 - STARYU Lv30, GLOOM Lv30
#70 (JR.TRAINER♀)@39EB9 - ARCANINE Lv32, RAICHU Lv32
#71 (JR.TRAINER♀)@39EBD - MACHAMP Lv32, FARFETCH'D Lv32, EXEGGCUTE Lv32
#72 (JR.TRAINER♀)@39EC2 - KADABRA Lv33, CLOYSTER Lv33
#73 (JR.TRAINER♀)@39EC6 - TENTACOOL Lv36, PARASECT Lv36
#74 (JR.TRAINER♀)@39ECA - ZUBAT Lv36, KABUTO Lv36, SANDSHREW Lv36, SLOWBRO Lv36, TAUROS Lv36
#75 (JR.TRAINER♀)@39ED1 - GYARADOS Lv45, GASTLY Lv45
#76 (JR.TRAINER♀)@39ED5 - NIDORINA Lv41, DROWZEE Lv41, MACHOP Lv41, KABUTO Lv41
#77 (JR.TRAINER♀)@39EDB - GROWLITHE Lv42, CLOYSTER Lv42, GOLDEEN Lv42
#78 (JR.TRAINER♀)@39EE0 - MACHOP Lv47, KANGASKHAN Lv47
#79 (JR.TRAINER♀)@39EE4 - PRIMEAPE Lv33, RHYDON Lv33
#80 (JR.TRAINER♀)@39EE8 - KRABBY Lv30, DRAGONAIR Lv30, ALAKAZAM Lv30
#81 (JR.TRAINER♀)@39EED - PIDGEOTTO Lv29, RAPIDASH Lv29, LICKITUNG Lv29, VENONAT Lv29
#82 (JR.TRAINER♀)@39EF3 - PORYGON Lv42, ELECTRODE Lv42, DUGTRIO Lv42
#83 (JR.TRAINER♀)@39EF8 - MAGNETON Lv44, MAROWAK Lv44
#84 (JR.TRAINER♀)@39EFC - PARAS Lv50
#85 (JR.TRAINER♀)@39EFF - GRIMER Lv44, KABUTOPS Lv44, PARASECT Lv44
#86 (JR.TRAINER♀)@39F04 - VULPIX Lv45, FLAREON Lv45, PORYGON Lv45
#87 (POKéMANIAC)@39F09 - MAGNETON Lv45, GENGAR Lv45
#88 (POKéMANIAC)@39F0D - DODUO Lv30, CUBONE Lv30
#89 (POKéMANIAC)@39F11 - SQUIRTLE Lv30, PERSIAN Lv30, SLOWBRO Lv30
#90 (POKéMANIAC)@39F16 - SEEL Lv33, ONIX Lv33
#91 (POKéMANIAC)@39F1A - VILEPLUME Lv38
#92 (POKéMANIAC)@39F1D - WARTORTLE Lv60, ARCANINE Lv60, KADABRA Lv60
#93 (POKéMANIAC)@39F22 - BLASTOISE Lv35, GOLDEEN Lv35
#94 (SUPER NERD)@39F26 - DROWZEE Lv17, ABRA Lv17
#95 (SUPER NERD)@39F2A - ARCANINE Lv18, DODUO Lv18, PARAS Lv18
#96 (SUPER NERD)@39F2F - GASTLY Lv30, MAGMAR Lv30, MR.MIME Lv30, VULPIX Lv30
#97 (SUPER NERD)@39F35 - SQUIRTLE Lv33, SQUIRTLE Lv33, KANGASKHAN Lv33
#98 (SUPER NERD)@39F3A - SEAKING Lv39
#99 (SUPER NERD)@39F3D - PIDGEY Lv33, NIDORAN♂ Lv33, CLEFABLE Lv33
#100 (SUPER NERD)@39F42 - VAPOREON Lv30, KAKUNA Lv30, KAKUNA Lv30, VAPOREON Lv30
#101 (SUPER NERD)@39F48 - MAGNETON Lv36, DRAGONITE Lv36
#102 (SUPER NERD)@39F4C - POLIWRATH Lv54, TAUROS Lv54, STARMIE Lv54
#103 (SUPER NERD)@39F51 - IVYSAUR Lv51, GRAVELER Lv51, SEAKING Lv51, HORSEA Lv51
#104 (SUPER NERD)@39F57 - WARTORTLE Lv62
#105 (SUPER NERD)@39F5A - KABUTOPS Lv56, CHARIZARD Lv56
#106 (HIKER)@39F5E - POLIWRATH Lv15, SLOWPOKE Lv15, ONIX Lv15
#107 (HIKER)@39F63 - KABUTO Lv23, ODDISH Lv23
#108 (HIKER)@39F67 - WIGGLYTUFF Lv20, VOLTORB Lv20, DROWZEE Lv20, KINGLER Lv20
#109 (HIKER)@39F6D - IVYSAUR Lv26
#110 (HIKER)@39F70 - CHARMELEON Lv32, JOLTEON Lv32
#111 (HIKER)@39F74 - GYARADOS Lv30, HITMONCHAN Lv30, PARASECT Lv30
#112 (HIKER)@39F79 - MAGIKARP Lv32, CHANSEY Lv32
#113 (HIKER)@39F7D - GLOOM Lv29, VENOMOTH Lv29
#114 (HIKER)@39F81 - CLOYSTER Lv32, NINETALES Lv32, ARCANINE Lv32
#115 (HIKER)@39F86 - GEODUDE Lv38
#116 (HIKER)@39F89 - PORYGON Lv30, DITTO Lv30
#117 (HIKER)@39F8D - GRIMER Lv29, PARASECT Lv29, SANDSHREW Lv29, KAKUNA Lv29
#118 (HIKER)@39F93 - RAICHU Lv30, JOLTEON Lv30, NIDOKING Lv30
#119 (HIKER)@39F98 - JOLTEON Lv32, BELLSPROUT Lv32
#120 (BIKER)@39F9C - SEEL Lv42, MAGNETON Lv42, RHYDON Lv42
#121 (BIKER)@39FA1 - CATERPIE Lv44, ALAKAZAM Lv44
#122 (BIKER)@39FA5 - KRABBY Lv38, ARCANINE Lv38, KRABBY Lv38, DODUO Lv38, EXEGGCUTE Lv38
#123 (BIKER)@39FAC - GOLDEEN Lv42, MAROWAK Lv42, KADABRA Lv42
#124 (BIKER)@39FB1 - CLOYSTER Lv44, PSYDUCK Lv44
#125 (BIKER)@39FB5 - EEVEE Lv50
#126 (BIKER)@39FB8 - OMASTAR Lv39, KABUTOPS Lv39, CLEFABLE Lv39, BELLSPROUT Lv39
#127 (BIKER)@39FBE - VILEPLUME Lv42, DODRIO Lv42, BELLSPROUT Lv42
#128 (BIKER)@39FC3 - IVYSAUR Lv50
#129 (BIKER)@39FC6 - KABUTO Lv44, GOLDUCK Lv44
#130 (BIKER)@39FCA - MAGIKARP Lv44, MACHOKE Lv44
#131 (BIKER)@39FCE - POLIWAG Lv38, PORYGON Lv38, PSYDUCK Lv38, DODUO Lv38, CHANSEY Lv38
#132 (BIKER)@39FD5 - PARAS Lv39, GROWLITHE Lv39, STARMIE Lv39, VICTREEBEL Lv39
#133 (BIKER)@39FDB - VILEPLUME Lv42, HORSEA Lv42, HAUNTER Lv42
#134 (BIKER)@39FE0 - DODRIO Lv44, BLASTOISE Lv44
#135 (BURGLAR)@39FE4 - NIDORAN♂ Lv44, LICKITUNG Lv44
#136 (BURGLAR)@39FE8 - ARBOK Lv50
#137 (BURGLAR)@39FEB - GRIMER Lv42, TENTACRUEL Lv42, ALAKAZAM Lv42
#138 (BURGLAR)@39FF0 - NIDOQUEEN Lv54, OMASTAR Lv54, MAGNEMITE Lv54
#139 (BURGLAR)@39FF5 - CHARMANDER Lv62
#140 (BURGLAR)@39FF8 - GLOOM Lv56, LICKITUNG Lv56
#141 (BURGLAR)@39FFC - CHANSEY Lv51, TENTACOOL Lv51
#142 (BURGLAR)@3A000 - EKANS Lv57
#143 (BURGLAR)@3A003 - TENTACRUEL Lv51, PIDGEOT Lv51
#144 (ENGINEER)@3A007 - DODRIO Lv32, HAUNTER Lv32
#145 (ENGINEER)@3A00B - GOLDEEN Lv32
#146 (ENGINEER)@3A00E - EXEGGUTOR Lv27, STARMIE Lv27, CHANSEY Lv27
#147 (FISHERMAN)@3A013 - PARASECT Lv26, CHARIZARD Lv26, DUGTRIO Lv26
#148 (FISHERMAN)@3A018 - ELECTABUZZ Lv26, STARMIE Lv26, WEEDLE Lv26
#149 (FISHERMAN)@3A01D - BLASTOISE Lv33, RATICATE Lv33, MANKEY Lv33
#150 (FISHERMAN)@3A022 - VULPIX Lv36, KRABBY Lv36
#151 (FISHERMAN)@3A026 - NIDORINO Lv41
#152 (FISHERMAN)@3A029 - SLOWBRO Lv32, VAPOREON Lv32, ARBOK Lv32, CHARIZARD Lv32
#153 (FISHERMAN)@3A02F - PINSIR Lv42, MAGNEMITE Lv42, EKANS Lv42, STARYU Lv42
#154 (FISHERMAN)@3A035 - TANGELA Lv47, OMASTAR Lv47
#155 (FISHERMAN)@3A039 - ODDISH Lv41, KABUTO Lv41, NINETALES Lv41, DRAGONAIR Lv41, NINETALES Lv41, LICKITUNG Lv41
#156 (FISHERMAN)@3A041 - VOLTORB Lv50, VENOMOTH Lv50
#157 (FISHERMAN)@3A045 - TAUROS Lv36, FARFETCH'D Lv36
#158 (SWIMMER)@3A049 - ODDISH Lv24, GOLDEEN Lv24
#159 (SWIMMER)@3A04D - TENTACOOL Lv45, WIGGLYTUFF Lv45
#160 (SWIMMER)@3A051 - JOLTEON Lv44, NIDORAN♀ Lv44, VAPOREON Lv44
#161 (SWIMMER)@3A056 - PARASECT Lv45, METAPOD Lv45
#162 (SWIMMER)@3A05A - CHARMELEON Lv41, TAUROS Lv41, HITMONCHAN Lv41, SLOWBRO Lv41
#163 (SWIMMER)@3A060 - GOLBAT Lv44, DEWGONG Lv44, FARFETCH'D Lv44
#164 (SWIMMER)@3A065 - GOLDUCK Lv45, MAROWAK Lv45
#165 (SWIMMER)@3A069 - CHARMELEON Lv41, POLIWAG Lv41, DODUO Lv41, PIDGEOTTO Lv41, MUK Lv41
#166 (SWIMMER)@3A070 - PIKACHU Lv47, GEODUDE Lv47
#167 (SWIMMER)@3A074 - SANDSHREW Lv53
#168 (SWIMMER)@3A077 - JYNX Lv42, ARBOK Lv42, EXEGGUTOR Lv42, WARTORTLE Lv42
#169 (SWIMMER)@3A07D - DODUO Lv50, ALAKAZAM Lv50
#170 (SWIMMER)@3A081 - GOLDUCK Lv56
#171 (SWIMMER)@3A084 - HORSEA Lv50, LAPRAS Lv50
#172 (SWIMMER)@3A088 - FARFETCH'D Lv48, DUGTRIO Lv48, LAPRAS Lv48
#173 (CUE BALL)@3A08D - AERODACTYL Lv42, DROWZEE Lv42, POLIWRATH Lv42
#174 (CUE BALL)@3A092 - GOLEM Lv44, SCYTHER Lv44
#175 (CUE BALL)@3A096 - GOLDEEN Lv50
#176 (CUE BALL)@3A099 - VULPIX Lv44, TENTACRUEL Lv44
#177 (CUE BALL)@3A09D - EEVEE Lv44, NIDORINO Lv44
#178 (CUE BALL)@3A0A1 - SEEL Lv50
#179 (CUE BALL)@3A0A4 - CHANSEY Lv39, FEAROW Lv39, FEAROW Lv39, SEADRA Lv39
#180 (CUE BALL)@3A0AA - FLAREON Lv44, ELECTABUZZ Lv44
#181 (CUE BALL)@3A0AE - SLOWBRO Lv47, HITMONCHAN Lv47, RAPIDASH Lv47
#182 (GAMBLER)@3A0B3 - CHARMANDER Lv27, GRAVELER Lv27
#183 (GAMBLER)@3A0B7 - PERSIAN Lv27, BLASTOISE Lv27
#184 (GAMBLER)@3A0BB - RATTATA Lv27, CLOYSTER Lv27
#185 (GAMBLER)@3A0BF - LAPRAS Lv27, KRABBY Lv27
#186 (GAMBLER)@3A0C3 - GOLBAT Lv33, CHANSEY Lv33, OMASTAR Lv33
#187 (GAMBLER)@3A0C8 - PERSIAN Lv33, SLOWPOKE Lv33, VILEPLUME Lv33
#188 (GAMBLER)@3A0CD - TAUROS Lv36, RATTATA Lv36
#189 (BEAUTY)@3A0D1 - TENTACOOL Lv32, WEEZING Lv32, TANGELA Lv32, DODRIO Lv32
#190 (BEAUTY)@3A0D7 - DEWGONG Lv36, MAROWAK Lv36
#191 (BEAUTY)@3A0DB - FARFETCH'D Lv39
#192 (BEAUTY)@3A0DE - PARASECT Lv41, NIDOQUEEN Lv41, SNORLAX Lv41
#193 (BEAUTY)@3A0E3 - HYPNO Lv44, EKANS Lv44
#194 (BEAUTY)@3A0E7 - PARAS Lv53
#195 (BEAUTY)@3A0EA - SEADRA Lv45, HITMONLEE Lv45, MACHAMP Lv45
#196 (BEAUTY)@3A0EF - JYNX Lv47, DODRIO Lv47
#197 (BEAUTY)@3A0F3 - IVYSAUR Lv44, WIGGLYTUFF Lv44
#198 (BEAUTY)@3A0F7 - OMANYTE Lv44, GENGAR Lv44
#199 (BEAUTY)@3A0FB - NIDORINA Lv50, NINETALES Lv50, WEEZING Lv50
#200 (BEAUTY)@3A100 - ARBOK Lv41, GEODUDE Lv41, PONYTA Lv41, ELECTRODE Lv41, WEEDLE Lv41
#201 (BEAUTY)@3A107 - DRATINI Lv45, POLIWHIRL Lv45
#202 (BEAUTY)@3A10B - PERSIAN Lv44, RATTATA Lv44, CLOYSTER Lv44
#203 (BEAUTY)@3A110 - EXEGGCUTE Lv45, ARBOK Lv45, IVYSAUR Lv45
#204 (PSYCHIC)@3A115 - PONYTA Lv47, GASTLY Lv47, NIDORINA Lv47, MR.MIME Lv47
#205 (PSYCHIC)@3A11B - SEAKING Lv51, CHARMELEON Lv51
#206 (PSYCHIC)@3A11F - RAICHU Lv50, WEEZING Lv50, GRIMER Lv50
#207 (PSYCHIC)@3A124 - GOLBAT Lv57
#208 (ROCKER)@3A127 - SHELLDER Lv30, KABUTOPS Lv30, MR.MIME Lv30
#209 (ROCKER)@3A12C - DUGTRIO Lv44, NIDORINA Lv44
#210 (JUGGLER)@3A130 - HITMONLEE Lv44, CHARMANDER Lv44
#211 (JUGGLER)@3A134 - NIDORAN♂ Lv62, HITMONCHAN Lv62, KINGLER Lv62, KINGLER Lv62
#212 (JUGGLER)@3A13A - CHARIZARD Lv47, SANDSLASH Lv47, NINETALES Lv47, POLIWHIRL Lv47
#213 (JUGGLER)@3A140 - DEWGONG Lv51, MACHOKE Lv51
#214 (JUGGLER)@3A144 - GRAVELER Lv72
#215 (JUGGLER)@3A147 - CHARIZARD Lv50
#216 (JUGGLER)@3A14A - OMASTAR Lv57
#217 (JUGGLER)@3A14D - SCYTHER Lv51, METAPOD Lv51
#218 (TAMER)@3A151 - VICTREEBEL Lv51, PINSIR Lv51
#219 (TAMER)@3A155 - GOLDUCK Lv50, BUTTERFREE Lv50, PIKACHU Lv50
#220 (TAMER)@3A15A - PORYGON Lv65
#221 (TAMER)@3A15D - KANGASKHAN Lv59, PIDGEOTTO Lv59
#222 (TAMER)@3A161 - NIDORINO Lv66, VAPOREON Lv66
#223 (TAMER)@3A165 - GASTLY Lv63, VICTREEBEL Lv63, DIGLETT Lv63, DRAGONITE Lv63
#224 (BIRD KEEPER)@3A16B - EXEGGCUTE Lv44, FLAREON Lv44
#225 (BIRD KEEPER)@3A16F - HORSEA Lv38, EKANS Lv38, VICTREEBEL Lv38, HYPNO Lv38, ELECTABUZZ Lv38
#226 (BIRD KEEPER)@3A176 - KINGLER Lv39, TAUROS Lv39, MACHOP Lv39, PONYTA Lv39
#227 (BIRD KEEPER)@3A17C - MACHOP Lv50
#228 (BIRD KEEPER)@3A17F - SCYTHER Lv44, DRATINI Lv44
#229 (BIRD KEEPER)@3A183 - GLOOM Lv39, MACHAMP Lv39, VENUSAUR Lv39, PINSIR Lv39
#230 (BIRD KEEPER)@3A189 - ONIX Lv42, BUTTERFREE Lv42, GEODUDE Lv42
#231 (BIRD KEEPER)@3A18E - EEVEE Lv44, DODUO Lv44
#232 (BIRD KEEPER)@3A192 - VAPOREON Lv51
#233 (BIRD KEEPER)@3A195 - VENUSAUR Lv39, MEOWTH Lv39, STARMIE Lv39, HORSEA Lv39
#234 (BIRD KEEPER)@3A19B - ALAKAZAM Lv45, GOLBAT Lv45, FEAROW Lv45
#235 (BIRD KEEPER)@3A1A0 - PRIMEAPE Lv59, LAPRAS Lv59, RAPIDASH Lv59, KRABBY Lv59
#236 (BIRD KEEPER)@3A1A6 - MAGNEMITE Lv63, VULPIX Lv63
#237 (BIRD KEEPER)@3A1AA - STARYU Lv42, GEODUDE Lv42, POLIWRATH Lv42
#238 (BIRD KEEPER)@3A1AF - DRAGONITE Lv39, ZUBAT Lv39, RATICATE Lv39, TENTACRUEL Lv39
#239 (BIRD KEEPER)@3A1B5 - CLEFABLE Lv44, WEEPINBELL Lv44
#240 (BIRD KEEPER)@3A1B9 - BUTTERFREE Lv42, DUGTRIO Lv42, CLOYSTER Lv42
#241 (BLACKBELT)@3A1BE - STARMIE Lv56, VILEPLUME Lv56
#242 (BLACKBELT)@3A1C2 - HAUNTER Lv47, KINGLER Lv47, DITTO Lv47
#243 (BLACKBELT)@3A1C7 - DRAGONAIR Lv48, RATTATA Lv48
#244 (BLACKBELT)@3A1CB - JOLTEON Lv54
#245 (BLACKBELT)@3A1CE - SPEAROW Lv47, POLIWAG Lv47, GASTLY Lv47
#246 (BLACKBELT)@3A1D3 - NIDORAN♂ Lv60, PIDGEOTTO Lv60
#247 (BLACKBELT)@3A1D7 - BELLSPROUT Lv65
#248 (BLACKBELT)@3A1DA - DITTO Lv57, SANDSHREW Lv57, CLEFABLE Lv57
#249 (BLACKBELT)@3A1DF - CLOYSTER Lv65, KAKUNA Lv65, VICTREEBEL Lv65
#250 (RIVAL1)@3A1E4 - SQUIRTLE Lv8
#251 (RIVAL1)@3A1E7 - BULBASAUR Lv8
#252 (RIVAL1)@3A1EA - CHARMANDER Lv8
#253 (RIVAL1)@3A1ED - SQUIRTLE Lv14, SEAKING Lv12
#254 (RIVAL1)@3A1F3 - BULBASAUR Lv14, FLAREON Lv12
#255 (RIVAL1)@3A1F9 - CHARMANDER Lv14, KRABBY Lv12
#256 (RIVAL1)@3A1FF - PERSIAN Lv27, FLAREON Lv23, MANKEY Lv23, WARTORTLE Lv26
#257 (RIVAL1)@3A209 - RATTATA Lv27, PIDGEOT Lv23, PONYTA Lv23, IVYSAUR Lv26
#258 (RIVAL1)@3A213 - BELLSPROUT Lv27, DRAGONITE Lv23, GRAVELER Lv23, CHARMELEON Lv26
#259 (PROF.OAK)@3A21D - MANKEY Lv99, JYNX Lv100, ZUBAT Lv100, GYARADOS Lv100, ODDISH Lv100
#260 (PROF.OAK)@3A229 - IVYSAUR Lv99, PERSIAN Lv100, DUGTRIO Lv100, MAGMAR Lv100, GOLBAT Lv100
#261 (PROF.OAK)@3A235 - RHYDON Lv99, GROWLITHE Lv100, BUTTERFREE Lv100, RATICATE Lv100, RHYHORN Lv100
#262 (SCIENTIST)@3A241 - LAPRAS Lv51, HITMONCHAN Lv51
#263 (SCIENTIST)@3A245 - VULPIX Lv39, RHYDON Lv39, PINSIR Lv39, GEODUDE Lv39
#264 (SCIENTIST)@3A24B - GRAVELER Lv42, EEVEE Lv42, DROWZEE Lv42
#265 (SCIENTIST)@3A250 - ODDISH Lv44, BEEDRILL Lv44
#266 (SCIENTIST)@3A254 - SLOWBRO Lv50
#267 (SCIENTIST)@3A257 - GASTLY Lv39, HITMONCHAN Lv39, VICTREEBEL Lv39, KABUTO Lv39
#268 (SCIENTIST)@3A25D - VENONAT Lv38, BULBASAUR Lv38, PIKACHU Lv38, MACHOP Lv38, GROWLITHE Lv38
#269 (SCIENTIST)@3A264 - JOLTEON Lv44, NIDORAN♀ Lv44
#270 (SCIENTIST)@3A268 - VENUSAUR Lv44, TAUROS Lv44
#271 (SCIENTIST)@3A26C - SQUIRTLE Lv42, PONYTA Lv42, ONIX Lv42
#272 (SCIENTIST)@3A271 - SANDSLASH Lv44, VENONAT Lv44
#273 (SCIENTIST)@3A275 - RATICATE Lv50, MAGNETON Lv50, NIDORAN♀ Lv50
#274 (SCIENTIST)@3A27A - SPEAROW Lv51, GASTLY Lv51
#275 (GIOVANNI)@3A27E - CATERPIE Lv38, FARFETCH'D Lv36, CHANSEY Lv44
#276 (GIOVANNI)@3A286 - DRAGONAIR Lv56, SEEL Lv53, GOLDEEN Lv56, CUBONE Lv62
#277 (GIOVANNI)@3A290 - VENUSAUR Lv68, ARBOK Lv63, WEEDLE Lv66, CHANSEY Lv68, SNORLAX Lv75
#278 (ROCKET)@3A29C - MR.MIME Lv20, RHYHORN Lv20
#279 (ROCKET)@3A2A0 - MAROWAK Lv17, TAUROS Lv17, DIGLETT Lv17
#280 (ROCKET)@3A2A5 - NIDOKING Lv18, BUTTERFREE Lv18
#281 (ROCKET)@3A2A9 - ABRA Lv24
#282 (ROCKET)@3A2AC - TENTACOOL Lv26, STARMIE Lv26
#283 (ROCKET)@3A2B0 - WEEDLE Lv23, VENUSAUR Lv23
#284 (ROCKET)@3A2B4 - DRATINI Lv30, DITTO Lv30
#285 (ROCKET)@3A2B8 - OMASTAR Lv32, SLOWPOKE Lv32
#286 (ROCKET)@3A2BC - KINGLER Lv32, PIDGEOT Lv32
#287 (ROCKET)@3A2C0 - GENGAR Lv30, TENTACRUEL Lv30, STARMIE Lv30
#288 (ROCKET)@3A2C5 - EEVEE Lv29, DROWZEE Lv29, ELECTABUZZ Lv29, DRAGONAIR Lv29
#289 (ROCKET)@3A2CB - EXEGGUTOR Lv33, DUGTRIO Lv33
#290 (ROCKET)@3A2CF - CATERPIE Lv26, ABRA Lv26, LICKITUNG Lv26, MUK Lv26, WEEZING Lv26
#291 (ROCKET)@3A2D6 - SHELLDER Lv30, NIDOKING Lv30, DRAGONITE Lv30
#292 (ROCKET)@3A2DB - KINGLER Lv32, ONIX Lv32
#293 (ROCKET)@3A2DF - BLASTOISE Lv35, STARYU Lv35, PORYGON Lv35
#294 (ROCKET)@3A2E4 - NIDORINO Lv35, HITMONLEE Lv35, DODUO Lv35
#295 (ROCKET)@3A2E9 - GASTLY Lv32, DUGTRIO Lv32
#296 (ROCKET)@3A2ED - HORSEA Lv38, NIDOKING Lv38, EXEGGUTOR Lv38
#297 (ROCKET)@3A2F2 - SQUIRTLE Lv39, MANKEY Lv39
#298 (ROCKET)@3A2F6 - GOLDUCK Lv35, DODRIO Lv35, METAPOD Lv35, MACHOKE Lv35
#299 (ROCKET)@3A2FC - GASTLY Lv39, GOLDEEN Lv39
#300 (ROCKET)@3A300 - MACHOP Lv44, HAUNTER Lv44
#301 (ROCKET)@3A304 - PIDGEOT Lv38, RATTATA Lv38, POLIWAG Lv38, RATTATA Lv38, OMANYTE Lv38
#302 (ROCKET)@3A30B - AERODACTYL Lv42, GOLDEEN Lv42, DUGTRIO Lv42
#303 (ROCKET)@3A310 - DITTO Lv44, PONYTA Lv44
#304 (ROCKET)@3A314 - MUK Lv42, MUK Lv42, MEOWTH Lv42
#305 (ROCKET)@3A319 - MACHAMP Lv50
#306 (ROCKET)@3A31C - DRATINI Lv50
#307 (ROCKET)@3A31F - CUBONE Lv44, SLOWBRO Lv44
#308 (ROCKET)@3A323 - AERODACTYL Lv42, HYPNO Lv42, FLAREON Lv42
#309 (ROCKET)@3A328 - SQUIRTLE Lv39, DRATINI Lv39, NIDORINO Lv39, NIDORAN♀ Lv39
#310 (ROCKET)@3A32E - WIGGLYTUFF Lv44, DUGTRIO Lv44
#311 (ROCKET)@3A332 - WEEZING Lv44, ODDISH Lv44
#312 (ROCKET)@3A336 - ARCANINE Lv39, SANDSHREW Lv39, DEWGONG Lv39, MACHOP Lv39
#313 (ROCKET)@3A33C - BUTTERFREE Lv42, ODDISH Lv42, STARYU Lv42
#314 (ROCKET)@3A341 - POLIWHIRL Lv42, RHYDON Lv42, KABUTOPS Lv42
#315 (ROCKET)@3A346 - NIDOKING Lv42, GYARADOS Lv42, RATICATE Lv42
#316 (ROCKET)@3A34B - PIDGEOT Lv50
#317 (ROCKET)@3A34E - PARAS Lv38, KABUTOPS Lv38, DIGLETT Lv38, ZUBAT Lv38, POLIWHIRL Lv38
#318 (ROCKET)@3A355 - NIDORAN♀ Lv48, VILEPLUME Lv48, GOLDUCK Lv48
#319 (COOLTRAINER♂)@3A35A - CLOYSTER Lv59, TANGELA Lv59
#320 (COOLTRAINER♂)@3A35E - MUK Lv65, GENGAR Lv65, NIDORINA Lv65
#321 (COOLTRAINER♂)@3A363 - PINSIR Lv65, PIDGEOTTO Lv65, VOLTORB Lv65
#322 (COOLTRAINER♂)@3A368 - ALAKAZAM Lv68, ONIX Lv68
#323 (COOLTRAINER♂)@3A36C - JOLTEON Lv63, DRAGONITE Lv63, WEEZING Lv63, EXEGGUTOR Lv63
#324 (COOLTRAINER♂)@3A372 - SLOWPOKE Lv66, CATERPIE Lv66, ZUBAT Lv66
#325 (COOLTRAINER♂)@3A377 - SLOWBRO Lv74
#326 (COOLTRAINER♂)@3A37A - DIGLETT Lv66, CHANSEY Lv66
#327 (COOLTRAINER♂)@3A37E - KADABRA Lv59, SEAKING Lv59
#328 (COOLTRAINER♂)@3A382 - AERODACTYL Lv65
#329 (COOLTRAINER♀)@3A385 - WARTORTLE Lv36, BELLSPROUT Lv36, OMANYTE Lv36
#330 (COOLTRAINER♀)@3A38A - GROWLITHE Lv65, SANDSHREW Lv65, GOLDUCK Lv65
#331 (COOLTRAINER♀)@3A38F - RATICATE Lv65, DEWGONG Lv65, JYNX Lv65
#332 (COOLTRAINER♀)@3A394 - SCYTHER Lv69, VENONAT Lv69
#333 (COOLTRAINER♀)@3A398 - GOLBAT Lv66, BUTTERFREE Lv66
#334 (COOLTRAINER♀)@3A39C - ELECTABUZZ Lv68, KANGASKHAN Lv68
#335 (COOLTRAINER♀)@3A3A0 - RHYHORN Lv68, HORSEA Lv68
#336 (COOLTRAINER♀)@3A3A4 - LAPRAS Lv65, SEEL Lv65, POLIWRATH Lv65
#337 (BRUNO)@3A3A9 - TENTACOOL Lv80, TAUROS Lv83, PINSIR Lv83, STARYU Lv84, NIDORINA Lv87
#338 (BROCK)@3A3B5 - DRAGONAIR Lv18, BUTTERFREE Lv21
#339 (MISTY)@3A3BB - GRAVELER Lv27, FARFETCH'D Lv32
#340 (LT.SURGE)@3A3C1 - RAPIDASH Lv32, DRAGONAIR Lv27, RHYHORN Lv36
#341 (ERIKA)@3A3C9 - NIDORAN♂ Lv44, PONYTA Lv36, MAGNEMITE Lv44
#342 (KOGA)@3A3D1 - RHYHORN Lv56, OMASTAR Lv59, WEEZING Lv56, PRIMEAPE Lv65
#343 (BLAINE)@3A3DB - KRABBY Lv63, DEWGONG Lv60, DODRIO Lv63, KANGASKHAN Lv71
#344 (SABRINA)@3A3E5 - SLOWPOKE Lv57, CLOYSTER Lv56, ODDISH Lv57, SLOWPOKE Lv65
#345 (GENTLEMAN)@3A3EF - VAPOREON Lv27, SANDSLASH Lv27
#346 (GENTLEMAN)@3A3F3 - OMASTAR Lv29, POLIWRATH Lv29
#347 (GENTLEMAN)@3A3F7 - VOLTORB Lv35
#348 (GENTLEMAN)@3A3FA - DROWZEE Lv72
#349 (GENTLEMAN)@3A3FD - SHELLDER Lv26, MAGIKARP Lv26
#350 (RIVAL2)@3A401 - FARFETCH'D Lv29, ELECTRODE Lv24, PRIMEAPE Lv27, WARTORTLE Lv30
#351 (RIVAL2)@3A40B - GASTLY Lv29, RHYDON Lv24, PIDGEOTTO Lv27, IVYSAUR Lv30
#352 (RIVAL2)@3A415 - KOFFING Lv29, CLEFABLE Lv24, FLAREON Lv27, CHARMELEON Lv30
#353 (RIVAL2)@3A41F - RHYHORN Lv38, GOLDUCK Lv35, MUK Lv33, STARYU Lv30, BLASTOISE Lv38
#354 (RIVAL2)@3A42B - HORSEA Lv38, NIDORINA Lv35, VICTREEBEL Lv33, MANKEY Lv30, VENUSAUR Lv38
#355 (RIVAL2)@3A437 - RHYDON Lv38, SQUIRTLE Lv35, STARYU Lv33, MR.MIME Lv30, CHARIZARD Lv38
#356 (RIVAL2)@3A443 - TAUROS Lv56, JYNX Lv57, SHELLDER Lv53, SEAKING Lv53, BLASTOISE Lv60
#357 (RIVAL2)@3A44F - VENOMOTH Lv56, CLEFABLE Lv57, DUGTRIO Lv53, DRAGONITE Lv53, VENUSAUR Lv60
#358 (RIVAL2)@3A45B - BELLSPROUT Lv56, RATTATA Lv57, RAPIDASH Lv53, KINGLER Lv53, CHARIZARD Lv60
#359 (RIVAL2)@3A467 - DRATINI Lv71, HITMONLEE Lv68, NIDORINO Lv68, BUTTERFREE Lv71, MACHOKE Lv75, BLASTOISE Lv80
#360 (RIVAL2)@3A475 - DRAGONAIR Lv71, KABUTO Lv68, RATTATA Lv68, CATERPIE Lv71, DROWZEE Lv75, VENUSAUR Lv80
#361 (RIVAL2)@3A483 - TAUROS Lv71, WIGGLYTUFF Lv68, DUGTRIO Lv68, KADABRA Lv71, ONIX Lv75, CHARIZARD Lv80
#362 (RIVAL3)@3A491 - PSYDUCK Lv92, SLOWPOKE Lv89, MACHOP Lv92, VICTREEBEL Lv92, SLOWBRO Lv95, BLASTOISE Lv98
#363 (RIVAL3)@3A49F - TAUROS Lv92, VICTREEBEL Lv89, JYNX Lv92, MAGNETON Lv92, JOLTEON Lv95, VENUSAUR Lv98
#364 (RIVAL3)@3A4AD - SHELLDER Lv92, GENGAR Lv89, ALAKAZAM Lv92, RAICHU Lv92, PRIMEAPE Lv95, CHARIZARD Lv98
#365 (LORELEI)@3A4BB - PIDGEY Lv81, BUTTERFREE Lv80, NIDORINO Lv81, VENUSAUR Lv84, NIDOKING Lv84
#366 (CHANNELER)@3A4C7 - GEODUDE Lv33
#367 (CHANNELER)@3A4CA - NIDOKING Lv36
#368 (CHANNELER)@3A4CD - HAUNTER Lv35, VICTREEBEL Lv35
#369 (CHANNELER)@3A4D1 - KABUTO Lv36
#370 (CHANNELER)@3A4D4 - EXEGGUTOR Lv35
#371 (CHANNELER)@3A4D7 - SLOWBRO Lv36
#372 (CHANNELER)@3A4DA - MEOWTH Lv36
#373 (CHANNELER)@3A4DD - METAPOD Lv33
#374 (CHANNELER)@3A4E0 - TENTACRUEL Lv36
#375 (CHANNELER)@3A4E3 - CLOYSTER Lv35, MEOWTH Lv35
#376 (CHANNELER)@3A4E7 - VENUSAUR Lv36
#377 (CHANNELER)@3A4EA - DEWGONG Lv33
#378 (CHANNELER)@3A4ED - PINSIR Lv36
#379 (CHANNELER)@3A4F0 - PORYGON Lv35
#380 (CHANNELER)@3A4F3 - VENOMOTH Lv36
#381 (CHANNELER)@3A4F6 - WEEPINBELL Lv33
#382 (CHANNELER)@3A4F9 - TENTACRUEL Lv36
#383 (CHANNELER)@3A4FC - GEODUDE Lv33
#384 (CHANNELER)@3A4FF - STARYU Lv33, CLEFABLE Lv33, KINGLER Lv33
#385 (CHANNELER)@3A504 - PARAS Lv36
#386 (CHANNELER)@3A507 - STARMIE Lv36
#387 (CHANNELER)@3A50A - SEEL Lv51, ARCANINE Lv51
#388 (CHANNELER)@3A50E - MAGNEMITE Lv57
#389 (CHANNELER)@3A511 - RATTATA Lv50, HITMONCHAN Lv50, FLAREON Lv50
#390 (AGATHA)@3A516 - EXEGGCUTE Lv84, CHARMANDER Lv84, KAKUNA Lv83, CHARIZARD Lv87, NIDOKING Lv90
#391 (LANCE)@3A522 - MACHAMP Lv87, MAROWAK Lv84, SHELLDER Lv84, DODUO Lv90, KANGASKHAN Lv93

Static Pokemon: Unchanged.

--Wild Pokemon--
Set #1 - Grass/Cave on ROUTE 1 (rate=25) - POLIWHIRL Lv3, WIGGLYTUFF Lv3, VAPOREON Lv3, PIKACHU Lv2, OMASTAR Lv2, MR.MIME Lv3, VICTREEBEL Lv3, DUGTRIO Lv4, VILEPLUME Lv4, ZAPDOS Lv5
Set #2 - Grass/Cave on ROUTE 2 (rate=25) - KOFFING Lv3, SLOWBRO Lv3, NIDORAN♂ Lv4, PSYDUCK Lv4, DEWGONG Lv5, ABRA Lv3, MACHOKE Lv2, VAPOREON Lv5, POLIWRATH Lv4, NIDORINO Lv5
Set #3 - Grass/Cave on ROUTE 3 (rate=20) - BULBASAUR Lv6, MACHOP Lv5, FLAREON Lv7, GRIMER Lv6, EKANS Lv7, CHANSEY Lv8, LAPRAS Lv8, KINGLER Lv3, CHARIZARD Lv5, SEEL Lv7
Set #4 - Grass/Cave on ROUTE 4 (rate=20) - BUTTERFREE Lv10, MUK Lv10, GOLDEEN Lv8, DRAGONAIR Lv6, CHARMELEON Lv8, HITMONCHAN Lv10, WEEDLE Lv12, SCYTHER Lv12, MAGNEMITE Lv8, DRATINI Lv12
Set #5 - Grass/Cave on ROUTE 5 (rate=15) - CATERPIE Lv13, GOLEM Lv13, DROWZEE Lv15, VENOMOTH Lv10, POLIWAG Lv12, TAUROS Lv15, ZAPDOS Lv16, TANGELA Lv16, SNORLAX Lv14, PERSIAN Lv16
Set #6 - Grass/Cave on ROUTE 6 (rate=15) - PIDGEOT Lv13, GOLBAT Lv13, RATTATA Lv15, KOFFING Lv10, BLASTOISE Lv12, SNORLAX Lv15, ONIX Lv16, PIKACHU Lv16, PERSIAN Lv14, PRIMEAPE Lv16
Set #7 - Grass/Cave on ROUTE 7 (rate=15) - KAKUNA Lv19, METAPOD Lv19, MAGIKARP Lv17, GOLDUCK Lv22, WEEPINBELL Lv22, TAUROS Lv18, EXEGGUTOR Lv18, EKANS Lv20, GLOOM Lv19, VENOMOTH Lv20
Set #8 - Grass/Cave on ROUTE 8 (rate=15) - NIDOKING Lv18, WEEPINBELL Lv18, STARMIE Lv17, SQUIRTLE Lv16, JOLTEON Lv20, EXEGGUTOR Lv20, ALAKAZAM Lv19, EXEGGCUTE Lv17, SEAKING Lv15, GYARADOS Lv18
Set #9 - Grass/Cave on ROUTE 9 (rate=15) - ELECTABUZZ Lv16, DRATINI Lv16, CHARIZARD Lv14, GEODUDE Lv11, NIDOQUEEN Lv13, RHYHORN Lv15, GYARADOS Lv17, SEAKING Lv17, STARYU Lv13, RATTATA Lv17
Set #10 - Grass/Cave on ROUTE 10 (rate=15) - SEADRA Lv16, SANDSLASH Lv16, CLEFABLE Lv14, SPEAROW Lv11, MOLTRES Lv13, PARASECT Lv15, TANGELA Lv17, PINSIR Lv17, METAPOD Lv13, GOLBAT Lv17
Set #11 - Grass/Cave on ROUTE 11 (rate=15) - ABRA Lv14, GRIMER Lv15, TANGELA Lv12, NIDOKING Lv9, MACHAMP Lv13, CUBONE Lv13, MAGNETON Lv15, ARTICUNO Lv17, VENUSAUR Lv11, HAUNTER Lv15
Set #12 - Grass/Cave on ROUTE 12 (rate=15) - SANDSHREW Lv24, PIKACHU Lv25, KRABBY Lv23, DITTO Lv24, CHARMANDER Lv22, ARCANINE Lv26, SEADRA Lv26, STARYU Lv27, MAGNETON Lv28, GASTLY Lv30
Set #13 - Grass/Cave on ROUTE 13 (rate=20) - RATICATE Lv24, KABUTO Lv25, JYNX Lv27, CLEFABLE Lv24, KABUTOPS Lv22, DODUO Lv26, MAGMAR Lv26, MANKEY Lv25, PARASECT Lv28, IVYSAUR Lv30
Set #14 - Grass/Cave on ROUTE 14 (rate=15) - AERODACTYL Lv24, MAROWAK Lv26, GROWLITHE Lv23, RAICHU Lv24, ARTICUNO Lv22, TENTACRUEL Lv26, BEEDRILL Lv26, VENONAT Lv30, RHYHORN Lv28, WARTORTLE Lv30
Set #15 - Grass/Cave on ROUTE 15 (rate=15) - VOLTORB Lv24, METAPOD Lv26, NINETALES Lv23, HAUNTER Lv26, NIDORAN♀ Lv22, GOLBAT Lv28, WIGGLYTUFF Lv26, MOLTRES Lv30, CUBONE Lv28, HORSEA Lv30
Set #16 - Grass/Cave on ROUTE 16 (rate=25) - NIDORAN♀ Lv20, STARMIE Lv22, ONIX Lv18, JOLTEON Lv20, EEVEE Lv20, TENTACOOL Lv18, VAPOREON Lv22, GROWLITHE Lv22, CHANSEY Lv23, JIGGLYPUFF Lv25
Set #17 - Grass/Cave on ROUTE 17 (rate=25) - BLASTOISE Lv20, MAGIKARP Lv22, PINSIR Lv25, ELECTRODE Lv24, KADABRA Lv27, LICKITUNG Lv26, MEOWTH Lv28, OMASTAR Lv29, MEWTWO Lv25, OMANYTE Lv27
Set #18 - Grass/Cave on ROUTE 18 (rate=25) - VICTREEBEL Lv20, BELLSPROUT Lv22, ELECTABUZZ Lv25, MOLTRES Lv24, CHARIZARD Lv25, RAPIDASH Lv26, CATERPIE Lv28, KABUTOPS Lv29, BULBASAUR Lv27, RATICATE Lv29
Set #19 - Surfing on SEA ROUTE 19, SEA ROUTE 20 (rate=5) - STARMIE Lv5, AERODACTYL Lv10, SLOWBRO Lv15, ARBOK Lv5, TAUROS Lv10, GOLDEEN Lv15, NIDORINO Lv20, STARYU Lv30, HORSEA Lv35, ELECTABUZZ Lv40
Set #20 - Grass/Cave on SEA ROUTE 21 (rate=25) - ODDISH Lv21, NIDORINA Lv23, ALAKAZAM Lv30, RHYDON Lv23, RATICATE Lv21, ARTICUNO Lv30, EXEGGUTOR Lv32, PIDGEOT Lv28, MACHAMP Lv30, MEOWTH Lv32
Set #21 - Surfing on SEA ROUTE 21 (rate=5) - PARASECT Lv5, PINSIR Lv10, PERSIAN Lv15, DRAGONAIR Lv5, ARBOK Lv10, POLIWRATH Lv15, CLEFABLE Lv20, ALAKAZAM Lv30, SLOWBRO Lv35, KINGLER Lv40
Set #22 - Grass/Cave on ROUTE 22 (rate=25) - TENTACOOL Lv3, CLOYSTER Lv3, FARFETCH'D Lv4, HYPNO Lv4, GRAVELER Lv2, SLOWBRO Lv2, VILEPLUME Lv3, LAPRAS Lv5, WEEDLE Lv3, PSYDUCK Lv4
Set #23 - Grass/Cave on ROUTE 23 (rate=10) - NIDORINA Lv26, EXEGGCUTE Lv33, GASTLY Lv26, GOLEM Lv38, GOLDUCK Lv38, OMANYTE Lv38, CHARMELEON Lv41, MUK Lv43, KANGASKHAN Lv41, ZUBAT Lv43
Set #24 - Grass/Cave on ROUTE 24 (rate=25) - KINGLER Lv7, LAPRAS Lv8, WEEDLE Lv12, MAGNETON Lv12, CLOYSTER Lv13, GRIMER Lv10, CHARIZARD Lv14, ONIX Lv13, NIDOKING Lv8, WARTORTLE Lv12
Set #25 - Grass/Cave on ROUTE 25 (rate=15) - WEEZING Lv8, PIDGEOT Lv9, DIGLETT Lv13, GENGAR Lv12, NIDOQUEEN Lv13, POLIWHIRL Lv12, PARAS Lv14, DRAGONITE Lv10, RAPIDASH Lv7, ODDISH Lv8
Set #26 - Grass/Cave on VIRIDIAN FOREST (1) (rate=8) - BELLSPROUT Lv4, MEWTWO Lv5, GENGAR Lv3, SLOWPOKE Lv5, MAGNEMITE Lv4, KABUTO Lv6, KANGASKHAN Lv4, FLAREON Lv3, VULPIX Lv3, OMANYTE Lv5
Set #27 - Grass/Cave on MT.MOON (1) (rate=10) - NIDORAN♂ Lv8, DRAGONITE Lv7, HITMONLEE Lv9, SANDSLASH Lv8, DROWZEE Lv6, FLAREON Lv10, JOLTEON Lv10, STARMIE Lv8, SCYTHER Lv11, GYARADOS Lv8
Set #28 - Grass/Cave on MT.MOON (2) (rate=10) - EKANS Lv8, POLIWAG Lv7, MEWTWO Lv7, IVYSAUR Lv8, MANKEY Lv9, GOLDUCK Lv10, ABRA Lv10, DITTO Lv11, KOFFING Lv9, DRAGONITE Lv9
Set #29 - Grass/Cave on MT.MOON (3) (rate=10) - EXEGGCUTE Lv9, ZAPDOS Lv9, PIDGEOTTO Lv10, PIDGEOT Lv10, GRAVELER Lv11, DEWGONG Lv10, WARTORTLE Lv12, HYPNO Lv10, RHYDON Lv12, FEAROW Lv12
Set #30 - Grass/Cave on ROCK TUNNEL (2) (rate=15) - MAGIKARP Lv16, BUTTERFREE Lv17, RAICHU Lv17, KABUTOPS Lv15, JYNX Lv16, VENOMOTH Lv18, RAPIDASH Lv15, MAGNEMITE Lv17, GROWLITHE Lv13, GRAVELER Lv15
Set #31 - Grass/Cave on POWER PLANT (1) (rate=10) - GLOOM Lv21, TENTACRUEL Lv21, DRAGONAIR Lv20, POLIWHIRL Lv24, STARYU Lv23, MACHAMP Lv23, VAPOREON Lv32, IVYSAUR Lv35, POLIWAG Lv33, OMASTAR Lv36
Set #32 - Grass/Cave on VICTORY ROAD (1) (rate=15) - NINETALES Lv24, VOLTORB Lv26, ALAKAZAM Lv22, KABUTO Lv36, CUBONE Lv39, GROWLITHE Lv42, PORYGON Lv41, KAKUNA Lv41, HAUNTER Lv42, ARTICUNO Lv43
Set #33 - Grass/Cave on [POKé]MON TOWER (3) (rate=10) - SANDSHREW Lv20, MAGIKARP Lv21, MAGMAR Lv22, ODDISH Lv23, GOLDEEN Lv19, MEOWTH Lv18, HORSEA Lv24, NIDOKING Lv20, JIGGLYPUFF Lv22, SEEL Lv25
Set #34 - Grass/Cave on [POKé]MON TOWER (4) (rate=10) - ARCANINE Lv20, CUBONE Lv21, HAUNTER Lv22, WEEZING Lv23, ELECTRODE Lv19, NIDOQUEEN Lv18, BELLSPROUT Lv25, FLAREON Lv20, KANGASKHAN Lv22, WEEPINBELL Lv24
Set #35 - Grass/Cave on [POKé]MON TOWER (5) (rate=10) - BUTTERFREE Lv20, MAGMAR Lv21, GOLEM Lv22, MANKEY Lv23, HITMONCHAN Lv19, DODUO Lv18, WEEZING Lv25, BEEDRILL Lv20, DROWZEE Lv22, MACHOKE Lv24
Set #36 - Grass/Cave on [POKé]MON TOWER (6) (rate=15) - DUGTRIO Lv21, MEW Lv22, RAICHU Lv23, SANDSLASH Lv24, CHARMANDER Lv20, PORYGON Lv19, SPEAROW Lv26, BLASTOISE Lv22, POLIWHIRL Lv24, SEEL Lv28
Set #37 - Grass/Cave on [POKé]MON TOWER (7) (rate=15) - GOLDEEN Lv21, MOLTRES Lv22, LICKITUNG Lv23, MR.MIME Lv24, MACHOP Lv20, RATICATE Lv28, ODDISH Lv22, PARAS Lv24, PIKACHU Lv28, FARFETCH'D Lv30
Set #38 - Grass/Cave on SEAFOAM ISLANDS (1) (rate=10) - GEODUDE Lv30, ZAPDOS Lv30, MEWTWO Lv32, VULPIX Lv32, RHYHORN Lv28, WIGGLYTUFF Lv30, KADABRA Lv30, MR.MIME Lv28, MAROWAK Lv38, KRABBY Lv37
Set #39 - Grass/Cave on SEAFOAM ISLANDS (2) (rate=10) - KAKUNA Lv30, GOLDUCK Lv30, FEAROW Lv32, EEVEE Lv32, KANGASKHAN Lv28, SHELLDER Lv30, PONYTA Lv30, CLOYSTER Lv28, ARBOK Lv30, GLOOM Lv37
Set #40 - Grass/Cave on SEAFOAM ISLANDS (3) (rate=10) - MANKEY Lv31, BUTTERFREE Lv31, METAPOD Lv33, SLOWPOKE Lv33, PIDGEY Lv29, PRIMEAPE Lv31, SCYTHER Lv31, DITTO Lv29, KADABRA Lv39, HORSEA Lv37
Set #41 - Grass/Cave on SEAFOAM ISLANDS (4) (rate=10) - CHARMANDER Lv31, PARAS Lv31, GASTLY Lv33, JIGGLYPUFF Lv33, NIDORAN♀ Lv29, OMANYTE Lv31, PONYTA Lv31, PERSIAN Lv29, FEAROW Lv39, PIDGEOTTO Lv32
Set #42 - Grass/Cave on [pk] MANSION (1) (rate=10) - GASTLY Lv32, VILEPLUME Lv30, VICTREEBEL Lv34, MUK Lv30, KRABBY Lv34, MEOWTH Lv32, POLIWAG Lv30, PSYDUCK Lv28, DODRIO Lv37, WEEDLE Lv39
Set #43 - Grass/Cave on SEAFOAM ISLANDS (5) (rate=15) - POLIWRATH Lv30, CATERPIE Lv30, GENGAR Lv30, DEWGONG Lv30, FARFETCH'D Lv28, HYPNO Lv21, KADABRA Lv29, VENONAT Lv28, SLOWPOKE Lv28, KAKUNA Lv38
Set #44 - Grass/Cave on VICTORY ROAD (2) (rate=10) - ELECTABUZZ Lv22, CLEFAIRY Lv24, NIDORINA Lv26, MEW Lv36, HITMONLEE Lv39, PIDGEY Lv42, SLOWPOKE Lv41, GRAVELER Lv40, DODRIO Lv40, TENTACOOL Lv43
Set #45 - Grass/Cave on DIGLETT's CAVE (1) (rate=20) - LICKITUNG Lv18, KRABBY Lv19, KABUTO Lv17, PSYDUCK Lv20, PORYGON Lv16, CHARMELEON Lv15, DODRIO Lv21, DROWZEE Lv22, VOLTORB Lv29, TENTACOOL Lv31
Set #46 - Grass/Cave on VICTORY ROAD (3) (rate=15) - SNORLAX Lv24, GEODUDE Lv26, DRAGONAIR Lv22, EEVEE Lv42, GYARADOS Lv40, BEEDRILL Lv45, BLASTOISE Lv43, DODUO Lv41, NIDORAN♂ Lv42, GOLEM Lv45
Set #47 - Grass/Cave on [pk] MANSION (2) (rate=10) - DIGLETT Lv32, VENONAT Lv34, HITMONLEE Lv34, SEADRA Lv30, CHARMELEON Lv30, ZUBAT Lv32, MAROWAK Lv30, NIDORAN♂ Lv28, VOLTORB Lv39, CLEFAIRY Lv37
Set #48 - Grass/Cave on [pk] MANSION (3) (rate=10) - IVYSAUR Lv31, LAPRAS Lv33, KOFFING Lv35, SNORLAX Lv32, RAPIDASH Lv34, CLOYSTER Lv40, NINETALES Lv34, PONYTA Lv38, SHELLDER Lv36, BULBASAUR Lv42
Set #49 - Grass/Cave on [pk] MANSION (4) (rate=10) - BEEDRILL Lv33, CHANSEY Lv31, PINSIR Lv35, DRATINI Lv32, NIDOQUEEN Lv31, VENUSAUR Lv40, VENONAT Lv34, WEEPINBELL Lv35, RHYDON Lv38, SHELLDER Lv42
Set #50 - Grass/Cave on SAFARI ZONE (2) (rate=30) - NIDORAN♀ Lv24, ABRA Lv26, SQUIRTLE Lv22, DODRIO Lv25, PIDGEOTTO Lv33, HITMONCHAN Lv23, JYNX Lv24, PARAS Lv25, MAGNETON Lv25, POLIWRATH Lv28
Set #51 - Grass/Cave on SAFARI ZONE (3) (rate=30) - ONIX Lv22, BELLSPROUT Lv26, VILEPLUME Lv23, DUGTRIO Lv25, PIDGEOTTO Lv30, ZUBAT Lv27, PRIMEAPE Lv30, SPEAROW Lv32, VENUSAUR Lv26, SANDSLASH Lv28
Set #52 - Grass/Cave on SAFARI ZONE (4) (rate=30) - RHYDON Lv25, VICTREEBEL Lv26, SEEL Lv23, MAROWAK Lv24, BULBASAUR Lv33, VULPIX Lv26, CHANSEY Lv25, GLOOM Lv31, PRIMEAPE Lv26, TENTACRUEL Lv28
Set #53 - Grass/Cave on SAFARI ZONE (5) (rate=30) - OMASTAR Lv22, NIDORINA Lv25, DRAGONITE Lv22, PIDGEY Lv24, AERODACTYL Lv31, TENTACRUEL Lv25, JYNX Lv31, SQUIRTLE Lv30, ARCANINE Lv23, ELECTRODE Lv23
Set #54 - Grass/Cave on CERULEAN CAVE (1) (rate=15) - DUGTRIO Lv51, GRIMER Lv51, MACHOP Lv51, PONYTA Lv52, KINGLER Lv52, RAICHU Lv52, FEAROW Lv56, DITTO Lv54, WARTORTLE Lv55, EKANS Lv60
Set #55 - Grass/Cave on CERULEAN CAVE (2) (rate=25) - WEEZING Lv55, AERODACTYL Lv55, VENOMOTH Lv55, SEADRA Lv64, MEW Lv64, SPEAROW Lv64, CLEFABLE Lv57, TAUROS Lv65, LICKITUNG Lv63, GENGAR Lv67
Set #56 - Grass/Cave on CERULEAN CAVE (3) (rate=10) - SQUIRTLE Lv46, MUK Lv46, MAGMAR Lv46, NINETALES Lv49, SEAKING Lv49, RATTATA Lv52, ZUBAT Lv49, MEW Lv52, SCYTHER Lv53, RHYHORN Lv53
Set #57 - Grass/Cave on ROCK TUNNEL (3) (rate=15) - PIDGEY Lv16, DIGLETT Lv17, SEAKING Lv17, CLEFAIRY Lv15, MAGNEMITE Lv16, TANGELA Lv18, EXEGGUTOR Lv17, ARBOK Lv17, ELECTRODE Lv13, PARASECT Lv18
Set #58 - Old Rod Fishing (rate=0) - HITMONLEE Lv5
Set #59 - Good Rod Fishing (rate=0) - NIDORINO Lv10, SANDSHREW Lv10
Set #60 - Super Rod Fishing on PALLET TOWN, VIRIDIAN CITY (rate=0) - SHELLDER Lv15, MACHOP Lv15
Set #61 - Super Rod Fishing on CERULEAN CITY, ROUTE 4, ROUTE 24, ROUTE 25, CERULEAN CITY (Building) (rate=0) - HYPNO Lv15, JIGGLYPUFF Lv15, MACHAMP Lv15
Set #62 - Super Rod Fishing on VERMILION CITY, ROUTE 6, ROUTE 11, VERMILION CITY (Building) (rate=0) - PORYGON Lv15, VULPIX Lv15
Set #63 - Super Rod Fishing on CELADON CITY, ROUTE 10 (rate=0) - VENUSAUR Lv23, JOLTEON Lv15
Set #64 - Super Rod Fishing on FUCHSIA CITY (rate=0) - WIGGLYTUFF Lv23, CATERPIE Lv15, KABUTOPS Lv15, GOLBAT Lv15
Set #65 - Super Rod Fishing on CINNABAR ISLAND, SEA ROUTE 19, SEA ROUTE 20, SEA ROUTE 21, SEAFOAM ISLANDS (3), SEAFOAM ISLANDS (4) (rate=0) - DODUO Lv15, CHARMANDER Lv15, ARCANINE Lv15, DEWGONG Lv15
Set #66 - Super Rod Fishing on ROUTE 12, ROUTE 13, ROUTE 17, ROUTE 18 (rate=0) - FARFETCH'D Lv5, GEODUDE Lv15, RATTATA Lv15, MR.MIME Lv15
Set #67 - Super Rod Fishing on ROUTE 22 (rate=0) - DRATINI Lv15, MACHOKE Lv15
Set #68 - Super Rod Fishing on ROUTE 23, CERULEAN CAVE (1), CERULEAN CAVE (2), CERULEAN CAVE (3) (rate=0) - EXEGGCUTE Lv23, SANDSHREW Lv23, HITMONCHAN Lv23, CLEFAIRY Lv23
Set #69 - Super Rod Fishing on SAFARI ZONE (2), SAFARI ZONE (3), SAFARI ZONE (4), SAFARI ZONE (5) (rate=0) - EEVEE Lv15, DIGLETT Lv15, NIDORINO Lv15, MACHOKE Lv15

TM Moves: Unchanged.

------------------------------------------------------------------
Randomization of Pokemon Blue (U) completed.
Time elapsed: 154ms
RNG Calls: 2063
------------------------------------------------------------------
