Pokemon base stats & type: unchanged

--Removing Trade Evolutions--
Made KADABRA evolve into ALAKAZAM at level 37
Made MACHOKE evolve into MACHAMP at level 37
Made GRAVELER evolve into GOLEM at level 37
Made HAUNTER evolve into GENGAR at level 37

--Condensed Level Evolutions--
RHYHORN now evolves into RHYDON at minimum level 40
DRAGONAIR now evolves into DRAGONITE at minimum level 40

Move Data: Unchanged.

Pokemon Movesets: Unchanged.

--Trainers Pokemon--
#1 (MOLEQUE  )@39D99 - GOLEM Lv17, CHANSEY Lv17
#2 (MOLEQUE  )@39D9D - NIDOQUEEN Lv21
#3 (MOLEQUE  )@39DA0 - FARFETCH'D Lv15, EEVEE Lv15, CHARMANDER Lv15
#4 (MOLEQUE  )@39DA5 - GYARADOS Lv21, JIGGLYPUFF Lv21, TANGELA Lv21
#5 (MOLEQUE  )@39DAA - DITTO Lv23, HAUNTER Lv23
#6 (MOLEQUE  )@39DAE - VULPIX Lv26
#7 (MOLEQUE  )@39DB1 - SLOWBRO Lv21, CHANSEY Lv21
#8 (MOLEQUE  )@39DB5 - GOLDUCK Lv32
#9 (MOLEQUE  )@39DB8 - HITMONLEE Lv32
#10 (MOLEQUE  )@39DBB - BLASTOISE Lv29, CHARMANDER Lv29
#11 (MOLEQUE  )@39DBF - SNORLAX Lv26, GLOOM Lv26, SQUIRTLE Lv26
#12 (MOLEQUE  )@39DC4 - VOLTORB Lv27, KABUTO Lv27
#13 (MOLEQUE  )@39DC8 - DRAGONAIR Lv26, EXEGGCUTE Lv26, MEOWTH Lv26, TAUROS Lv26
#14 (SAMURAI    )@39DCE - TENTACRUEL Lv9, SCYTHER Lv9
#15 (SAMURAI    )@39DD2 - KINGLER Lv11, VULPIX Lv11, NINETALES Lv11
#16 (SAMURAI    )@39DD7 - PARASECT Lv14
#17 (SAMURAI    )@39DDA - ZUBAT Lv15, VICTREEBEL Lv15, TAUROS Lv15
#18 (SAMURAI    )@39DDF - KABUTOPS Lv14, WARTORTLE Lv14, WEEPINBELL Lv14, ONIX Lv14
#19 (SAMURAI    )@39DE5 - IVYSAUR Lv17, MAGIKARP Lv17
#20 (SAMURAI    )@39DE9 - JOLTEON Lv17, VAPOREON Lv17
#21 (SAMURAI    )@39DED - PARASECT Lv15, VENONAT Lv15, OMANYTE Lv15
#22 (SAMURAI    )@39DF2 - ZUBAT Lv21, DRATINI Lv21
#23 (SAMURAI    )@39DF6 - GENGAR Lv24, SNORLAX Lv24, GRAVELER Lv24
#24 (SAMURAI    )@39DFB - CLEFAIRY Lv30
#25 (SAMURAI    )@39DFE - FEAROW Lv27, VULPIX Lv27, PORYGON Lv27
#26 (SAMURAI    )@39E03 - WEEPINBELL Lv29, WEEZING Lv29
#27 (SAMURAI    )@39E07 - POLIWHIRL Lv30, VENUSAUR Lv30, POLIWHIRL Lv30
#28 (ISSY)@39E0C - KABUTOPS Lv14, GASTLY Lv14
#29 (ISSY)@39E10 - SCYTHER Lv15, GEODUDE Lv15
#30 (ISSY)@39E14 - VENUSAUR Lv21
#31 (ISSY)@39E17 - NIDORAN♀ Lv47, CHARMELEON Lv47, CHARMANDER Lv47
#32 (ISSY)@39E1C - SANDSLASH Lv17, STARMIE Lv17
#33 (ISSY)@39E20 - ELECTRODE Lv21
#34 (ISSY)@39E23 - MACHOP Lv24, BULBASAUR Lv24
#35 (ISSY)@39E27 - GOLDEEN Lv21, DODUO Lv21
#36 (ISSY)@39E2B - ELECTRODE Lv23, MACHOP Lv23
#37 (ISSY)@39E2F - LAPRAS Lv20, GASTLY Lv20, SLOWPOKE Lv20
#38 (ISSY)@39E34 - KOFFING Lv27, HAUNTER Lv27
#39 (ISSY)@39E38 - BLASTOISE Lv27, KAKUNA Lv27
#40 (ISSY)@39E3C - CLOYSTER Lv35, DITTO Lv35
#41 (ISSY)@39E40 - VENOMOTH Lv36, PERSIAN Lv36, VAPOREON Lv36
#42 (ISSY)@39E45 - STARMIE Lv29, CHARMANDER Lv29, OMASTAR Lv29, GROWLITHE Lv29, NIDORINO Lv29
#43 (ISSY)@39E4C - ARBOK Lv33, JOLTEON Lv33
#44 (ISSY)@39E50 - HAUNTER Lv35, ODDISH Lv35
#45 (ISSY)@39E54 - MAGNEMITE Lv35, SEADRA Lv35
#46 (MARUJO)@39E58 - ARCANINE Lv27, EKANS Lv27
#47 (MARUJO)@39E5C - EXEGGCUTE Lv26, CHARMANDER Lv26
#48 (MARUJO)@39E60 - NIDOQUEEN Lv32
#49 (MARUJO)@39E63 - GOLDEEN Lv26, VULPIX Lv26, CHARMANDER Lv26
#50 (MARUJO)@39E68 - DUGTRIO Lv27, KOFFING Lv27
#51 (MARUJO)@39E6C - SEAKING Lv26, NIDORINO Lv26, HITMONLEE Lv26
#52 (MARUJO)@39E71 - JOLTEON Lv30
#53 (MARUJO)@39E74 - STARMIE Lv32, TENTACRUEL Lv32
#54 (TREINADOR  )@39E78 - PIDGEOT Lv17, MAGNETON Lv17
#55 (TREINADOR  )@39E7C - KABUTO Lv21, NIDOKING Lv21
#56 (TREINADOR  )@39E80 - SLOWPOKE Lv27
#57 (TREINADOR  )@39E83 - TENTACRUEL Lv30
#58 (TREINADOR  )@39E86 - POLIWHIRL Lv24, VENOMOTH Lv24
#59 (TREINADOR  )@39E8A - VENONAT Lv27, CHANSEY Lv27, WEEDLE Lv27
#60 (TREINADOR  )@39E8F - MANKEY Lv32, KAKUNA Lv32
#61 (TREINADOR  )@39E93 - VENONAT Lv29, MAGMAR Lv29, CATERPIE Lv29, DROWZEE Lv29
#62 (TREINADOR  )@39E99 - OMASTAR Lv44, EXEGGCUTE Lv44
#63 (TREINADORA )@39E9D - WARTORTLE Lv29
#64 (TREINADORA )@39EA0 - EXEGGCUTE Lv24, STARMIE Lv24
#65 (TREINADORA )@39EA4 - BLASTOISE Lv24, ARCANINE Lv24, PIKACHU Lv24
#66 (TREINADORA )@39EA9 - SPEAROW Lv33
#67 (TREINADORA )@39EAC - MR.MIME Lv27, LICKITUNG Lv27, SQUIRTLE Lv27, MACHOKE Lv27
#68 (TREINADORA )@39EB2 - NIDOQUEEN Lv35
#69 (TREINADORA )@39EB5 - PONYTA Lv30, HAUNTER Lv30
#70 (TREINADORA )@39EB9 - DUGTRIO Lv32, CLEFABLE Lv32
#71 (TREINADORA )@39EBD - MEOWTH Lv32, ELECTRODE Lv32, WEEDLE Lv32
#72 (TREINADORA )@39EC2 - FEAROW Lv33, TANGELA Lv33
#73 (TREINADORA )@39EC6 - ODDISH Lv36, RAPIDASH Lv36
#74 (TREINADORA )@39ECA - ALAKAZAM Lv36, NIDORAN♀ Lv36, MACHOKE Lv36, MACHOKE Lv36, POLIWRATH Lv36
#75 (TREINADORA )@39ED1 - WIGGLYTUFF Lv45, PINSIR Lv45
#76 (TREINADORA )@39ED5 - WEEPINBELL Lv41, CHANSEY Lv41, GASTLY Lv41, HORSEA Lv41
#77 (TREINADORA )@39EDB - NINETALES Lv42, VILEPLUME Lv42, PIDGEOTTO Lv42
#78 (TREINADORA )@39EE0 - GASTLY Lv47, VENONAT Lv47
#79 (TREINADORA )@39EE4 - NIDORAN♀ Lv33, HORSEA Lv33
#80 (TREINADORA )@39EE8 - GRAVELER Lv30, EKANS Lv30, ABRA Lv30
#81 (TREINADORA )@39EED - NIDORINA Lv29, PRIMEAPE Lv29, GOLBAT Lv29, CLOYSTER Lv29
#82 (TREINADORA )@39EF3 - GOLDUCK Lv42, MAGMAR Lv42, RAICHU Lv42
#83 (TREINADORA )@39EF8 - POLIWRATH Lv44, CHARIZARD Lv44
#84 (TREINADORA )@39EFC - ELECTABUZZ Lv50
#85 (TREINADORA )@39EFF - HITMONCHAN Lv44, KRABBY Lv44, AERODACTYL Lv44
#86 (TREINADORA )@39F04 - POLIWRATH Lv45, DRAGONITE Lv45, ZUBAT Lv45
#87 (POKéMANまAC)@39F09 - DROWZEE Lv45, VENUSAUR Lv45
#88 (POKéMANまAC)@39F0D - DIGLETT Lv30, POLIWRATH Lv30
#89 (POKéMANまAC)@39F11 - ARBOK Lv30, HITMONLEE Lv30, LAPRAS Lv30
#90 (POKéMANまAC)@39F16 - ONIX Lv33, TANGELA Lv33
#91 (POKéMANまAC)@39F1A - GYARADOS Lv38
#92 (POKéMANまAC)@39F1D - CUBONE Lv60, PIDGEOTTO Lv60, PIDGEY Lv60
#93 (POKéMANまAC)@39F22 - GOLEM Lv35, HITMONCHAN Lv35
#94 (REIROM    )@39F26 - LICKITUNG Lv17, JOLTEON Lv17
#95 (REIROM    )@39F2A - MUK Lv18, SHELLDER Lv18, FARFETCH'D Lv18
#96 (REIROM    )@39F2F - JIGGLYPUFF Lv30, BUTTERFREE Lv30, ZUBAT Lv30, KOFFING Lv30
#97 (REIROM    )@39F35 - CHARMELEON Lv33, VILEPLUME Lv33, PARASECT Lv33
#98 (REIROM    )@39F3A - GOLDEEN Lv39
#99 (REIROM    )@39F3D - RHYDON Lv33, VICTREEBEL Lv33, DUGTRIO Lv33
#100 (REIROM    )@39F42 - MANKEY Lv30, RAPIDASH Lv30, CHARIZARD Lv30, DRAGONAIR Lv30
#101 (REIROM    )@39F48 - WEEPINBELL Lv36, KABUTO Lv36
#102 (REIROM    )@39F4C - IVYSAUR Lv54, NIDORINO Lv54, METAPOD Lv54
#103 (REIROM    )@39F51 - SEADRA Lv51, KOFFING Lv51, BEEDRILL Lv51, WEEZING Lv51
#104 (REIROM    )@39F57 - SEADRA Lv62
#105 (REIROM    )@39F5A - GROWLITHE Lv56, ELECTABUZZ Lv56
#106 (LULA )@39F5E - WEEZING Lv15, DRATINI Lv15, LICKITUNG Lv15
#107 (LULA )@39F63 - GOLDEEN Lv23, TENTACOOL Lv23
#108 (LULA )@39F67 - NINETALES Lv20, SEAKING Lv20, DROWZEE Lv20, NIDORINO Lv20
#109 (LULA )@39F6D - BELLSPROUT Lv26
#110 (LULA )@39F70 - SANDSLASH Lv32, MUK Lv32
#111 (LULA )@39F74 - HITMONLEE Lv30, POLIWRATH Lv30, WEEPINBELL Lv30
#112 (LULA )@39F79 - POLIWRATH Lv32, WARTORTLE Lv32
#113 (LULA )@39F7D - ARCANINE Lv29, GENGAR Lv29
#114 (LULA )@39F81 - PINSIR Lv32, FLAREON Lv32, VICTREEBEL Lv32
#115 (LULA )@39F86 - DRAGONAIR Lv38
#116 (LULA )@39F89 - BUTTERFREE Lv30, GOLEM Lv30
#117 (LULA )@39F8D - MR.MIME Lv29, GASTLY Lv29, RAPIDASH Lv29, TENTACOOL Lv29
#118 (LULA )@39F93 - EXEGGUTOR Lv30, SEADRA Lv30, JIGGLYPUFF Lv30
#119 (LULA )@39F98 - RHYDON Lv32, RATTATA Lv32
#120 (BIKER)@39F9C - CLEFABLE Lv42, MAGIKARP Lv42, KAKUNA Lv42
#121 (BIKER)@39FA1 - MEOWTH Lv44, VICTREEBEL Lv44
#122 (BIKER)@39FA5 - BULBASAUR Lv38, LICKITUNG Lv38, STARYU Lv38, BULBASAUR Lv38, PIDGEY Lv38
#123 (BIKER)@39FAC - RATTATA Lv42, NIDOKING Lv42, DUGTRIO Lv42
#124 (BIKER)@39FB1 - GENGAR Lv44, HAUNTER Lv44
#125 (BIKER)@39FB5 - TAUROS Lv50
#126 (BIKER)@39FB8 - HITMONLEE Lv39, VENOMOTH Lv39, KABUTO Lv39, KINGLER Lv39
#127 (BIKER)@39FBE - KRABBY Lv42, VOLTORB Lv42, STARYU Lv42
#128 (BIKER)@39FC3 - NIDORINA Lv50
#129 (BIKER)@39FC6 - DIGLETT Lv44, MACHOP Lv44
#130 (BIKER)@39FCA - GOLDEEN Lv44, DROWZEE Lv44
#131 (BIKER)@39FCE - BUTTERFREE Lv38, VENOMOTH Lv38, GOLDUCK Lv38, GEODUDE Lv38, PIKACHU Lv38
#132 (BIKER)@39FD5 - STARMIE Lv39, SLOWBRO Lv39, SANDSHREW Lv39, CHARMANDER Lv39
#133 (BIKER)@39FDB - WIGGLYTUFF Lv42, ARCANINE Lv42, SHELLDER Lv42
#134 (BIKER)@39FE0 - MAGNEMITE Lv44, TAUROS Lv44
#135 (BANDIDO)@39FE4 - ALAKAZAM Lv44, PIKACHU Lv44
#136 (BANDIDO)@39FE8 - KAKUNA Lv50
#137 (BANDIDO)@39FEB - WARTORTLE Lv42, ALAKAZAM Lv42, WEEZING Lv42
#138 (BANDIDO)@39FF0 - PIDGEOT Lv54, SANDSHREW Lv54, ELECTRODE Lv54
#139 (BANDIDO)@39FF5 - POLIWHIRL Lv62
#140 (BANDIDO)@39FF8 - MACHAMP Lv56, GOLBAT Lv56
#141 (BANDIDO)@39FFC - FARFETCH'D Lv51, DUGTRIO Lv51
#142 (BANDIDO)@3A000 - NIDOQUEEN Lv57
#143 (BANDIDO)@3A003 - PARAS Lv51, AERODACTYL Lv51
#144 (OPERへRIO)@3A007 - ALAKAZAM Lv32, CLEFABLE Lv32
#145 (OPERへRIO)@3A00B - NIDOKING Lv32
#146 (OPERへRIO)@3A00E - HORSEA Lv27, SHELLDER Lv27, NIDORAN♀ Lv27
#147 (PESCADOR )@3A013 - SPEAROW Lv26, JYNX Lv26, RATTATA Lv26
#148 (PESCADOR )@3A018 - TENTACOOL Lv26, HITMONLEE Lv26, BEEDRILL Lv26
#149 (PESCADOR )@3A01D - PIDGEOT Lv33, GROWLITHE Lv33, GROWLITHE Lv33
#150 (PESCADOR )@3A022 - VILEPLUME Lv36, DODUO Lv36
#151 (PESCADOR )@3A026 - GENGAR Lv41
#152 (PESCADOR )@3A029 - POLIWAG Lv32, VOLTORB Lv32, OMANYTE Lv32, WEEPINBELL Lv32
#153 (PESCADOR )@3A02F - ARBOK Lv42, DEWGONG Lv42, GRIMER Lv42, JYNX Lv42
#154 (PESCADOR )@3A035 - POLIWRATH Lv47, KRABBY Lv47
#155 (PESCADOR )@3A039 - POLIWRATH Lv41, NIDORINO Lv41, GOLDEEN Lv41, KINGLER Lv41, FLAREON Lv41, KAKUNA Lv41
#156 (PESCADOR )@3A041 - RHYDON Lv50, STARYU Lv50
#157 (PESCADOR )@3A045 - POLIWRATH Lv36, POLIWRATH Lv36
#158 (NADADOR)@3A049 - GROWLITHE Lv24, BULBASAUR Lv24
#159 (NADADOR)@3A04D - DUGTRIO Lv45, VAPOREON Lv45
#160 (NADADOR)@3A051 - KRABBY Lv44, SPEAROW Lv44, CHARMELEON Lv44
#161 (NADADOR)@3A056 - MUK Lv45, VULPIX Lv45
#162 (NADADOR)@3A05A - GROWLITHE Lv41, MACHAMP Lv41, CLEFABLE Lv41, PARASECT Lv41
#163 (NADADOR)@3A060 - SEADRA Lv44, NIDOQUEEN Lv44, CHANSEY Lv44
#164 (NADADOR)@3A065 - RHYDON Lv45, DODRIO Lv45
#165 (NADADOR)@3A069 - STARMIE Lv41, PIKACHU Lv41, SLOWBRO Lv41, MEOWTH Lv41, SHELLDER Lv41
#166 (NADADOR)@3A070 - MUK Lv47, STARMIE Lv47
#167 (NADADOR)@3A074 - ABRA Lv53
#168 (NADADOR)@3A077 - EEVEE Lv42, CHARMANDER Lv42, MAROWAK Lv42, FLAREON Lv42
#169 (NADADOR)@3A07D - LAPRAS Lv50, FARFETCH'D Lv50
#170 (NADADOR)@3A081 - WEEZING Lv56
#171 (NADADOR)@3A084 - DITTO Lv50, RAICHU Lv50
#172 (NADADOR)@3A088 - KANGASKHAN Lv48, DRATINI Lv48, EXEGGCUTE Lv48
#173 (GORDUCHO)@3A08D - HYPNO Lv42, SNORLAX Lv42, VICTREEBEL Lv42
#174 (GORDUCHO)@3A092 - WARTORTLE Lv44, CLOYSTER Lv44
#175 (GORDUCHO)@3A096 - PARASECT Lv50
#176 (GORDUCHO)@3A099 - FEAROW Lv44, STARMIE Lv44
#177 (GORDUCHO)@3A09D - EEVEE Lv44, GOLEM Lv44
#178 (GORDUCHO)@3A0A1 - SLOWBRO Lv50
#179 (GORDUCHO)@3A0A4 - LICKITUNG Lv39, HYPNO Lv39, VULPIX Lv39, ELECTRODE Lv39
#180 (GORDUCHO)@3A0AA - CHARMELEON Lv44, MEOWTH Lv44
#181 (GORDUCHO)@3A0AE - GOLDUCK Lv47, OMASTAR Lv47, MAROWAK Lv47
#182 (LARへPIO)@3A0B3 - TANGELA Lv27, KRABBY Lv27
#183 (LARへPIO)@3A0B7 - METAPOD Lv27, RAICHU Lv27
#184 (LARへPIO)@3A0BB - RATTATA Lv27, SEADRA Lv27
#185 (LARへPIO)@3A0BF - PARASECT Lv27, PONYTA Lv27
#186 (LARへPIO)@3A0C3 - MAGNEMITE Lv33, IVYSAUR Lv33, SANDSHREW Lv33
#187 (LARへPIO)@3A0C8 - SHELLDER Lv33, VAPOREON Lv33, CHARMELEON Lv33
#188 (LARへPIO)@3A0CD - ARBOK Lv36, DRATINI Lv36
#189 (LINDA )@3A0D1 - KABUTO Lv32, CLOYSTER Lv32, DEWGONG Lv32, KOFFING Lv32
#190 (LINDA )@3A0D7 - PSYDUCK Lv36, VULPIX Lv36
#191 (LINDA )@3A0DB - KABUTO Lv39
#192 (LINDA )@3A0DE - WIGGLYTUFF Lv41, SQUIRTLE Lv41, EXEGGCUTE Lv41
#193 (LINDA )@3A0E3 - STARMIE Lv44, WIGGLYTUFF Lv44
#194 (LINDA )@3A0E7 - GOLDUCK Lv53
#195 (LINDA )@3A0EA - ABRA Lv45, SPEAROW Lv45, MAGMAR Lv45
#196 (LINDA )@3A0EF - PRIMEAPE Lv47, VAPOREON Lv47
#197 (LINDA )@3A0F3 - BUTTERFREE Lv44, TENTACRUEL Lv44
#198 (LINDA )@3A0F7 - PRIMEAPE Lv44, MAGNEMITE Lv44
#199 (LINDA )@3A0FB - PRIMEAPE Lv50, DIGLETT Lv50, POLIWRATH Lv50
#200 (LINDA )@3A100 - BUTTERFREE Lv41, BEEDRILL Lv41, ARBOK Lv41, NINETALES Lv41, SCYTHER Lv41
#201 (LINDA )@3A107 - CLEFABLE Lv45, EEVEE Lv45
#202 (LINDA )@3A10B - JYNX Lv44, BUTTERFREE Lv44, HITMONLEE Lv44
#203 (LINDA )@3A110 - PSYDUCK Lv45, MAGMAR Lv45, PIDGEOT Lv45
#204 (PSまQUIC)@3A115 - AERODACTYL Lv47, POLIWAG Lv47, ODDISH Lv47, PINSIR Lv47
#205 (PSまQUIC)@3A11B - GENGAR Lv51, IVYSAUR Lv51
#206 (PSまQUIC)@3A11F - RATICATE Lv50, SLOWPOKE Lv50, BULBASAUR Lv50
#207 (PSまQUIC)@3A124 - PARAS Lv57
#208 (PUNK  )@3A127 - BUTTERFREE Lv30, LAPRAS Lv30, SQUIRTLE Lv30
#209 (PUNK  )@3A12C - CLEFAIRY Lv44, PRIMEAPE Lv44
#210 (JACK   )@3A130 - IVYSAUR Lv44, VENOMOTH Lv44
#211 (JACK   )@3A134 - FEAROW Lv62, NINETALES Lv62, HITMONCHAN Lv62, DODRIO Lv62
#212 (JACK   )@3A13A - NIDORINA Lv47, VENONAT Lv47, RATICATE Lv47, MAGMAR Lv47
#213 (JACK   )@3A140 - KOFFING Lv51, KANGASKHAN Lv51
#214 (JACK   )@3A144 - MACHOP Lv72
#215 (JACK   )@3A147 - MEOWTH Lv50
#216 (JACK   )@3A14A - VICTREEBEL Lv57
#217 (JACK   )@3A14D - DRAGONAIR Lv51, DRATINI Lv51
#218 (TAMER)@3A151 - DRATINI Lv51, PERSIAN Lv51
#219 (TAMER)@3A155 - LAPRAS Lv50, ALAKAZAM Lv50, GRIMER Lv50
#220 (TAMER)@3A15A - KAKUNA Lv65
#221 (TAMER)@3A15D - CUBONE Lv59, MAGIKARP Lv59
#222 (TAMER)@3A161 - SQUIRTLE Lv66, ARCANINE Lv66
#223 (TAMER)@3A165 - VENOMOTH Lv63, SLOWBRO Lv63, MUK Lv63, NIDORINO Lv63
#224 (CRIADOR    )@3A16B - VENUSAUR Lv44, NIDORAN♂ Lv44
#225 (CRIADOR    )@3A16F - KANGASKHAN Lv38, NIDOQUEEN Lv38, VOLTORB Lv38, CHANSEY Lv38, SEAKING Lv38
#226 (CRIADOR    )@3A176 - MAGIKARP Lv39, PONYTA Lv39, ONIX Lv39, WEEDLE Lv39
#227 (CRIADOR    )@3A17C - NIDORAN♂ Lv50
#228 (CRIADOR    )@3A17F - RHYDON Lv44, MUK Lv44
#229 (CRIADOR    )@3A183 - PIDGEOTTO Lv39, CLOYSTER Lv39, SCYTHER Lv39, WEEPINBELL Lv39
#230 (CRIADOR    )@3A189 - HYPNO Lv42, FARFETCH'D Lv42, LICKITUNG Lv42
#231 (CRIADOR    )@3A18E - SPEAROW Lv44, OMASTAR Lv44
#232 (CRIADOR    )@3A192 - SLOWPOKE Lv51
#233 (CRIADOR    )@3A195 - MR.MIME Lv39, DODUO Lv39, MACHAMP Lv39, RHYDON Lv39
#234 (CRIADOR    )@3A19B - RATICATE Lv45, MEOWTH Lv45, DRATINI Lv45
#235 (CRIADOR    )@3A1A0 - CHARMANDER Lv59, WEEPINBELL Lv59, GRAVELER Lv59, NIDORINO Lv59
#236 (CRIADOR    )@3A1A6 - RHYHORN Lv63, VOLTORB Lv63
#237 (CRIADOR    )@3A1AA - GOLDUCK Lv42, VENOMOTH Lv42, KRABBY Lv42
#238 (CRIADOR    )@3A1AF - FEAROW Lv39, GENGAR Lv39, GEODUDE Lv39, SEEL Lv39
#239 (CRIADOR    )@3A1B5 - JOLTEON Lv44, GRIMER Lv44
#240 (CRIADOR    )@3A1B9 - BELLSPROUT Lv42, RAICHU Lv42, HAUNTER Lv42
#241 (KARATEKA )@3A1BE - ARBOK Lv56, PORYGON Lv56
#242 (KARATEKA )@3A1C2 - MACHAMP Lv47, FEAROW Lv47, NIDOQUEEN Lv47
#243 (KARATEKA )@3A1C7 - CHARIZARD Lv48, ZUBAT Lv48
#244 (KARATEKA )@3A1CB - PARASECT Lv54
#245 (KARATEKA )@3A1CE - WARTORTLE Lv47, MUK Lv47, EXEGGCUTE Lv47
#246 (KARATEKA )@3A1D3 - GRIMER Lv60, MUK Lv60
#247 (KARATEKA )@3A1D7 - CHARMANDER Lv65
#248 (KARATEKA )@3A1DA - KOFFING Lv57, RHYHORN Lv57, GENGAR Lv57
#249 (KARATEKA )@3A1DF - DIGLETT Lv65, NIDORAN♀ Lv65, DIGLETT Lv65
#250 (RIVAL1)@3A1E4 - SQUIRTLE Lv8
#251 (RIVAL1)@3A1E7 - BULBASAUR Lv8
#252 (RIVAL1)@3A1EA - CHARMANDER Lv8
#253 (RIVAL1)@3A1ED - SQUIRTLE Lv14, KRABBY Lv12
#254 (RIVAL1)@3A1F3 - BULBASAUR Lv14, NIDORAN♂ Lv12
#255 (RIVAL1)@3A1F9 - CHARMANDER Lv14, LAPRAS Lv12
#256 (RIVAL1)@3A1FF - CLOYSTER Lv27, GROWLITHE Lv23, OMANYTE Lv23, WARTORTLE Lv26
#257 (RIVAL1)@3A209 - WEEZING Lv27, MAGIKARP Lv23, KABUTOPS Lv23, IVYSAUR Lv26
#258 (RIVAL1)@3A213 - CHARIZARD Lv27, KAKUNA Lv23, STARMIE Lv23, CHARMELEON Lv26
#259 (CARVALHO)@3A21D - CHARMELEON Lv99, VENUSAUR Lv100, LICKITUNG Lv100, TENTACOOL Lv100, NIDORINA Lv100
#260 (CARVALHO)@3A229 - SANDSLASH Lv99, PRIMEAPE Lv100, KADABRA Lv100, GASTLY Lv100, MACHOKE Lv100
#261 (CARVALHO)@3A235 - FARFETCH'D Lv99, SEADRA Lv100, DIGLETT Lv100, DRAGONITE Lv100, SQUIRTLE Lv100
#262 (CIENTISTA)@3A241 - SLOWBRO Lv51, LAPRAS Lv51
#263 (CIENTISTA)@3A245 - CUBONE Lv39, LAPRAS Lv39, NIDOKING Lv39, GOLDUCK Lv39
#264 (CIENTISTA)@3A24B - SLOWBRO Lv42, BUTTERFREE Lv42, MACHOKE Lv42
#265 (CIENTISTA)@3A250 - WEEZING Lv44, OMANYTE Lv44
#266 (CIENTISTA)@3A254 - ABRA Lv50
#267 (CIENTISTA)@3A257 - EXEGGCUTE Lv39, PIDGEOT Lv39, ALAKAZAM Lv39, ARCANINE Lv39
#268 (CIENTISTA)@3A25D - OMANYTE Lv38, TAUROS Lv38, TENTACRUEL Lv38, RAICHU Lv38, NIDORAN♂ Lv38
#269 (CIENTISTA)@3A264 - ZUBAT Lv44, RATTATA Lv44
#270 (CIENTISTA)@3A268 - CUBONE Lv44, BEEDRILL Lv44
#271 (CIENTISTA)@3A26C - RATICATE Lv42, SPEAROW Lv42, WEEPINBELL Lv42
#272 (CIENTISTA)@3A271 - KADABRA Lv44, DRATINI Lv44
#273 (CIENTISTA)@3A275 - GASTLY Lv50, CHARMANDER Lv50, VILEPLUME Lv50
#274 (CIENTISTA)@3A27A - BLASTOISE Lv51, DODRIO Lv51
#275 (GIOVANNI)@3A27E - PONYTA Lv38, IVYSAUR Lv36, MUK Lv44
#276 (GIOVANNI)@3A286 - GROWLITHE Lv56, SCYTHER Lv53, VICTREEBEL Lv56, WARTORTLE Lv62
#277 (GIOVANNI)@3A290 - GROWLITHE Lv68, WIGGLYTUFF Lv63, GOLDUCK Lv66, OMASTAR Lv68, SNORLAX Lv75
#278 (ROCKET)@3A29C - EEVEE Lv20, WIGGLYTUFF Lv20
#279 (ROCKET)@3A2A0 - VICTREEBEL Lv17, SPEAROW Lv17, BULBASAUR Lv17
#280 (ROCKET)@3A2A5 - GOLDUCK Lv18, KRABBY Lv18
#281 (ROCKET)@3A2A9 - ONIX Lv24
#282 (ROCKET)@3A2AC - EEVEE Lv26, SEADRA Lv26
#283 (ROCKET)@3A2B0 - DROWZEE Lv23, ABRA Lv23
#284 (ROCKET)@3A2B4 - SLOWPOKE Lv30, IVYSAUR Lv30
#285 (ROCKET)@3A2B8 - NIDORINA Lv32, SLOWBRO Lv32
#286 (ROCKET)@3A2BC - GLOOM Lv32, STARMIE Lv32
#287 (ROCKET)@3A2C0 - GYARADOS Lv30, PIDGEOT Lv30, POLIWRATH Lv30
#288 (ROCKET)@3A2C5 - KRABBY Lv29, GROWLITHE Lv29, VENONAT Lv29, MR.MIME Lv29
#289 (ROCKET)@3A2CB - CLEFAIRY Lv33, CATERPIE Lv33
#290 (ROCKET)@3A2CF - KAKUNA Lv26, KINGLER Lv26, CHARMELEON Lv26, KINGLER Lv26, NIDORINO Lv26
#291 (ROCKET)@3A2D6 - DIGLETT Lv30, JIGGLYPUFF Lv30, SNORLAX Lv30
#292 (ROCKET)@3A2DB - MAGNEMITE Lv32, LAPRAS Lv32
#293 (ROCKET)@3A2DF - EKANS Lv35, KRABBY Lv35, VILEPLUME Lv35
#294 (ROCKET)@3A2E4 - SCYTHER Lv35, BUTTERFREE Lv35, VOLTORB Lv35
#295 (ROCKET)@3A2E9 - MAGIKARP Lv32, KABUTOPS Lv32
#296 (ROCKET)@3A2ED - VENUSAUR Lv38, NIDORINA Lv38, HITMONCHAN Lv38
#297 (ROCKET)@3A2F2 - CATERPIE Lv39, SANDSHREW Lv39
#298 (ROCKET)@3A2F6 - LAPRAS Lv35, NIDORAN♀ Lv35, GRIMER Lv35, KINGLER Lv35
#299 (ROCKET)@3A2FC - MEOWTH Lv39, SNORLAX Lv39
#300 (ROCKET)@3A300 - NIDOQUEEN Lv44, MAGNETON Lv44
#301 (ROCKET)@3A304 - FLAREON Lv38, BELLSPROUT Lv38, ONIX Lv38, MAGMAR Lv38, TAUROS Lv38
#302 (ROCKET)@3A30B - PSYDUCK Lv42, VOLTORB Lv42, MACHOKE Lv42
#303 (ROCKET)@3A310 - PIDGEY Lv44, HAUNTER Lv44
#304 (ROCKET)@3A314 - ELECTABUZZ Lv42, EXEGGCUTE Lv42, DITTO Lv42
#305 (ROCKET)@3A319 - PARASECT Lv50
#306 (ROCKET)@3A31C - ARBOK Lv50
#307 (ROCKET)@3A31F - SPEAROW Lv44, PIKACHU Lv44
#308 (ROCKET)@3A323 - TENTACRUEL Lv42, GLOOM Lv42, FLAREON Lv42
#309 (ROCKET)@3A328 - EXEGGUTOR Lv39, HITMONLEE Lv39, JIGGLYPUFF Lv39, GEODUDE Lv39
#310 (ROCKET)@3A32E - PIKACHU Lv44, ALAKAZAM Lv44
#311 (ROCKET)@3A332 - HORSEA Lv44, ODDISH Lv44
#312 (ROCKET)@3A336 - ONIX Lv39, WEEZING Lv39, VAPOREON Lv39, DITTO Lv39
#313 (ROCKET)@3A33C - PARAS Lv42, CLEFABLE Lv42, MACHOKE Lv42
#314 (ROCKET)@3A341 - GOLDUCK Lv42, KANGASKHAN Lv42, OMASTAR Lv42
#315 (ROCKET)@3A346 - HITMONLEE Lv42, KADABRA Lv42, SPEAROW Lv42
#316 (ROCKET)@3A34B - KADABRA Lv50
#317 (ROCKET)@3A34E - PIDGEOT Lv38, SEEL Lv38, PIDGEOTTO Lv38, TENTACOOL Lv38, SEAKING Lv38
#318 (ROCKET)@3A355 - TANGELA Lv48, ARBOK Lv48, KRABBY Lv48
#319 (COOLTRAINER♂)@3A35A - MAGMAR Lv59, GOLBAT Lv59
#320 (COOLTRAINER♂)@3A35E - KAKUNA Lv65, KABUTO Lv65, CUBONE Lv65
#321 (COOLTRAINER♂)@3A363 - HAUNTER Lv65, SHELLDER Lv65, EXEGGUTOR Lv65
#322 (COOLTRAINER♂)@3A368 - FEAROW Lv68, RATTATA Lv68
#323 (COOLTRAINER♂)@3A36C - SEADRA Lv63, HITMONCHAN Lv63, NIDORINO Lv63, SEAKING Lv63
#324 (COOLTRAINER♂)@3A372 - SNORLAX Lv66, JOLTEON Lv66, GRAVELER Lv66
#325 (COOLTRAINER♂)@3A377 - SANDSLASH Lv74
#326 (COOLTRAINER♂)@3A37A - PARAS Lv66, POLIWRATH Lv66
#327 (COOLTRAINER♂)@3A37E - EKANS Lv59, GOLDEEN Lv59
#328 (COOLTRAINER♂)@3A382 - FARFETCH'D Lv65
#329 (COOLTRAINER♀)@3A385 - PONYTA Lv36, EKANS Lv36, KRABBY Lv36
#330 (COOLTRAINER♀)@3A38A - NIDORINA Lv65, BLASTOISE Lv65, MR.MIME Lv65
#331 (COOLTRAINER♀)@3A38F - GENGAR Lv65, TANGELA Lv65, ELECTRODE Lv65
#332 (COOLTRAINER♀)@3A394 - GENGAR Lv69, EKANS Lv69
#333 (COOLTRAINER♀)@3A398 - DUGTRIO Lv66, WEEDLE Lv66
#334 (COOLTRAINER♀)@3A39C - STARMIE Lv68, MR.MIME Lv68
#335 (COOLTRAINER♀)@3A3A0 - GRAVELER Lv68, DIGLETT Lv68
#336 (COOLTRAINER♀)@3A3A4 - KAKUNA Lv65, CLOYSTER Lv65, ABRA Lv65
#337 (BRUNO)@3A3A9 - ONIX Lv80, PONYTA Lv83, DRAGONAIR Lv83, DUGTRIO Lv84, ODDISH Lv87
#338 (BROCK)@3A3B5 - HAUNTER Lv18, DRAGONITE Lv21
#339 (MISTY)@3A3BB - TENTACOOL Lv27, STARMIE Lv32
#340 (TN.SURGE)@3A3C1 - PIDGEY Lv32, PIDGEY Lv27, RHYDON Lv36
#341 (ERIKA)@3A3C9 - TAUROS Lv44, WEEDLE Lv36, LAPRAS Lv44
#342 (KOGA)@3A3D1 - GROWLITHE Lv56, HAUNTER Lv59, STARYU Lv56, ODDISH Lv65
#343 (BLAINE)@3A3DB - KADABRA Lv63, PIDGEOT Lv60, MAROWAK Lv63, MACHAMP Lv71
#344 (SABRINA)@3A3E5 - SCYTHER Lv57, DUGTRIO Lv56, RATICATE Lv57, CHARMANDER Lv65
#345 (GENTLEMAN)@3A3EF - GRIMER Lv27, PINSIR Lv27
#346 (GENTLEMAN)@3A3F3 - GYARADOS Lv29, ABRA Lv29
#347 (GENTLEMAN)@3A3F7 - CUBONE Lv35
#348 (GENTLEMAN)@3A3FA - SEEL Lv72
#349 (GENTLEMAN)@3A3FD - WARTORTLE Lv26, GEODUDE Lv26
#350 (RIVAL2)@3A401 - EKANS Lv29, GYARADOS Lv24, CHANSEY Lv27, WARTORTLE Lv30
#351 (RIVAL2)@3A40B - CLOYSTER Lv29, RATICATE Lv24, DITTO Lv27, IVYSAUR Lv30
#352 (RIVAL2)@3A415 - CHARMELEON Lv29, DUGTRIO Lv24, CHARMANDER Lv27, CHARMELEON Lv30
#353 (RIVAL2)@3A41F - GRIMER Lv38, OMANYTE Lv35, SANDSHREW Lv33, RATICATE Lv30, BLASTOISE Lv38
#354 (RIVAL2)@3A42B - PRIMEAPE Lv38, SHELLDER Lv35, MAROWAK Lv33, OMANYTE Lv30, VENUSAUR Lv38
#355 (RIVAL2)@3A437 - VICTREEBEL Lv38, HYPNO Lv35, IVYSAUR Lv33, SLOWPOKE Lv30, CHARIZARD Lv38
#356 (RIVAL2)@3A443 - HORSEA Lv56, KANGASKHAN Lv57, VOLTORB Lv53, STARMIE Lv53, BLASTOISE Lv60
#357 (RIVAL2)@3A44F - PIDGEOT Lv56, CHARIZARD Lv57, POLIWAG Lv53, SCYTHER Lv53, VENUSAUR Lv60
#358 (RIVAL2)@3A45B - POLIWAG Lv56, RAPIDASH Lv57, MAGNEMITE Lv53, MR.MIME Lv53, CHARIZARD Lv60
#359 (RIVAL2)@3A467 - NINETALES Lv71, PINSIR Lv68, CLEFAIRY Lv68, GRIMER Lv71, BEEDRILL Lv75, BLASTOISE Lv80
#360 (RIVAL2)@3A475 - WEEDLE Lv71, NIDORAN♂ Lv68, EXEGGUTOR Lv68, TANGELA Lv71, DIGLETT Lv75, VENUSAUR Lv80
#361 (RIVAL2)@3A483 - SANDSLASH Lv71, WARTORTLE Lv68, PARAS Lv68, AERODACTYL Lv71, CATERPIE Lv75, CHARIZARD Lv80
#362 (RIVAL3)@3A491 - PIDGEY Lv92, SEADRA Lv89, ARCANINE Lv92, SLOWBRO Lv92, NIDORAN♂ Lv95, BLASTOISE Lv98
#363 (RIVAL3)@3A49F - DRAGONAIR Lv92, OMASTAR Lv89, WEEPINBELL Lv92, DIGLETT Lv92, ARCANINE Lv95, VENUSAUR Lv98
#364 (RIVAL3)@3A4AD - WEEZING Lv92, NINETALES Lv89, GOLEM Lv92, PIDGEY Lv92, SHELLDER Lv95, CHARIZARD Lv98
#365 (LORELEI)@3A4BB - STARMIE Lv81, PIDGEOT Lv80, LAPRAS Lv81, PIDGEY Lv84, POLIWRATH Lv84
#366 (UMBAMDA  )@3A4C7 - DIGLETT Lv33
#367 (UMBAMDA  )@3A4CA - CUBONE Lv36
#368 (UMBAMDA  )@3A4CD - METAPOD Lv35, VENUSAUR Lv35
#369 (UMBAMDA  )@3A4D1 - SNORLAX Lv36
#370 (UMBAMDA  )@3A4D4 - DRATINI Lv35
#371 (UMBAMDA  )@3A4D7 - SQUIRTLE Lv36
#372 (UMBAMDA  )@3A4DA - STARMIE Lv36
#373 (UMBAMDA  )@3A4DD - NIDORAN♂ Lv33
#374 (UMBAMDA  )@3A4E0 - MR.MIME Lv36
#375 (UMBAMDA  )@3A4E3 - VAPOREON Lv35, STARYU Lv35
#376 (UMBAMDA  )@3A4E7 - WARTORTLE Lv36
#377 (UMBAMDA  )@3A4EA - DODUO Lv33
#378 (UMBAMDA  )@3A4ED - ONIX Lv36
#379 (UMBAMDA  )@3A4F0 - PRIMEAPE Lv35
#380 (UMBAMDA  )@3A4F3 - HITMONLEE Lv36
#381 (UMBAMDA  )@3A4F6 - PARAS Lv33
#382 (UMBAMDA  )@3A4F9 - MAROWAK Lv36
#383 (UMBAMDA  )@3A4FC - DUGTRIO Lv33
#384 (UMBAMDA  )@3A4FF - CHARIZARD Lv33, WEEZING Lv33, CHANSEY Lv33
#385 (UMBAMDA  )@3A504 - CATERPIE Lv36
#386 (UMBAMDA  )@3A507 - MAGMAR Lv36
#387 (UMBAMDA  )@3A50A - DITTO Lv51, HAUNTER Lv51
#388 (UMBAMDA  )@3A50E - POLIWRATH Lv57
#389 (UMBAMDA  )@3A511 - TANGELA Lv50, GYARADOS Lv50, KABUTOPS Lv50
#390 (AGATHA)@3A516 - KAKUNA Lv84, MAGNEMITE Lv84, KINGLER Lv83, DRAGONAIR Lv87, MAGNETON Lv90
#391 (LANCE)@3A522 - KOFFING Lv87, SEEL Lv84, CATERPIE Lv84, DEWGONG Lv90, CHARMANDER Lv93

Static Pokemon: Unchanged.

--Wild Pokemon--
Set #1 - Grass/Cave on ROTA  1 (rate=25) - FEAROW Lv3, PERSIAN Lv3, CATERPIE Lv3, ELECTRODE Lv2, KADABRA Lv2, SCYTHER Lv3, DIGLETT Lv3, PARAS Lv4, SANDSLASH Lv4, KABUTO Lv5
Set #2 - Grass/Cave on ROTA  2 (rate=25) - CLOYSTER Lv3, RAPIDASH Lv3, SANDSHREW Lv4, NIDOKING Lv4, CLEFABLE Lv5, CUBONE Lv3, VENONAT Lv2, BELLSPROUT Lv5, NIDORAN♂ Lv4, MANKEY Lv5
Set #3 - Grass/Cave on ROTA  3 (rate=20) - GOLDUCK Lv6, CHARMANDER Lv5, DODRIO Lv7, KAKUNA Lv6, OMASTAR Lv7, CLOYSTER Lv8, CLEFABLE Lv8, CHANSEY Lv3, MAGNEMITE Lv5, NIDORAN♂ Lv7
Set #4 - Grass/Cave on ROTA  4 (rate=20) - CHANSEY Lv10, VENONAT Lv10, BULBASAUR Lv8, PIDGEOT Lv6, FEAROW Lv8, DRATINI Lv10, BUTTERFREE Lv12, DIGLETT Lv12, PIDGEY Lv8, TENTACRUEL Lv12
Set #5 - Grass/Cave on ROTA  5 (rate=15) - ONIX Lv13, MAROWAK Lv13, PERSIAN Lv15, CUBONE Lv10, MANKEY Lv12, SLOWBRO Lv15, SANDSHREW Lv16, ARBOK Lv16, GROWLITHE Lv14, GOLDEEN Lv16
Set #6 - Grass/Cave on ROTA  6 (rate=15) - NIDORINO Lv13, MR.MIME Lv13, RATTATA Lv15, MAGNETON Lv10, SEAKING Lv12, ZUBAT Lv15, HYPNO Lv16, DUGTRIO Lv16, GYARADOS Lv14, EXEGGUTOR Lv16
Set #7 - Grass/Cave on ROTA  7 (rate=15) - JYNX Lv19, EXEGGUTOR Lv19, VAPOREON Lv17, SNORLAX Lv22, GASTLY Lv22, GROWLITHE Lv18, KAKUNA Lv18, GOLEM Lv20, BUTTERFREE Lv19, ELECTRODE Lv20
Set #8 - Grass/Cave on ROTA  8 (rate=15) - MAGIKARP Lv18, SCYTHER Lv18, MUK Lv17, CHARIZARD Lv16, PIKACHU Lv20, PIDGEY Lv20, WEEDLE Lv19, EEVEE Lv17, SPEAROW Lv15, ZUBAT Lv18
Set #9 - Grass/Cave on ROTA  9 (rate=15) - POLIWHIRL Lv16, RATICATE Lv16, KAKUNA Lv14, RATTATA Lv11, BELLSPROUT Lv13, SLOWPOKE Lv15, KINGLER Lv17, EXEGGUTOR Lv17, MAGMAR Lv13, JIGGLYPUFF Lv17
Set #10 - Grass/Cave on ROTA  10 (rate=15) - JOLTEON Lv16, NIDORINO Lv16, HITMONCHAN Lv14, DRAGONAIR Lv11, LICKITUNG Lv13, PIKACHU Lv15, SNORLAX Lv17, KINGLER Lv17, BLASTOISE Lv13, VENUSAUR Lv17
Set #11 - Grass/Cave on ROTA  11 (rate=15) - GENGAR Lv14, MEWTWO Lv15, ELECTABUZZ Lv12, GRIMER Lv9, FLAREON Lv13, CLEFAIRY Lv13, DROWZEE Lv15, DIGLETT Lv17, MACHOP Lv11, NIDORINA Lv15
Set #12 - Grass/Cave on ROTA  12 (rate=15) - MUK Lv24, FEAROW Lv25, PARASECT Lv23, CHARIZARD Lv24, VAPOREON Lv22, PINSIR Lv26, VILEPLUME Lv26, ODDISH Lv27, ELECTRODE Lv28, VOLTORB Lv30
Set #13 - Grass/Cave on ROTA  13 (rate=20) - KABUTOPS Lv24, ZUBAT Lv25, MAGMAR Lv27, FARFETCH'D Lv24, PRIMEAPE Lv22, DODUO Lv26, AERODACTYL Lv26, BUTTERFREE Lv25, CLEFAIRY Lv28, LAPRAS Lv30
Set #14 - Grass/Cave on ROTA  14 (rate=15) - PIKACHU Lv24, GLOOM Lv26, RAICHU Lv23, PONYTA Lv24, NINETALES Lv22, DRAGONAIR Lv26, KABUTOPS Lv26, WARTORTLE Lv30, MACHAMP Lv28, GASTLY Lv30
Set #15 - Grass/Cave on ROTA  15 (rate=15) - HORSEA Lv24, NIDORAN♀ Lv26, EXEGGCUTE Lv23, MAGIKARP Lv26, BELLSPROUT Lv22, ONIX Lv28, WEEDLE Lv26, ELECTABUZZ Lv30, DRATINI Lv28, DROWZEE Lv30
Set #16 - Grass/Cave on ROTA  16 (rate=25) - RAPIDASH Lv20, GLOOM Lv22, CHARMELEON Lv18, CLOYSTER Lv20, SANDSHREW Lv20, PRIMEAPE Lv18, KABUTO Lv22, VICTREEBEL Lv22, DRATINI Lv23, SHELLDER Lv25
Set #17 - Grass/Cave on ROTA  17 (rate=25) - CHARIZARD Lv20, METAPOD Lv22, SEADRA Lv25, MAGNETON Lv24, ARCANINE Lv27, SLOWPOKE Lv26, NIDOKING Lv28, SPEAROW Lv29, MACHOP Lv25, EXEGGUTOR Lv27
Set #18 - Grass/Cave on ROTA  18 (rate=25) - TENTACRUEL Lv20, KANGASKHAN Lv22, MEOWTH Lv25, RATICATE Lv24, PIDGEOT Lv25, PORYGON Lv26, GENGAR Lv28, SLOWPOKE Lv29, MAGNETON Lv27, CHANSEY Lv29
Set #19 - Surfing on MAR ROTA  19, MAR ROTA  20 (rate=5) - CLEFABLE Lv5, PERSIAN Lv10, VENUSAUR Lv15, PONYTA Lv5, KINGLER Lv10, DRAGONITE Lv15, VENOMOTH Lv20, WARTORTLE Lv30, WEEPINBELL Lv35, ALAKAZAM Lv40
Set #20 - Grass/Cave on MAR ROTA  21 (rate=25) - DEWGONG Lv21, HITMONLEE Lv23, ODDISH Lv30, DROWZEE Lv23, GASTLY Lv21, DODUO Lv30, WEEPINBELL Lv32, STARMIE Lv28, MAGNEMITE Lv30, ELECTRODE Lv32
Set #21 - Surfing on MAR ROTA  21 (rate=5) - DROWZEE Lv5, GOLDUCK Lv10, VULPIX Lv15, STARMIE Lv5, OMASTAR Lv10, DUGTRIO Lv15, NIDORAN♂ Lv20, POLIWRATH Lv30, AERODACTYL Lv35, BELLSPROUT Lv40
Set #22 - Grass/Cave on ROTA  22 (rate=25) - PORYGON Lv3, DODRIO Lv3, TENTACRUEL Lv4, ABRA Lv4, HORSEA Lv2, MACHOKE Lv2, SNORLAX Lv3, SANDSLASH Lv5, WEEZING Lv3, METAPOD Lv4
Set #23 - Grass/Cave on ROTA  23 (rate=10) - MACHOP Lv26, ARTICUNO Lv33, PIKACHU Lv26, PONYTA Lv38, DRAGONAIR Lv38, NIDORAN♀ Lv38, KABUTO Lv41, CLEFAIRY Lv43, HYPNO Lv41, WARTORTLE Lv43
Set #24 - Grass/Cave on ROTA  24 (rate=25) - DRAGONITE Lv7, MANKEY Lv8, PIDGEOT Lv12, BEEDRILL Lv12, ALAKAZAM Lv13, MOLTRES Lv10, OMANYTE Lv14, NIDOQUEEN Lv13, EEVEE Lv8, CHARMELEON Lv12
Set #25 - Grass/Cave on ROTA  25 (rate=15) - JOLTEON Lv8, KOFFING Lv9, CHARMANDER Lv13, MAGNETON Lv12, KRABBY Lv13, LICKITUNG Lv12, VILEPLUME Lv14, PORYGON Lv10, VENUSAUR Lv7, MR.MIME Lv8
Set #26 - Grass/Cave on FLRST.VERIDIANA (1) (rate=8) - PIDGEY Lv4, GOLDUCK Lv5, MAROWAK Lv3, ARTICUNO Lv5, FARFETCH'D Lv4, SEADRA Lv6, GEODUDE Lv4, RHYHORN Lv3, GRAVELER Lv3, ARCANINE Lv5
Set #27 - Grass/Cave on MT.LUA (1) (rate=10) - CHARIZARD Lv8, EEVEE Lv7, SANDSLASH Lv9, KADABRA Lv8, NIDORAN♂ Lv6, VENOMOTH Lv10, DRAGONITE Lv10, TENTACOOL Lv8, FLAREON Lv11, WEEZING Lv8
Set #28 - Grass/Cave on MT.LUA (2) (rate=10) - MUK Lv8, WEEDLE Lv7, CHARMELEON Lv7, EXEGGCUTE Lv8, STARYU Lv9, PRIMEAPE Lv10, GRIMER Lv10, POLIWAG Lv11, GOLEM Lv9, ELECTABUZZ Lv9
Set #29 - Grass/Cave on MT.LUA (3) (rate=10) - BLASTOISE Lv9, KANGASKHAN Lv9, GYARADOS Lv10, DUGTRIO Lv10, PARASECT Lv11, SEADRA Lv10, NIDORINA Lv12, GOLBAT Lv10, CLOYSTER Lv12, MEOWTH Lv12
Set #30 - Grass/Cave on TむNEL ROCK (2) (rate=15) - HITMONLEE Lv16, VENOMOTH Lv17, ODDISH Lv17, PIDGEY Lv15, RHYHORN Lv16, TENTACOOL Lv18, KOFFING Lv15, KRABBY Lv17, PONYTA Lv13, PSYDUCK Lv15
Set #31 - Grass/Cave on USINA (1) (rate=10) - MOLTRES Lv21, DRAGONITE Lv21, MAGNEMITE Lv20, KADABRA Lv24, MACHAMP Lv23, EEVEE Lv23, EKANS Lv32, OMASTAR Lv35, MAGMAR Lv33, VENOMOTH Lv36
Set #32 - Grass/Cave on ESTR.DA VIT. (1) (rate=15) - JIGGLYPUFF Lv24, MACHOP Lv26, TAUROS Lv22, OMANYTE Lv36, ARTICUNO Lv39, EXEGGCUTE Lv42, RAICHU Lv41, ZAPDOS Lv41, HORSEA Lv42, SQUIRTLE Lv43
Set #33 - Grass/Cave on [POKé]MON TORRE (3) (rate=10) - VAPOREON Lv20, GLOOM Lv21, RATICATE Lv22, HAUNTER Lv23, GROWLITHE Lv19, DEWGONG Lv18, PARASECT Lv24, TANGELA Lv20, VILEPLUME Lv22, MR.MIME Lv25
Set #34 - Grass/Cave on [POKé]MON TORRE (4) (rate=10) - NIDOQUEEN Lv20, GOLBAT Lv21, PARAS Lv22, SPEAROW Lv23, KINGLER Lv19, HITMONLEE Lv18, KOFFING Lv25, WEEDLE Lv20, TENTACOOL Lv22, TAUROS Lv24
Set #35 - Grass/Cave on [POKé]MON TORRE (5) (rate=10) - WEEZING Lv20, DIGLETT Lv21, POLIWHIRL Lv22, WIGGLYTUFF Lv23, SLOWBRO Lv19, KADABRA Lv18, DODUO Lv25, SEEL Lv20, ARCANINE Lv22, MEW Lv24
Set #36 - Grass/Cave on [POKé]MON TORRE (6) (rate=15) - SQUIRTLE Lv21, SCYTHER Lv22, DEWGONG Lv23, LICKITUNG Lv24, ARBOK Lv20, MAGIKARP Lv19, MEW Lv26, ALAKAZAM Lv22, RATICATE Lv24, STARMIE Lv28
Set #37 - Grass/Cave on [POKé]MON TORRE (7) (rate=15) - GOLEM Lv21, STARYU Lv22, KRABBY Lv23, KAKUNA Lv24, SLOWBRO Lv20, PIDGEOT Lv28, OMANYTE Lv22, TANGELA Lv24, NIDORAN♀ Lv28, PSYDUCK Lv30
Set #38 - Grass/Cave on ILHA DE SEAFOAM (1) (rate=10) - ARBOK Lv30, ABRA Lv30, FLAREON Lv32, DRAGONAIR Lv32, POLIWAG Lv28, MACHOKE Lv30, KOFFING Lv30, MANKEY Lv28, NINETALES Lv38, METAPOD Lv37
Set #39 - Grass/Cave on ILHA DE SEAFOAM (2) (rate=10) - GOLDEEN Lv30, EKANS Lv30, NIDORINA Lv32, ARTICUNO Lv32, MEWTWO Lv28, POLIWAG Lv30, POLIWHIRL Lv30, GRAVELER Lv28, PIDGEOTTO Lv30, POLIWRATH Lv37
Set #40 - Grass/Cave on ILHA DE SEAFOAM (3) (rate=10) - RAPIDASH Lv31, ARCANINE Lv31, HAUNTER Lv33, ALAKAZAM Lv33, MAGIKARP Lv29, JYNX Lv31, TANGELA Lv31, RAICHU Lv29, VOLTORB Lv39, PSYDUCK Lv37
Set #41 - Grass/Cave on ILHA DE SEAFOAM (4) (rate=10) - KANGASKHAN Lv31, VENONAT Lv31, DUGTRIO Lv33, GRIMER Lv33, MAROWAK Lv29, TANGELA Lv31, WEEZING Lv31, GYARADOS Lv29, SEEL Lv39, GENGAR Lv32
Set #42 - Grass/Cave on [pk] MANSめO (1) (rate=10) - PIDGEOTTO Lv32, VICTREEBEL Lv30, GOLDEEN Lv34, LAPRAS Lv30, KABUTO Lv34, JOLTEON Lv32, CHARMELEON Lv30, SEEL Lv28, EXEGGCUTE Lv37, DITTO Lv39
Set #43 - Grass/Cave on ILHA DE SEAFOAM (5) (rate=15) - NINETALES Lv30, DITTO Lv30, SHELLDER Lv30, MACHOKE Lv30, PIDGEOTTO Lv28, AERODACTYL Lv21, VICTREEBEL Lv29, IVYSAUR Lv28, SEEL Lv28, MOLTRES Lv38
Set #44 - Grass/Cave on ESTR.DA VIT. (2) (rate=10) - NIDORINA Lv22, MACHAMP Lv24, EKANS Lv26, BEEDRILL Lv36, PARAS Lv39, MEWTWO Lv42, RHYHORN Lv41, ODDISH Lv40, NIDOKING Lv40, JOLTEON Lv43
Set #45 - Grass/Cave on CAV. DIGGLET (1) (rate=20) - TAUROS Lv18, PINSIR Lv19, SPEAROW Lv17, CLEFABLE Lv20, OMASTAR Lv16, NIDORINO Lv15, LAPRAS Lv21, RHYDON Lv22, GEODUDE Lv29, VULPIX Lv31
Set #46 - Grass/Cave on ESTR.DA VIT. (3) (rate=15) - DODRIO Lv24, ELECTABUZZ Lv26, MAROWAK Lv22, SEADRA Lv42, BULBASAUR Lv40, ONIX Lv45, FEAROW Lv43, CHARMANDER Lv41, MAGMAR Lv42, VENONAT Lv45
Set #47 - Grass/Cave on [pk] MANSめO (2) (rate=10) - KRABBY Lv32, LAPRAS Lv34, MOLTRES Lv34, GYARADOS Lv30, NIDORAN♀ Lv30, HYPNO Lv32, KABUTOPS Lv30, MAGNEMITE Lv28, STARYU Lv39, NIDOQUEEN Lv37
Set #48 - Grass/Cave on [pk] MANSめO (3) (rate=10) - MEW Lv31, ABRA Lv33, EKANS Lv35, HITMONCHAN Lv32, MACHAMP Lv34, OMANYTE Lv40, POLIWRATH Lv34, GROWLITHE Lv38, JYNX Lv36, KANGASKHAN Lv42
Set #49 - Grass/Cave on [pk] MANSめO (4) (rate=10) - PINSIR Lv33, PSYDUCK Lv31, PIDGEOTTO Lv35, GOLBAT Lv32, DITTO Lv31, NIDORINO Lv40, RHYDON Lv34, GRAVELER Lv35, TENTACOOL Lv38, SEAKING Lv42
Set #50 - Grass/Cave on ZONA SAFARI (2) (rate=30) - VULPIX Lv24, STARYU Lv26, HYPNO Lv22, ARBOK Lv25, ABRA Lv33, NINETALES Lv23, VICTREEBEL Lv24, SANDSHREW Lv25, SQUIRTLE Lv25, SHELLDER Lv28
Set #51 - Grass/Cave on ZONA SAFARI (3) (rate=30) - AERODACTYL Lv22, ZAPDOS Lv26, SLOWPOKE Lv23, POLIWHIRL Lv25, BULBASAUR Lv30, DRATINI Lv27, SHELLDER Lv30, VULPIX Lv32, POLIWAG Lv26, GASTLY Lv28
Set #52 - Grass/Cave on ZONA SAFARI (4) (rate=30) - HORSEA Lv25, DODRIO Lv26, KABUTOPS Lv23, METAPOD Lv24, SNORLAX Lv33, FARFETCH'D Lv26, ZAPDOS Lv25, SCYTHER Lv31, MEWTWO Lv26, NIDOQUEEN Lv28
Set #53 - Grass/Cave on ZONA SAFARI (5) (rate=30) - GRAVELER Lv22, ZUBAT Lv25, GENGAR Lv22, SEAKING Lv24, WIGGLYTUFF Lv31, VAPOREON Lv25, PARAS Lv31, SQUIRTLE Lv30, GLOOM Lv23, CATERPIE Lv23
Set #54 - Grass/Cave on CAV. CERULEAN (1) (rate=15) - FARFETCH'D Lv51, HAUNTER Lv51, HITMONCHAN Lv51, CUBONE Lv52, VOLTORB Lv52, RATTATA Lv52, PARASECT Lv56, GOLDEEN Lv54, CLEFAIRY Lv55, IVYSAUR Lv60
Set #55 - Grass/Cave on CAV. CERULEAN (2) (rate=25) - CHANSEY Lv55, BEEDRILL Lv55, HAUNTER Lv55, ONIX Lv64, POLIWRATH Lv64, BLASTOISE Lv64, JIGGLYPUFF Lv57, IVYSAUR Lv65, HITMONCHAN Lv63, MEOWTH Lv67
Set #56 - Grass/Cave on CAV. CERULEAN (3) (rate=10) - RAICHU Lv46, WIGGLYTUFF Lv46, GOLEM Lv46, RAPIDASH Lv49, ZAPDOS Lv49, MEOWTH Lv52, WEEPINBELL Lv49, PORYGON Lv52, CUBONE Lv53, VOLTORB Lv53
Set #57 - Grass/Cave on TむNEL ROCK (3) (rate=15) - WIGGLYTUFF Lv16, BUTTERFREE Lv17, CHARMANDER Lv17, VENUSAUR Lv15, PERSIAN Lv16, CATERPIE Lv18, PRIMEAPE Lv17, RHYDON Lv17, WEEPINBELL Lv13, DODUO Lv18
Set #58 - Old Rod Fishing (rate=0) - GEODUDE Lv5
Set #59 - Good Rod Fishing (rate=0) - HITMONLEE Lv10, CATERPIE Lv10
Set #60 - Super Rod Fishing on PALLET     , VERIDIANA     (rate=0) - BLASTOISE Lv15, LICKITUNG Lv15
Set #61 - Super Rod Fishing on CERULEAN     , ROTA  4, ROTA  24, ROTA  25, CERULEAN (Building) (rate=0) - DEWGONG Lv15, GRIMER Lv15, SANDSLASH Lv15
Set #62 - Super Rod Fishing on VERMILION     , ROTA  6, ROTA  11, VERMILION (Building) (rate=0) - SEAKING Lv15, SLOWBRO Lv15
Set #63 - Super Rod Fishing on CELADON     , ROTA  10 (rate=0) - TENTACRUEL Lv23, MR.MIME Lv15
Set #64 - Super Rod Fishing on FIUCHA       (rate=0) - FLAREON Lv23, GOLBAT Lv15, DITTO Lv15, RHYDON Lv15
Set #65 - Super Rod Fishing on ILHA DE CINABAR, MAR ROTA  19, MAR ROTA  20, MAR ROTA  21, ILHA DE SEAFOAM (3), ILHA DE SEAFOAM (4) (rate=0) - WARTORTLE Lv15, MACHOKE Lv15, IVYSAUR Lv15, JYNX Lv15
Set #66 - Super Rod Fishing on ROTA  12, ROTA  13, ROTA  17, ROTA  18 (rate=0) - GOLDUCK Lv5, BEEDRILL Lv15, NIDOKING Lv15, RHYHORN Lv15
Set #67 - Super Rod Fishing on ROTA  22 (rate=0) - GEODUDE Lv15, JIGGLYPUFF Lv15
Set #68 - Super Rod Fishing on ROTA  23, CAV. CERULEAN (1), CAV. CERULEAN (2), CAV. CERULEAN (3) (rate=0) - TAUROS Lv23, RATTATA Lv23, BULBASAUR Lv23, PINSIR Lv23
Set #69 - Super Rod Fishing on ZONA SAFARI (2), ZONA SAFARI (3), ZONA SAFARI (4), ZONA SAFARI (5) (rate=0) - VILEPLUME Lv15, MEW Lv15, MUK Lv15, STARMIE Lv15

TM Moves: Unchanged.

------------------------------------------------------------------
Randomization of Pokemon Blue (U) completed.
Time elapsed: 126ms
RNG Calls: 2063
------------------------------------------------------------------
