Lunar IPS (LIPS) Version 1.01
Apply IPS Patch Log

Offset    Size    RLE    IPS_File_Range       IPS_File_Size
------    ----    ID     00000000-00000004        5
001BE8       1    No     00000005-0000000A        6
001BF2       3    No     0000000B-00000012        8
001D1A       1    No     00000013-00000018        6
001D8F       1    No     00000019-0000001E        6
001FFC      1D    No     0000001F-00000040       22
0022C4       2    No     00000041-00000047        7
0023BF      12    No     00000048-0000005E       17
0023D1       E    Yes    0000005F-00000066        8
002432      1C    No     00000067-00000087       21
00244E       D    Yes    00000088-0000008F        8
00262A       1    No     00000090-00000095        6
00268C      14    No     00000096-000000AE       19
0026D4      15    No     000000AF-000000C8       1A
002D1B       F    Yes    000000C9-000000D0        8
002D70       1    No     000000D1-000000D6        6
002D71      19    Yes    000000D7-000000DE        8
002D8B       1    No     000000DF-000000E4        6
002D8C      19    Yes    000000E5-000000EC        8
002DCF       1    No     000000ED-000000F2        6
002E6A       A    No     000000F3-00000101        F
002E7B       1    No     00000102-00000107        6
003F35       C    No     00000108-00000118       11
00406F      94    No     00000119-000001B1       99
004103      20    Yes    000001B2-000001B9        8
008C11       4    No     000001BA-000001C2        9
008D87       2    No     000001C3-000001C9        7
008F5C       7    No     000001CA-000001D5        C
008F6C       B    No     000001D6-000001E5       10
008F80       1    No     000001E6-000001EB        6
01218B      1B    No     000001EC-0000020B       20
012279      12    No     0000020C-00000222       17
01228B       D    Yes    00000223-0000022A        8
012491       D    No     0000022B-0000023C       12
0124A7      4B    No     0000023D-0000028C       50
01B457       2    No     0000028D-00000293        7
01BBEC      36    No     00000294-000002CE       3B
01BC23       D    Yes    000002CF-000002D6        8
01BC30    2C10    No     000002D7-00002EEB     2C15
01E840      E6    Yes    00002EEC-00002EF3        8
01FF70      1A    No     00002EF4-00002F12       1F
020E57       1    No     00002F13-00002F18        6
0215B5       4    No     00002F19-00002F21        9
0215F1       4    No     00002F22-00002F2A        9
021E5D       1    No     00002F2B-00002F30        6
021E89       5    No     00002F31-00002F3A        A
021EF6       1    No     00002F3B-00002F40        6
022378       5    No     00002F41-00002F4A        A
0225CE       5    No     00002F4B-00002F54        A
022816       1    No     00002F55-00002F5A        6
02283F       A    No     00002F5B-00002F69        F
022865       5    No     00002F6A-00002F73        A
022876       A    No     00002F74-00002F82        F
0228AF       1    No     00002F83-00002F88        6
0228C0       A    No     00002F89-00002F97        F
0228F7       1    No     00002F98-00002F9D        6
022908       6    No     00002F9E-00002FA8        B
02294B       1    No     00002FA9-00002FAE        6
022CE1       5    No     00002FAF-00002FB8        A
022E63       1    No     00002FB9-00002FBE        6
022E80       1    No     00002FBF-00002FC4        6
022ED5       5    No     00002FC5-00002FCE        A
022EE1       1    No     00002FCF-00002FD4        6
0231E0       1    No     00002FD5-00002FDA        6
023257       6    No     00002FDB-00002FE5        B
0233D2       1    No     00002FE6-00002FEB        6
02350B       5    No     00002FEC-00002FF5        A
02353E       1    No     00002FF6-00002FFB        6
0236A2       1    No     00002FFC-00003001        6
023C33       1    No     00003002-00003007        6
023CD8       1    No     00003008-0000300D        6
023CF8       1    No     0000300E-00003013        6
02405B       1    No     00003014-00003019        6
024161       1    No     0000301A-0000301F        6
024183       1    No     00003020-00003025        6
0241AF       1    No     00003026-0000302B        6
02426A       1    No     0000302C-00003031        6
0242D7       1    No     00003032-00003037        6
02430C       1    No     00003038-0000303D        6
0243EB       1    No     0000303E-00003043        6
02441A       1    No     00003044-00003049        6
024492       1    No     0000304A-0000304F        6
0244AD       5    No     00003050-00003059        A
0247D7       1    No     0000305A-0000305F        6
0247E0       1    No     00003060-00003065        6
025E57       5    No     00003066-0000306F        A
028065      20    No     00003070-00003094       25
028095      20    No     00003095-000030B9       25
0280E6      1E    No     000030BA-000030DC       23
02810A       B    No     000030DD-000030EC       10
02814A      36    No     000030ED-00003127       3B
028189      1C    No     00003128-00003148       21
028235      2B    No     00003149-00003178       30
02826C      29    No     00003179-000031A6       2E
0282A5      20    No     000031A7-000031CB       25
0282CC      26    No     000031CC-000031F6       2B
028345      1B    No     000031F7-00003216       20
028413       2    No     00003217-0000321D        7
028423       2    No     0000321E-00003224        7
028433       2    No     00003225-0000322B        7
02843D       8    Yes    0000322C-00003233        8
02844D       8    Yes    00003234-0000323B        8
02845D       8    Yes    0000323C-00003243        8
02848D       2    No     00003244-0000324A        7
02849D       2    No     0000324B-00003251        7
0284AD       2    No     00003252-00003258        7
0288B7       1    No     00003259-0000325E        6
028955      20    No     0000325F-00003283       25
028986      3F    No     00003284-000032C7       44
0289D5      5F    No     000032C8-0000332B       64
028A85      C0    No     0000332C-000033F0       C5
028B4D       8    No     000033F1-000033FD        D
028B5D      47    No     000033FE-00003449       4C
028BAD       8    No     0000344A-00003456        D
028BBD      88    No     00003457-000034E3       8D
028D95      40    No     000034E4-00003528       45
028E85      40    No     00003529-0000356D       45
029085      40    No     0000356E-000035B2       45
029115      40    No     000035B3-000035F7       45
029295      40    No     000035F8-0000363C       45
0292E5      40    No     0000363D-00003681       45
029355     278    No     00003682-000038FE      27D
0295CD       8    Yes    000038FF-00003906        8
029621       8    No     00003907-00003913        D
029641       8    No     00003914-00003920        D
0296A1       8    No     00003921-0000392D        D
0296C1       8    No     0000392E-0000393A        D
029721       8    No     0000393B-00003947        D
029741       8    No     00003948-00003954        D
0297A1       8    No     00003955-00003961        D
0297C1       8    No     00003962-0000396E        D
029821       8    No     0000396F-0000397B        D
029841       8    No     0000397C-00003988        D
0298A1       8    No     00003989-00003995        D
0298C1       8    No     00003996-000039A2        D
0299D7       6    No     000039A3-000039AD        B
029A39      B9    No     000039AE-00003A6B       BE
029AF9       1    No     00003A6C-00003A71        6
029B01       1    No     00003A72-00003A77        6
02A11D       8    No     00003A78-00003A84        D
02A12D       8    No     00003A85-00003A91        D
02A13D       8    No     00003A92-00003A9E        D
02A14D       8    No     00003A9F-00003AAB        D
02A53D       8    Yes    00003AAC-00003AB3        8
02A556       6    No     00003AB4-00003ABE        B
02A7C5      20    No     00003ABF-00003AE3       25
02A8B5      20    No     00003AE4-00003B08       25
02AB66      1E    No     00003B09-00003B2B       23
02AB8A       B    No     00003B2C-00003B3B       10
02AC5A      36    No     00003B3C-00003B76       3B
02AC99      1C    No     00003B77-00003B97       21
02AD65      2B    No     00003B98-00003BC7       30
02AD9C      29    No     00003BC8-00003BF5       2E
02AE45      20    No     00003BF6-00003C1A       25
02AE6C      26    No     00003C1B-00003C45       2B
02AEE5      1B    No     00003C46-00003C65       20
02AF85      40    No     00003C66-00003CAA       45
02AFD1       C    No     00003CAB-00003CBB       11
02AFE8       5    No     00003CBC-00003CC5        A
02AFF5      1D    No     00003CC6-00003CE7       22
02B035      48    No     00003CE8-00003D34       4D
02B085       3    No     00003D35-00003D3C        8
02B095      1D    No     00003D3D-00003D5E       22
02B115      48    No     00003D5F-00003DAB       4D
02B165      10    No     00003DAC-00003DC0       15
02B1A5      48    No     00003DC1-00003E0D       4D
02B1F5       D    No     00003E0E-00003E1F       12
02B285      50    No     00003E20-00003E74       55
02B2D7       6    Yes    00003E75-00003E7C        8
02B315      4A    No     00003E7D-00003ECB       4F
02B3C5      40    No     00003ECC-00003F10       45
02B435      3D    No     00003F11-00003F52       42
02B635       2    No     00003F53-00003F59        7
02B655       2    No     00003F5A-00003F60        7
02B698       1    No     00003F61-00003F66        6
02B6B8       1    No     00003F67-00003F6C        6
02B6EF       3    No     00003F6D-00003F74        8
02B70F       3    No     00003F75-00003F7C        8
02B74D       7    No     00003F7D-00003F88        C
02B76D       7    No     00003F89-00003F94        C
02B8C6       E    No     00003F95-00003FA7       13
02B8EB       1    No     00003FA8-00003FAD        6
02B8F3       1    No     00003FAE-00003FB3        6
02B90D       8    No     00003FB4-00003FC0        D
02B91D       8    No     00003FC1-00003FCD        D
02B93D       8    No     00003FCE-00003FDA        D
02B94D       8    No     00003FDB-00003FE7        D
02B960       5    No     00003FE8-00003FF1        A
02B96E       6    No     00003FF2-00003FFC        B
02B97E       6    No     00003FFD-00004007        B
02B992       3    No     00004008-0000400F        8
02B9A2       3    No     00004010-00004017        8
02B9AE       6    No     00004018-00004022        B
02B9BE       6    No     00004023-0000402D        B
02B9D0       5    No     0000402E-00004037        A
02B9DD       6    No     00004038-00004042        B
02B9ED       3    No     00004043-0000404A        8
02BA01       4    No     0000404B-00004053        9
02BA0D       8    No     00004054-00004060        D
02BA4D       8    No     00004061-0000406D        D
02BA61       4    No     0000406E-00004076        9
02BA6D       3    No     00004077-0000407E        8
02BA7D       6    No     0000407F-00004089        B
02BA94       4    No     0000408A-00004092        9
02BA9E      17    No     00004093-000040AE       1C
02BABD       8    No     000040AF-000040BB        D
02BAFD      1B    No     000040BC-000040DB       20
02BB1E       7    No     000040DC-000040E7        C
02BB34       1    No     000040E8-000040ED        6
02BB3D       7    No     000040EE-000040F9        C
02BB4D       3    No     000040FA-00004101        8
02BB5D       5    No     00004102-0000410B        A
02BBCD       5    No     0000410C-00004115        A
02BBDD       3    No     00004116-0000411D        8
02BBED       7    No     0000411E-00004129        C
02BC75       8    No     0000412A-00004136        D
02BC86       7    No     00004137-00004142        C
02BC96       7    No     00004143-0000414E        C
02BCA5       8    No     0000414F-0000415B        D
02BCB5       8    No     0000415C-00004168        D
02BCC5       8    No     00004169-00004175        D
02BCD5       8    No     00004176-00004182        D
02BCE5       8    No     00004183-0000418F        D
02BCF5       8    No     00004190-0000419C        D
02BD05       8    No     0000419D-000041A9        D
02BD15       8    No     000041AA-000041B6        D
02BD25       8    No     000041B7-000041C3        D
02BD35       8    No     000041C4-000041D0        D
02BD45       8    No     000041D1-000041DD        D
02BD55       7    No     000041DE-000041E9        C
02BD65       8    No     000041EA-000041F6        D
02BE39       1    No     000041F7-000041FC        6
02BE3A      1A    Yes    000041FD-00004204        8
02BE54       6    No     00004205-0000420F        B
02BE5A      1A    Yes    00004210-00004217        8
02BE74       6    No     00004218-00004222        B
02BE7A      1A    Yes    00004223-0000422A        8
02BE94       1    No     0000422B-00004230        6
02BEB0       5    No     00004231-0000423A        A
02BECF       6    No     0000423B-00004245        B
02BEEF       6    No     00004246-00004250        B
02BF0F       6    No     00004251-0000425B        B
02BF2F       6    No     0000425C-00004266        B
02BF4F       6    No     00004267-00004271        B
02BF6F       6    No     00004272-0000427C        B
02BF8F       6    No     0000427D-00004287        B
02BFAF       6    No     00004288-00004292        B
02BFCF       6    No     00004293-0000429D        B
02BFEF       6    No     0000429E-000042A8        B
02C00F       6    No     000042A9-000042B3        B
02C02F       6    No     000042B4-000042BE        B
02C03D       1    No     000042BF-000042C4        6
02C04F       6    No     000042C5-000042CF        B
02C05D       1    No     000042D0-000042D5        6
02C06F       6    No     000042D6-000042E0        B
02C08F       6    No     000042E1-000042EB        B
02C09F       1    No     000042EC-000042F1        6
02C0AF       6    No     000042F2-000042FC        B
02C0CF       6    No     000042FD-00004307        B
02C0EF       6    No     00004308-00004312        B
02C10F       B    No     00004313-00004322       10
02C11A      1A    Yes    00004323-0000432A        8
02C134       6    No     0000432B-00004335        B
02C13A      1A    Yes    00004336-0000433D        8
02C154       6    No     0000433E-00004348        B
02C15A      1A    Yes    00004349-00004350        8
02C174       1    No     00004351-00004356        6
02C1F8       1    No     00004357-0000435C        6
02C21D       8    No     0000435D-00004369        D
02C22D       8    No     0000436A-00004376        D
02C24D       8    No     00004377-00004383        D
02C25D       8    No     00004384-00004390        D
02C270       5    No     00004391-0000439A        A
02C27E       6    No     0000439B-000043A5        B
02C28E       6    No     000043A6-000043B0        B
02C2A2       3    No     000043B1-000043B8        8
02C2B2       3    No     000043B9-000043C0        8
02C2BE       6    No     000043C1-000043CB        B
02C2CE       6    No     000043CC-000043D6        B
02C2E0       5    No     000043D7-000043E0        A
02C2ED       6    No     000043E1-000043EB        B
02C2FD       3    No     000043EC-000043F3        8
02C311       4    No     000043F4-000043FC        9
02C31D       8    No     000043FD-00004409        D
02C35D       8    No     0000440A-00004416        D
02C371       4    No     00004417-0000441F        9
02C37D       3    No     00004420-00004427        8
02C38D       6    No     00004428-00004432        B
02C3A4       4    No     00004433-0000443B        9
02C3AE      17    No     0000443C-00004457       1C
02C3CD       8    No     00004458-00004464        D
02C40D      1B    No     00004465-00004484       20
02C42E       7    No     00004485-00004490        C
02C444       1    No     00004491-00004496        6
02C44D      18    No     00004497-000044B3       1D
02C46D       5    No     000044B4-000044BD        A
02C4AD       5    No     000044BE-000044C7        A
02C4BD       3    No     000044C8-000044CF        8
02C4CD       7    No     000044D0-000044DB        C
02C516       7    No     000044DC-000044E7        C
02C526       7    No     000044E8-000044F3        C
02C535       7    No     000044F4-000044FF        C
02C54B       2    No     00004500-00004506        7
02C59A       3    No     00004507-0000450E        8
02C649       1    No     0000450F-00004514        6
02C64A      16    Yes    00004515-0000451C        8
02C660       1    No     0000451D-00004522        6
02C669       1    No     00004523-00004528        6
02C66A      16    Yes    00004529-00004530        8
02C680       1    No     00004531-00004536        6
02C689       3    No     00004537-0000453E        8
02C68C      12    Yes    0000453F-00004546        8
02C69E       3    No     00004547-0000454E        8
02C6AB       1    No     0000454F-00004554        6
02C6AC      12    Yes    00004555-0000455C        8
02C6BE       1    No     0000455D-00004562        6
02C6C6       6    No     00004563-0000456D        B
02C6CC      12    Yes    0000456E-00004575        8
02C6DE       1    No     00004576-0000457B        6
02C77A       3    No     0000457C-00004583        8
02C796       5    Yes    00004584-0000458B        8
02C7D6       5    Yes    0000458C-00004593        8
02C7FA       1    No     00004594-00004599        6
02C806       6    No     0000459A-000045A4        B
02C80C      12    Yes    000045A5-000045AC        8
02C82C      12    Yes    000045AD-000045B4        8
02C90B       1    No     000045B5-000045BA        6
02C90C      12    Yes    000045BB-000045C2        8
02C91E       1    No     000045C3-000045C8        6
02C929       3    No     000045C9-000045D0        8
02C92C      12    Yes    000045D1-000045D8        8
02C93E       E    No     000045D9-000045EB       13
02C94C      12    Yes    000045EC-000045F3        8
02C95E       3    No     000045F4-000045FB        8
02C969       3    No     000045FC-00004603        8
02C96C      12    Yes    00004604-0000460B        8
02C97E       3    No     0000460C-00004613        8
02C989       1    No     00004614-00004619        6
02C98A      16    Yes    0000461A-00004621        8
02C9A0       5    No     00004622-0000462B        A
02C9A5      20    Yes    0000462C-00004633        8
02CA08       1    No     00004634-00004639        6
02D1D5      B0    Yes    0000463A-00004641        8
02D296      6F    No     00004642-000046B5       74
02D3B5      10    Yes    000046B6-000046BD        8
02D3C5      30    No     000046BE-000046F2       35
02D415      30    No     000046F3-00004727       35
02D465      10    No     00004728-0000473C       15
02D575      42    Yes    0000473D-00004744        8
02D5B7       1    No     00004745-0000474A        6
02D5B8      1A    Yes    0000474B-00004752        8
02D5D2       6    No     00004753-0000475D        B
02D5E1       1    No     0000475E-00004763        6
02D5E2      10    Yes    00004764-0000476B        8
02D5F2       6    No     0000476C-00004776        B
02D614       4    No     00004777-0000477F        9
02D633       5    No     00004780-00004789        A
02D653       5    No     0000478A-00004793        A
02D673       5    No     00004794-0000479D        A
02D693       5    No     0000479E-000047A7        A
02D6B3       5    No     000047A8-000047B1        A
02D6D3       5    No     000047B2-000047BB        A
02D6F3       5    No     000047BC-000047C5        A
02D6F8       9    Yes    000047C6-000047CD        8
02D713       5    No     000047CE-000047D7        A
02D718       9    Yes    000047D8-000047DF        8
02D733       5    No     000047E0-000047E9        A
02D738       9    Yes    000047EA-000047F1        8
02D754       4    No     000047F2-000047FA        9
02D773       5    No     000047FB-00004804        A
02D793       5    No     00004805-0000480E        A
02D7B3       5    No     0000480F-00004818        A
02D7D3       D    No     00004819-0000482A       12
02D7F3       5    No     0000482B-00004834        A
02D813       5    No     00004835-0000483E        A
02D833       C    No     0000483F-0000484F       11
02D853       5    No     00004850-00004859        A
02D873       5    No     0000485A-00004863        A
02D894       4    No     00004864-0000486C        9
02D8B3       5    No     0000486D-00004876        A
02D8B8       9    Yes    00004877-0000487E        8
02D8D3       4    Yes    0000487F-00004886        8
02D8F3      42    Yes    00004887-0000488E        8
02D99D       8    No     0000488F-0000489B        D
02D9AD       8    No     0000489C-000048A8        D
02D9CD       8    No     000048A9-000048B5        D
02D9DD       8    No     000048B6-000048C2        D
02DA4E       6    No     000048C3-000048CD        B
02DA5E       6    No     000048CE-000048D8        B
02DA72       3    No     000048D9-000048E0        8
02DB25      10    No     000048E1-000048F5       15
02DB52       3    No     000048F6-000048FD        8
02DB5E       6    No     000048FE-00004908        B
02DB6E       6    No     00004909-00004913        B
02DB7D       3    No     00004914-0000491B        8
02DB91       4    No     0000491C-00004924        9
02DB9D       8    No     00004925-00004931        D
02DC0D       8    No     00004932-0000493E        D
02DC21       4    No     0000493F-00004947        9
02DC2D       3    No     00004948-0000494F        8
02DC36       2    No     00004950-00004956        7
02DC3E      17    No     00004957-00004972       1C
02DC5D       8    No     00004973-0000497F        D
02DC8D      1B    No     00004980-0000499F       20
02DCAE       7    No     000049A0-000049AB        C
02DCBD       3    No     000049AC-000049B3        8
02DCCD       5    No     000049B4-000049BD        A
02DCDD       5    No     000049BE-000049C7        A
02DCED      E5    No     000049C8-00004AB1       EA
02DE25      14    Yes    00004AB2-00004AB9        8
02DE39       4    No     00004ABA-00004AC2        9
02DE45       8    No     00004AC3-00004ACF        D
02DE55       8    No     00004AD0-00004ADC        D
02DE65       8    Yes    00004ADD-00004AE4        8
02DE75      17    No     00004AE5-00004B00       1C
02DE95       7    No     00004B01-00004B0C        C
02DEA5       8    No     00004B0D-00004B19        D
02DEB5       7    No     00004B1A-00004B25        C
02DEC5       8    No     00004B26-00004B32        D
02DED5      10    No     00004B33-00004B47       15
02DEE6      17    Yes    00004B48-00004B4F        8
02DF07       6    No     00004B50-00004B5A        B
02DF17       6    No     00004B5B-00004B65        B
02DF25       8    No     00004B66-00004B72        D
02DF35       8    No     00004B73-00004B7F        D
02DF46       7    No     00004B80-00004B8B        C
02DF56       7    No     00004B8C-00004B97        C
02DF65       8    No     00004B98-00004BA4        D
02DF75       8    No     00004BA5-00004BB1        D
02DF85      11    Yes    00004BB2-00004BB9        8
02DFA5       8    No     00004BBA-00004BC6        D
02DFB5       8    No     00004BC7-00004BD3        D
02DFC5       7    No     00004BD4-00004BDF        C
02DFD5       7    No     00004BE0-00004BEB        C
02DFE5       8    No     00004BEC-00004BF8        D
02DFF5       8    No     00004BF9-00004C05        D
02E188       2    No     00004C06-00004C0C        7
02E1A8       2    No     00004C0D-00004C13        7
02E1E8       2    No     00004C14-00004C1A        7
02E208       2    No     00004C1B-00004C21        7
02E28E       1    No     00004C22-00004C27        6
02E2AE       1    No     00004C28-00004C2D        6
02E478       4    No     00004C2E-00004C36        9
02E496       8    No     00004C37-00004C43        D
02EADC     18B    No     00004C44-00004DD3      190
02F948       1    No     00004DD4-00004DD9        6
02FC5D     1DD    No     00004DDA-00004FBB      1E2
03002D      25    No     00004FBC-00004FE5       2A
030059      1D    No     00004FE6-00005007       22
030081       B    No     00005008-00005017       10
030097      25    No     00005018-00005041       2A
03011B       1    No     00005042-00005047        6
030123       3    No     00005048-0000504F        8
03012D      15    No     00005050-00005069       1A
03015D       7    No     0000506A-00005075        C
030179       1    No     00005076-0000507B        6
03018F      23    No     0000507C-000050A3       28
0301D7       A    Yes    000050A4-000050AB        8
0301E1      11    No     000050AC-000050C1       16
0301F9     18C    No     000050C2-00005252      191
0303A1      2A    No     00005253-00005281       2F
0303D6      15    No     00005282-0000529B       1A
030403      36    No     0000529C-000052D6       3B
03043F      19    No     000052D7-000052F4       1E
03045F       8    No     000052F5-00005301        D
030467       C    Yes    00005302-00005309        8
030479      49    No     0000530A-00005357       4E
030588     14F    No     00005358-000054AB      154
03070B       8    No     000054AC-000054B8        D
03072D       A    No     000054B9-000054C7        F
03075C      21    No     000054C8-000054ED       26
0307DA     171    No     000054EE-00005663      176
030955      11    Yes    00005664-0000566B        8
030966     18E    No     0000566C-000057FE      193
030AF4     48F    Yes    000057FF-00005806        8
030F83      14    No     00005807-0000581F       19
030F9D     6F2    No     00005820-00005F16      6F7
031697       1    No     00005F17-00005F1C        6
0316E9     282    No     00005F1D-000061A3      287
031971       7    No     000061A4-000061AF        C
031985       1    No     000061B0-000061B5        6
03198D       1    No     000061B6-000061BB        6
031995      1F    No     000061BC-000061DF       24
031A0F      4E    No     000061E0-00006232       53
031A5D       E    Yes    00006233-0000623A        8
031A6B     21F    No     0000623B-0000645E      224
031CB2     13E    No     0000645F-000065A1      143
031DF6    1190    No     000065A2-00007736     1195
032F86      15    Yes    00007737-0000773E        8
032F9B      67    No     0000773F-000077AA       6C
033002      23    Yes    000077AB-000077B2        8
033029     10C    No     000077B3-000078C3      111
033135       E    Yes    000078C4-000078CB        8
033149      59    No     000078CC-00007929       5E
0331B1       2    No     0000792A-00007930        7
0331B3      18    Yes    00007931-00007938        8
0331CB       8    No     00007939-00007945        D
0331D9      C6    No     00007946-00007A10       CB
0333BD     933    No     00007A11-00008348      938
033CF0       B    Yes    00008349-00008350        8
033D5B     12F    No     00008351-00008484      134
033E8A       E    Yes    00008485-0000848C        8
033E98      12    No     0000848D-000084A3       17
033EAA      33    Yes    000084A4-000084AB        8
033EDD      68    No     000084AC-00008518       6D
033F45      15    Yes    00008519-00008520        8
03427E      50    No     00008521-00008575       55
0342CE       F    Yes    00008576-0000857D        8
0342DD      C2    No     0000857E-00008644       C7
03439F       F    Yes    00008645-0000864C        8
0343AE      CE    No     0000864D-0000871F       D3
03447C      3D    Yes    00008720-00008727        8
0346A1     12A    No     00008728-00008856      12F
0347CB      7D    Yes    00008857-0000885E        8
034862      25    No     0000885F-00008888       2A
034887      1A    Yes    00008889-00008890        8
0348A1      3A    No     00008891-000088CF       3F
0348E3       1    No     000088D0-000088D5        6
0348EF       1    No     000088D6-000088DB        6
03492F      24    No     000088DC-00008904       29
03495F      24    No     00008905-0000892D       29
034990      31    No     0000892E-00008963       36
0349CC      1B    No     00008964-00008983       20
0349FF      4A    No     00008984-000089D2       4F
034AF9      16    No     000089D3-000089ED       1B
034B1B      2C    No     000089EE-00008A1E       31
034B51       5    No     00008A1F-00008A28        A
034B5D      58    No     00008A29-00008A85       5D
034BBD       7    No     00008A86-00008A91        C
034BE1       1    No     00008A92-00008A97        6
034BED       F    No     00008A98-00008AAB       14
034CB3     1A0    No     00008AAC-00008C50      1A5
034E8B      2D    No     00008C51-00008C82       32
034F18      20    No     00008C83-00008CA7       25
034F38       F    Yes    00008CA8-00008CAF        8
034F47     136    No     00008CB0-00008DEA      13B
0350BD      69    No     00008DEB-00008E58       6E
03513A      55    No     00008E59-00008EB2       5A
035206      C9    No     00008EB3-00008F80       CE
035355     156    No     00008F81-000090DB      15B
0354E1      60    No     000090DC-00009140       65
035556      87    No     00009141-000091CC       8C
0355DD      13    Yes    000091CD-000091D4        8
0355F0     2A4    No     000091D5-0000947D      2A9
035894      18    Yes    0000947E-00009485        8
0358AD      27    No     00009486-000094B1       2C
0358F6      C5    No     000094B2-0000957B       CA
035BF2      19    No     0000957C-00009599       1E
035C0B      11    Yes    0000959A-000095A1        8
035C48      1F    No     000095A2-000095C5       24
035C67       B    Yes    000095C6-000095CD        8
035CC1      29    Yes    000095CE-000095D5        8
035CEA      7B    No     000095D6-00009655       80
035D65      15    Yes    00009656-0000965D        8
035D7A      47    No     0000965E-000096A9       4C
035DCC    1E5C    No     000096AA-0000B50A     1E61
037C28     3A7    Yes    0000B50B-0000B512        8
037FCF       1    No     0000B513-0000B518        6
038025       C    No     0000B519-0000B529       11
038049      12    No     0000B52A-0000B540       17
03806F      72    No     0000B541-0000B5B7       77
0380EE      B8    No     0000B5B8-0000B674       BD
0381AF       A    No     0000B675-0000B683        F
0381C1      24    No     0000B684-0000B6AC       29
038230      E3    No     0000B6AD-0000B794       E8
038313      14    Yes    0000B795-0000B79C        8
038327      BC    No     0000B79D-0000B85D       C1
0383EB      10    No     0000B85E-0000B872       15
038403      3F    No     0000B873-0000B8B6       44
0384F8     36F    No     0000B8B7-0000BC2A      374
038891     499    No     0000BC2B-0000C0C8      49E
038D7A     FC1    No     0000C0C9-0000D08E      FC6
039D4E      14    No     0000D08F-0000D0A7       19
039D74     A50    No     0000D0A8-0000DAFC      A55
03A821      A4    No     0000DAFD-0000DBA5       A9
03A91B     536    No     0000DBA6-0000E0E0      53B
03AE60     134    No     0000E0E1-0000E219      139
03AF94      1A    Yes    0000E21A-0000E221        8
03AFAE      3C    No     0000E222-0000E262       41
03AFEA      18    Yes    0000E263-0000E26A        8
03B002     3DD    No     0000E26B-0000E64C      3E2
03B418     3DF    No     0000E64D-0000EA30      3E4
03B835     8A1    No     0000EA31-0000F2D6      8A6
03C15A     DE4    No     0000F2D7-000100BF      DE9
03CF3E      1C    Yes    000100C0-000100C7        8
03CF5A      9C    No     000100C8-00010168       A1
03CFFE      89    No     00010169-000101F6       8E
03D0A7      C4    No     000101F7-000102BF       C9
03D1A4     683    No     000102C0-00010947      688
03D83E     6D2    No     00010948-0001101E      6D7
03DF87     810    No     0001101F-00011833      815
03E797      77    Yes    00011834-0001183B        8
03E8A0     252    No     0001183C-00011A92      257
03EAF2       E    Yes    00011A93-00011A9A        8
03EB00      91    No     00011A9B-00011B30       96
03EB91      75    Yes    00011B31-00011B38        8
03EC46      B7    No     00011B39-00011BF4       BC
03ECFD     102    Yes    00011BF5-00011BFC        8
03EE33     1D5    Yes    00011BFD-00011C04        8
03F033     237    Yes    00011C05-00011C0C        8
03F26A     3BC    No     00011C0D-00011FCD      3C1
03F626     9A7    Yes    00011FCE-00011FD5        8
03FFCD       3    No     00011FD6-00011FDD        8
040010       E    No     00011FDE-00011FF0       13
04001E      32    Yes    00011FF1-00011FF8        8
040050     2F8    No     00011FF9-000122F5      2FD
040350     208    No     000122F6-00012502      20D
040558      19    Yes    00012503-0001250A        8
040572       5    Yes    0001250B-00012512        8
040578      17    Yes    00012513-0001251A        8
040591      77    No     0001251B-00012596       7C
040608      29    Yes    00012597-0001259E        8
040631       7    No     0001259F-000125AA        C
040638      18    Yes    000125AB-000125B2        8
040651      87    No     000125B3-0001263E       8C
0406D8      1B    Yes    0001263F-00012646        8
0406F3      15    No     00012647-00012660       1A
040708      2B    Yes    00012661-00012668        8
040733       5    No     00012669-00012672        A
040738      19    Yes    00012673-0001267A        8
040751      39    No     0001267B-000126B8       3E
040790      58    No     000126B9-00012715       5D
0407E8      29    Yes    00012716-0001271D        8
040811      77    No     0001271E-00012799       7C
040888      2A    Yes    0001279A-000127A1        8
0408B2       6    No     000127A2-000127AC        B
0408B8      18    Yes    000127AD-000127B4        8
0408D1      87    No     000127B5-00012840       8C
040958      1B    Yes    00012841-00012848        8
040973       5    No     00012849-00012852        A
040978      18    Yes    00012853-0001285A        8
040991      97    No     0001285B-000128F6       9C
040A28      29    Yes    000128F7-000128FE        8
040A51      77    No     000128FF-0001297A       7C
040AC8      2B    Yes    0001297B-00012982        8
040AF3      13    No     00012983-0001299A       18
040B11      87    No     0001299B-00012A26       8C
040B98      1A    Yes    00012A27-00012A2E        8
040BB2       6    No     00012A2F-00012A39        B
040BB8      18    Yes    00012A3A-00012A41        8
040BD1      A7    No     00012A42-00012AED       AC
040C78      1B    Yes    00012AEE-00012AF5        8
040C93       5    No     00012AF6-00012AFF        A
040C99      37    Yes    00012B00-00012B07        8
040CD1      49    No     00012B08-00012B55       4E
040D20      18    No     00012B56-00012B72       1D
040D40      18    No     00012B73-00012B8F       1D
040D58      35    Yes    00012B90-00012B97        8
040D91      A7    No     00012B98-00012C43       AC
040E38      1B    Yes    00012C44-00012C4B        8
040E53       5    No     00012C4C-00012C55        A
040E58      39    Yes    00012C56-00012C5D        8
040E91      97    No     00012C5E-00012CF9       9C
040F28      2B    Yes    00012CFA-00012D01        8
040F53       5    No     00012D02-00012D0B        A
040F58      39    Yes    00012D0C-00012D13        8
040F91      47    No     00012D14-00012D5F       4C
040FD8      1B    Yes    00012D60-00012D67        8
040FF3      15    No     00012D68-00012D81       1A
041008      2B    Yes    00012D82-00012D89        8
041033      95    No     00012D8A-00012E23       9A
0410C8      2A    Yes    00012E24-00012E2B        8
0410F2      56    No     00012E2C-00012E86       5B
041150      58    No     00012E87-00012EE3       5D
0411AA      25    Yes    00012EE4-00012EEB        8
0411D3       5    No     00012EEC-00012EF5        A
0411D8      39    Yes    00012EF6-00012EFD        8
041211      77    No     00012EFE-00012F79       7C
041288      2A    Yes    00012F7A-00012F81        8
0412B3       5    No     00012F82-00012F8B        A
0412B8      18    Yes    00012F8C-00012F93        8
0412D1      87    No     00012F94-0001301F       8C
041359      37    Yes    00013020-00013027        8
041391      87    No     00013028-000130B3       8C
041418      39    Yes    000130B4-000130BB        8
041451      67    No     000130BC-00013127       6C
0414B8      1A    Yes    00013128-0001312F        8
0414D2      16    No     00013130-0001314A       1B
0414E8      28    Yes    0001314B-00013152        8
041511      87    No     00013153-000131DE       8C
041598      37    Yes    000131DF-000131E6        8
0415D1      27    No     000131E7-00013212       2C
0415F8       A    Yes    00013213-0001321A        8
041608       B    Yes    0001321B-00013222        8
041613      65    No     00013223-0001328C       6A
041678      17    Yes    0001328D-00013294        8
041691      87    No     00013295-00013320       8C
041719      19    Yes    00013321-00013328        8
041732      16    No     00013329-00013343       1B
041748      2B    Yes    00013344-0001334B        8
041773       5    No     0001334C-00013355        A
041778      19    Yes    00013356-0001335D        8
041791      D7    No     0001335E-00013439       DC
041868      28    Yes    0001343A-00013441        8
041891      77    No     00013442-000134BD       7C
041908      2B    Yes    000134BE-000134C5        8
041933       5    No     000134C6-000134CF        A
041939      18    Yes    000134D0-000134D7        8
041951      97    No     000134D8-00013573       9C
0419E8      29    Yes    00013574-0001357B        8
041A11     147    No     0001357C-000136C7      14C
041B58      39    Yes    000136C8-000136CF        8
041B91      94    No     000136D0-00013768       99
041C25       D    Yes    00013769-00013770        8
041C33       5    No     00013771-0001377A        A
041C39      97    Yes    0001377B-00013782        8
041CD1      84    No     00013783-0001380B       89
041D55      1E    Yes    0001380C-00013813        8
041D73      15    No     00013814-0001382D       1A
041D88      89    Yes    0001382E-00013835        8
041E11      77    No     00013836-000138B1       7C
041E88      2B    Yes    000138B2-000138B9        8
041EB3      95    No     000138BA-00013953       9A
041F48      2B    Yes    00013954-0001395B        8
041F73       5    No     0001395C-00013965        A
041F78      19    Yes    00013966-0001396D        8
041F91      A7    No     0001396E-00013A19       AC
042039      19    Yes    00013A1A-00013A21        8
042052       6    No     00013A22-00013A2C        B
042058      39    Yes    00013A2D-00013A34        8
042091      77    No     00013A35-00013AB0       7C
042108      2B    Yes    00013AB1-00013AB8        8
042133       5    No     00013AB9-00013AC2        A
042138      19    Yes    00013AC3-00013ACA        8
042151      87    No     00013ACB-00013B56       8C
0421D8      38    Yes    00013B57-00013B5E        8
042211      77    No     00013B5F-00013BDA       7C
042288      2A    Yes    00013BDB-00013BE2        8
0422B2      B6    No     00013BE3-00013C9D       BB
042368      29    Yes    00013C9E-00013CA5        8
042391      97    No     00013CA6-00013D41       9C
042429      28    Yes    00013D42-00013D49        8
042451      97    No     00013D4A-00013DE5       9C
0424E8      A9    Yes    00013DE6-00013DED        8
042591      A7    No     00013DEE-00013E99       AC
042638      19    Yes    00013E9A-00013EA1        8
042651      97    No     00013EA2-00013F3D       9C
0426EA      27    Yes    00013F3E-00013F45        8
042711      97    No     00013F46-00013FE1       9C
0427A9      28    Yes    00013FE2-00013FE9        8
0427D1      97    No     00013FEA-00014085       9C
042869      A8    Yes    00014086-0001408D        8
042911      67    No     0001408E-000140F9       6C
042978      1B    Yes    000140FA-00014101        8
042993      15    No     00014102-0001411B       1A
0429A8      29    Yes    0001411C-00014123        8
0429D1      77    No     00014124-0001419F       7C
042A48      29    Yes    000141A0-000141A7        8
042A71       7    No     000141A8-000141B3        C
042A78      19    Yes    000141B4-000141BB        8
042A91      97    No     000141BC-00014257       9C
042B29      28    Yes    00014258-0001425F        8
042B51      97    No     00014260-000142FB       9C
042BE8      29    Yes    000142FC-00014303        8
042C11      97    No     00014304-0001439F       9C
042CA8      2A    Yes    000143A0-000143A7        8
042CD2       6    No     000143A8-000143B2        B
042CD8      39    Yes    000143B3-000143BA        8
042D11      87    No     000143BB-00014446       8C
042D98      1B    Yes    00014447-0001444E        8
042DB3       5    No     0001444F-00014458        A
042DB8      19    Yes    00014459-00014460        8
042DD1      97    No     00014461-000144FC       9C
042E68      2B    Yes    000144FD-00014504        8
042E93       5    No     00014505-0001450E        A
042E98      39    Yes    0001450F-00014516        8
042ED1      7B    No     00014517-00014596       80
042F52       6    No     00014597-000145A1        B
042F59      18    Yes    000145A2-000145A9        8
042F71       7    No     000145AA-000145B5        C
042F78      19    Yes    000145B6-000145BD        8
042F91      47    No     000145BE-00014609       4C
042FD9      19    Yes    0001460A-00014611        8
042FF2      16    No     00014612-0001462C       1B
043008      2B    Yes    0001462D-00014634        8
043033       5    No     00014635-0001463E        A
043040       8    No     0001463F-0001464B        D
043048      2B    Yes    0001464C-00014653        8
043073      A5    No     00014654-000146FD       AA
043119      38    Yes    000146FE-00014705        8
043151      A7    No     00014706-000147B1       AC
0431F8      1B    Yes    000147B2-000147B9        8
043213       5    No     000147BA-000147C3        A
043219      38    Yes    000147C4-000147CB        8
043251      A7    No     000147CC-00014877       AC
0432F8      18    Yes    00014878-0001487F        8
043311      17    No     00014880-0001489B       1C
043329      28    Yes    0001489C-000148A3        8
043351      87    No     000148A4-0001492F       8C
0433D8      19    Yes    00014930-00014937        8
0433F1       7    No     00014938-00014943        C
0433F8      18    Yes    00014944-0001494B        8
043411      47    No     0001494C-00014997       4C
043458      1A    Yes    00014998-0001499F        8
043472      16    No     000149A0-000149BA       1B
043488      2B    Yes    000149BB-000149C2        8
0434B3      95    No     000149C3-00014A5C       9A
043548      2B    Yes    00014A5D-00014A64        8
043573      85    No     00014A65-00014AEE       8A
0435F8      1B    Yes    00014AEF-00014AF6        8
043613      15    No     00014AF7-00014B10       1A
043628      29    Yes    00014B11-00014B18        8
043651      87    No     00014B19-00014BA4       8C
0436D8      39    Yes    00014BA5-00014BAC        8
043711      77    No     00014BAD-00014C28       7C
043788      2A    Yes    00014C29-00014C30        8
0437B2       6    No     00014C31-00014C3B        B
0437B8      19    Yes    00014C3C-00014C43        8
0437D1      47    No     00014C44-00014C8F       4C
043818      1A    Yes    00014C90-00014C97        8
043832      16    No     00014C98-00014CB2       1B
043848      2B    Yes    00014CB3-00014CBA        8
043873      65    No     00014CBB-00014D24       6A
0438D9      1A    Yes    00014D25-00014D2C        8
0438F3      15    No     00014D2D-00014D46       1A
043908      29    Yes    00014D47-00014D4E        8
043931      17    No     00014D4F-00014D6A       1C
043948      2A    Yes    00014D6B-00014D72        8
043972      A6    No     00014D73-00014E1D       AB
043A18      1B    Yes    00014E1E-00014E25        8
043A33       5    No     00014E26-00014E2F        A
043A38      18    Yes    00014E30-00014E37        8
043A51      A7    No     00014E38-00014EE3       AC
043AF8      19    Yes    00014EE4-00014EEB        8
043B11      97    No     00014EEC-00014F87       9C
043BA8      29    Yes    00014F88-00014F8F        8
043BD1      97    No     00014F90-0001502B       9C
043C69      28    Yes    0001502C-00015033        8
043C91      67    No     00015034-0001509F       6C
043CF8      1B    Yes    000150A0-000150A7        8
043D13      15    No     000150A8-000150C1       1A
043D2A      29    Yes    000150C2-000150C9        8
043D53       5    No     000150CA-000150D3        A
043D58      39    Yes    000150D4-000150DB        8
043D91      97    No     000150DC-00015177       9C
043E2B      25    Yes    00015178-0001517F        8
043E51     157    No     00015180-000152DB      15C
043FAA      26    Yes    000152DC-000152E3        8
043FD1      A7    No     000152E4-0001538F       AC
044078      19    Yes    00015390-00015397        8
044091      A7    No     00015398-00015443       AC
044138      19    Yes    00015444-0001544B        8
044151      87    No     0001544C-000154D7       8C
0441D8      1B    Yes    000154D8-000154DF        8
0441F3      56    No     000154E0-0001553A       5B
044251      47    No     0001553B-00015586       4C
044299      38    Yes    00015587-0001558E        8
0442D1      87    No     0001558F-0001561A       8C
044359      38    Yes    0001561B-00015622        8
044391      97    No     00015623-000156BE       9C
044428      29    Yes    000156BF-000156C6        8
044451      77    No     000156C7-00015742       7C
0444C8      2B    Yes    00015743-0001574A        8
0444F3      15    No     0001574B-00015764       1A
044508      2B    Yes    00015765-0001576C        8
044533       5    No     0001576D-00015776        A
044538      18    Yes    00015777-0001577E        8
044551      87    No     0001577F-0001580A       8C
0445D8      39    Yes    0001580B-00015812        8
044611      87    No     00015813-0001589E       8C
044698      1B    Yes    0001589F-000158A6        8
0446B3      A5    No     000158A7-00015950       AA
044758      39    Yes    00015951-00015958        8
044791      A7    No     00015959-00015A04       AC
044838      18    Yes    00015A05-00015A0C        8
044851      87    No     00015A0D-00015A98       8C
0448D8      38    Yes    00015A99-00015AA0        8
044911      87    No     00015AA1-00015B2C       8C
044999      36    Yes    00015B2D-00015B34        8
0449D1      97    No     00015B35-00015BD0       9C
044A6A      27    Yes    00015BD1-00015BD8        8
044A91      87    No     00015BD9-00015C64       8C
044B18      39    Yes    00015C65-00015C6C        8
044B51      77    No     00015C6D-00015CE8       7C
044BC8      2B    Yes    00015CE9-00015CF0        8
044BF3      15    No     00015CF1-00015D0A       1A
044C08      2A    Yes    00015D0B-00015D12        8
044C33      B5    No     00015D13-00015DCC       BA
044CE8      2C    Yes    00015DCD-00015DD4        8
044D14       1    No     00015DD5-00015DDA        6
044D15      3A    Yes    00015DDB-00015DE2        8
044D51      77    No     00015DE3-00015E5E       7C
044DC8      2A    Yes    00015E5F-00015E66        8
044DF2       6    Yes    00015E67-00015E6E        8
044DF8      19    Yes    00015E6F-00015E76        8
044E11      87    No     00015E77-00015F02       8C
044E99      1A    Yes    00015F03-00015F0A        8
044EB3       5    No     00015F0B-00015F14        A
044EB8      19    Yes    00015F15-00015F1C        8
044ED1      87    No     00015F1D-00015FA8       8C
044F58      1B    Yes    00015FA9-00015FB0        8
044F73       5    No     00015FB1-00015FBA        A
044F78      19    Yes    00015FBB-00015FC2        8
044F91      97    No     00015FC3-0001605E       9C
045028      2B    Yes    0001605F-00016066        8
045053       5    No     00016067-00016070        A
045058      39    Yes    00016071-00016078        8
045091      87    No     00016079-00016104       8C
045118      1B    Yes    00016105-0001610C        8
045133      B5    No     0001610D-000161C6       BA
0451E9      28    Yes    000161C7-000161CE        8
045211     127    No     000161CF-000162FA      12C
045338      1B    Yes    000162FB-00016302        8
045353       5    No     00016303-0001630C        A
045358      39    Yes    0001630D-00016314        8
045391      84    No     00016315-0001639D       89
045415      1E    Yes    0001639E-000163A5        8
045433       5    No     000163A6-000163AF        A
045438      19    Yes    000163B0-000163B7        8
045451      94    No     000163B8-00016450       99
0454E5      2C    Yes    00016451-00016458        8
045511     147    No     00016459-000165A4      14C
045658      1B    Yes    000165A5-000165AC        8
045673      15    No     000165AD-000165C6       1A
045688      29    Yes    000165C7-000165CE        8
0456B1       7    No     000165CF-000165DA        C
0456B8      19    Yes    000165DB-000165E2        8
0456D1     294    No     000165E3-0001687B      299
045965      2C    Yes    0001687C-00016883        8
045991      C7    No     00016884-0001694F       CC
045A5A      19    Yes    00016950-00016957        8
045A73      15    No     00016958-00016971       1A
045A88      29    Yes    00016972-00016979        8
045AB1       7    No     0001697A-00016985        C
045AB8      19    Yes    00016986-0001698D        8
045AD1      47    No     0001698E-000169D9       4C
045B18      1B    Yes    000169DA-000169E1        8
045B33      15    No     000169E2-000169FB       1A
045B48      2A    Yes    000169FC-00016A03        8
045B72       6    No     00016A04-00016A0E        B
045B7A      17    Yes    00016A0F-00016A16        8
045B91      E7    No     00016A17-00016B02       EC
045C78      19    Yes    00016B03-00016B0A        8
045C91       7    No     00016B0B-00016B16        C
045C98      37    Yes    00016B17-00016B1E        8
045CD1     214    No     00016B1F-00016D37      219
045EE5      2C    Yes    00016D38-00016D3F        8
045F11      97    No     00016D40-00016DDB       9C
045FA8      29    Yes    00016DDC-00016DE3        8
045FD1      97    No     00016DE4-00016E7F       9C
046069      2A    Yes    00016E80-00016E87        8
046093      15    No     00016E88-00016EA1       1A
0460A9      28    Yes    00016EA2-00016EA9        8
0460D1      D7    No     00016EAA-00016F85       DC
0461A8      29    Yes    00016F86-00016F8D        8
0461D1      97    No     00016F8E-00017029       9C
046268      28    Yes    0001702A-00017031        8
046291      97    No     00017032-000170CD       9C
046329      2A    Yes    000170CE-000170D5        8
046353      15    No     000170D6-000170EF       1A
046369      28    Yes    000170F0-000170F7        8
046391      77    No     000170F8-00017173       7C
04640C      27    Yes    00017174-0001717B        8
046433      B5    No     0001717C-00017235       BA
0464E8      2B    Yes    00017236-0001723D        8
046513      15    No     0001723E-00017257       1A
046528      29    Yes    00017258-0001725F        8
046551      97    No     00017260-000172FB       9C
0465E8      2B    Yes    000172FC-00017303        8
046613       5    No     00017304-0001730D        A
046618      39    Yes    0001730E-00017315        8
046651      97    No     00017316-000173B1       9C
0466EA      29    Yes    000173B2-000173B9        8
046713       5    No     000173BA-000173C3        A
046718      39    Yes    000173C4-000173CB        8
046751      97    No     000173CC-00017467       9C
0467E8      29    Yes    00017468-0001746F        8
046812      16    No     00017470-0001748A       1B
04682A      29    Yes    0001748B-00017492        8
046853       5    No     00017493-0001749C        A
046859      38    Yes    0001749D-000174A4        8
046891      7B    No     000174A5-00017524       80
046912      16    No     00017525-0001753F       1B
046928      2A    Yes    00017540-00017547        8
046953       5    No     00017548-00017551        A
046959      38    Yes    00017552-00017559        8
046991      D7    No     0001755A-00017635       DC
046A68      29    Yes    00017636-0001763D        8
046A91      97    No     0001763E-000176D9       9C
046B28      2A    Yes    000176DA-000176E1        8
046B52       6    No     000176E2-000176EC        B
046B59      38    Yes    000176ED-000176F4        8
046B91      B7    No     000176F5-000177B0       BC
046C48      2B    Yes    000177B1-000177B8        8
046C73       5    No     000177B9-000177C2        A
046C78      18    Yes    000177C3-000177CA        8
06957B       1    No     000177CB-000177D0        6
069E91      13    No     000177D1-000177E8       18
069EAE      13    No     000177E9-00017800       18
069ECB      13    No     00017801-00017818       18
069EE8      13    No     00017819-00017830       18
069F05      13    No     00017831-00017848       18
069F22      13    No     00017849-00017860       18
069F4B      13    No     00017861-00017878       18
069F68      13    No     00017879-00017890       18
069F85      13    No     00017891-000178A8       18
069FA2      13    No     000178A9-000178C0       18
069FBF      13    No     000178C1-000178D8       18
069FDC      13    No     000178D9-000178F0       18
06AAA2       1    No     000178F1-000178F6        6
06B7F2       1    No     000178F7-000178FC        6
06B840       1    No     000178FD-00017902        6
06BAC6      1E    No     00017903-00017925       23
06BB15      16    No     00017926-00017940       1B
06C050       5    No     00017941-0001794A        A
06C0B6       3    No     0001794B-00017952        8
06C442       9    No     00017953-00017960        E
06C8F4       1    No     00017961-00017966        6
06D7EC       9    No     00017967-00017974        E
06D809       9    No     00017975-00017982        E
06D828       1    No     00017983-00017988        6
06D873       1    No     00017989-0001798E        6
06DA02       1    No     0001798F-00017994        6
06DA15       1    No     00017995-0001799A        6
06DA22       1    No     0001799B-000179A0        6
06DA2F       1    No     000179A1-000179A6        6
06DBC6       1    No     000179A7-000179AC        6
06DCD0       1    No     000179AD-000179B2        6
06E3C4      1C    No     000179B3-000179D3       21
06E3F6      29    No     000179D4-00017A01       2E
06E433       1    No     00017A02-00017A07        6
06E43B       2    No     00017A08-00017A0E        7
0700BB       8    No     00017A0F-00017A1B        D
070375       1    No     00017A1C-00017A21        6
0705AB      90    No     00017A22-00017AB6       95
070649     19D    No     00017AB7-00017C58      1A2
0707EE     117    No     00017C59-00017D74      11C
07090B      28    No     00017D75-00017DA1       2D
070939      22    No     00017DA2-00017DC8       27
070962     239    No     00017DC9-00018006      23E
070B9B      10    Yes    00018007-0001800E        8
070BAB      F8    No     0001800F-0001810B       FD
070CA3      10    Yes    0001810C-00018113        8
070CB5     2DE    No     00018114-000183F6      2E3
070F93       E    Yes    000183F7-000183FE        8
070FA3      38    No     000183FF-0001843B       3D
070FEB      D0    No     0001843C-00018510       D5
0710BD       C    Yes    00018511-00018518        8
0710C9     2B2    No     00018519-000187CF      2B7
07137B       8    Yes    000187D0-000187D7        8
07138B      78    No     000187D8-00018854       7D
07140B      A3    No     00018855-000188FC       A8
0714B4      47    No     000188FD-00018948       4C
071506      E5    No     00018949-00018A32       EA
0715EB      10    Yes    00018A33-00018A3A        8
0715FB      8A    No     00018A3B-00018AC9       8F
07168B      58    No     00018ACA-00018B26       5D
0716ED      C6    No     00018B27-00018BF1       CB
0717BA      7D    No     00018BF2-00018C73       82
07183D      C6    No     00018C74-00018D3E       CB
07190B       8    No     00018D3F-00018D4B        D
07191A      F1    No     00018D4C-00018E41       F6
071A0B      47    Yes    00018E42-00018E49        8
071A52      12    No     00018E4A-00018E60       17
071A64       E    Yes    00018E61-00018E68        8
071A72      12    No     00018E69-00018E7F       17
071A84      2C    Yes    00018E80-00018E87        8
071AB0      21    No     00018E88-00018EAD       26
071AD1      14    Yes    00018EAE-00018EB5        8
071AE5     241    No     00018EB6-000190FB      246
071D26      2C    Yes    000190FC-00019103        8
071D52      12    No     00019104-0001911A       17
071D64       E    Yes    0001911B-00019122        8
071D72      12    No     00019123-00019139       17
071D84      47    Yes    0001913A-00019141        8
071DCB       9    Yes    00019142-00019149        8
071DD4      48    No     0001914A-00019196       4D
074FC3       2    No     00019197-0001919D        7
075B50       F    No     0001919E-000191B1       14
075B65       4    No     000191B2-000191BA        9
075B87      26    No     000191BB-000191E5       2B
075BCE       1    No     000191E6-000191EB        6
075BD7       2    No     000191EC-000191F2        7
075DE1       1    No     000191F3-000191F8        6
075E19       1    No     000191F9-000191FE        6
075EB3       1    No     000191FF-00019204        6
075F5B       1    No     00019205-0001920A        6
075F69       1    No     0001920B-00019210        6
075F77       1    No     00019211-00019216        6
075F85       1    No     00019217-0001921C        6
075F93       1    No     0001921D-00019222        6
075FA1       1    No     00019223-00019228        6
075FBD       1    No     00019229-0001922E        6
075FE7       1    No     0001922F-00019234        6
075FF5       1    No     00019235-0001923A        6
076003       1    No     0001923B-00019240        6
07602D       1    No     00019241-00019246        6
076073       1    No     00019247-0001924C        6
07608F       1    No     0001924D-00019252        6
07609D       1    No     00019253-00019258        6
0760AB       1    No     00019259-0001925E        6
0760D5       1    No     0001925F-00019264        6
076153       1    No     00019265-0001926A        6
076161       1    No     0001926B-00019270        6
07618B       1    No     00019271-00019276        6
0761A7       3    No     00019277-0001927E        8
0761DF       1    No     0001927F-00019284        6
076209       1    No     00019285-0001928A        6
076217       1    No     0001928B-00019290        6
07624F       1    No     00019291-00019296        6
076287       1    No     00019297-0001929C        6
07641D       1    No     0001929D-000192A2        6
07642B       1    No     000192A3-000192A8        6
07649B       1    No     000192A9-000192AE        6
0764E1       1    No     000192AF-000192B4        6
076527       1    No     000192B5-000192BA        6
0766BD       1    No     000192BB-000192C0        6
0766D9       1    No     000192C1-000192C6        6
0766E7       1    No     000192C7-000192CC        6
0766F5       1    No     000192CD-000192D2        6
076845       1    No     000192D3-000192D8        6
07687D       1    No     000192D9-000192DE        6
0768ED       1    No     000192DF-000192E4        6
0768FB       1    No     000192E5-000192EA        6
0769A3       1    No     000192EB-000192F0        6
0769BF       1    No     000192F1-000192F6        6
0769CD       1    No     000192F7-000192FC        6
0769E9       1    No     000192FD-00019302        6
076A2F       1    No     00019303-00019308        6
076A3D       1    No     00019309-0001930E        6
076A59       1    No     0001930F-00019314        6
076A67       1    No     00019315-0001931A        6
076A75       1    No     0001931B-00019320        6
076A91       1    No     00019321-00019326        6
078220       8    No     00019327-00019333        D
078280       3    No     00019334-0001933B        8
0782D4       4    No     0001933C-00019344        9
0782F5       3    No     00019345-0001934C        8
078310       7    No     0001934D-00019358        C
078320       7    No     00019359-00019364        C
078330       6    No     00019365-0001936F        B
078340       5    No     00019370-00019379        A
078350       7    No     0001937A-00019385        C
078360       5    No     00019386-0001938F        A
078370       6    No     00019390-0001939A        B
078380       7    No     0001939B-000193A6        C
078390       6    No     000193A7-000193B1        B
0783A0       5    No     000193B2-000193BB        A
0783D0       8    No     000193BC-000193C8        D
0783E0       8    No     000193C9-000193D5        D
0783F0       8    No     000193D6-000193E2        D
078400       6    No     000193E3-000193ED        B
078410       8    No     000193EE-000193FA        D
078420       8    No     000193FB-00019407        D
078430       8    No     00019408-00019414        D
078440       8    No     00019415-00019421        D
078450       8    No     00019422-0001942E        D
078460       8    No     0001942F-0001943B        D
078470       8    No     0001943C-00019448        D
078480       8    No     00019449-00019455        D
078490       8    No     00019456-00019462        D
0784A0       8    No     00019463-0001946F        D
0784B0       8    No     00019470-0001947C        D
0784C0       8    No     0001947D-00019489        D
0784D0       8    No     0001948A-00019496        D
0784E0       8    No     00019497-000194A3        D
0784F0       8    No     000194A4-000194B0        D
078500       8    No     000194B1-000194BD        D
078510       8    No     000194BE-000194CA        D
078520       8    No     000194CB-000194D7        D
078530       8    No     000194D8-000194E4        D
078540       8    No     000194E5-000194F1        D
078550       8    No     000194F2-000194FE        D
078560       8    No     000194FF-0001950B        D
078570       8    No     0001950C-00019518        D
078580       8    No     00019519-00019525        D
078590       8    No     00019526-00019532        D
0785A0       8    No     00019533-0001953F        D
0785B0       8    No     00019540-0001954C        D
078623       5    No     0001954D-00019556        A
078631       7    No     00019557-00019562        C
078644       3    No     00019563-0001956A        8
078651       7    No     0001956B-00019576        C
078663       5    No     00019577-00019580        A
078671       7    No     00019581-0001958C        C
078682       6    No     0001958D-00019597        B
078691       7    No     00019598-000195A3        C
0786A1       7    No     000195A4-000195AF        C
0786B1       7    No     000195B0-000195BB        C
0786C1       7    No     000195BC-000195C7        C
0786D1       7    No     000195C8-000195D3        C
0786E3       5    No     000195D4-000195DD        A
0786F3       5    No     000195DE-000195E7        A
078703       5    No     000195E8-000195F1        A
078712       6    No     000195F2-000195FC        B
078722       6    No     000195FD-00019607        B
078733       5    No     00019608-00019611        A
078743       5    No     00019612-0001961B        A
078751       7    No     0001961C-00019627        C
078763       5    No     00019628-00019631        A
078773       5    No     00019632-0001963B        A
078783       5    No     0001963C-00019645        A
078793       5    No     00019646-0001964F        A
0787A2       6    No     00019650-0001965A        B
0787B4       3    No     0001965B-00019662        8
079089       8    No     00019663-0001966F        D
079099       8    No     00019670-0001967C        D
0790B9       8    No     0001967D-00019689        D
0790C9       8    No     0001968A-00019696        D
07913A       6    No     00019697-000196A1        B
07914A       6    No     000196A2-000196AC        B
07915E       3    No     000196AD-000196B4        8
07918E       3    No     000196B5-000196BC        8
07919A       6    No     000196BD-000196C7        B
0791AA       6    No     000196C8-000196D2        B
0791B9       3    No     000196D3-000196DA        8
0791CD       4    No     000196DB-000196E3        9
0791D9       8    No     000196E4-000196F0        D
079249       8    No     000196F1-000196FD        D
07925D       4    No     000196FE-00019706        9
079269       3    No     00019707-0001970E        8
079272       2    No     0001970F-00019715        7
07927A      17    No     00019716-00019731       1C
079299       8    No     00019732-0001973E        D
0792D1      40    No     0001973F-00019783       45
079329      1B    No     00019784-000197A3       20
07934A       7    No     000197A4-000197AF        C
079359       3    No     000197B0-000197B7        8
079369      48    No     000197B8-00019804       4D
0793B9       5    No     00019805-0001980E        A
0793C9       3    No     0001980F-00019816        8
079464       5    No     00019817-00019820        A
079471       8    No     00019821-0001982D        D
079481       8    No     0001982E-0001983A        D
079494       5    No     0001983B-00019844        A
0794A1       8    No     00019845-00019851        D
0794B1       8    No     00019852-0001985E        D
0794C1       8    No     0001985F-0001986B        D
0794D1       8    No     0001986C-00019878        D
0794E1       6    No     00019879-00019883        B
0794F1       8    No     00019884-00019890        D
079503       6    No     00019891-0001989B        B
079511       8    No     0001989C-000198A8        D
079523       6    No     000198A9-000198B3        B
079531       6    No     000198B4-000198BE        B
079541       8    No     000198BF-000198CB        D
079551       8    No     000198CC-000198D8        D
079561       4    No     000198D9-000198E1        9
079571       8    No     000198E2-000198EE        D
079582       7    No     000198EF-000198FA        C
079591       8    No     000198FB-00019907        D
0795A1       8    No     00019908-00019914        D
0795B1       8    No     00019915-00019921        D
0795C2       7    No     00019922-0001992D        C
0795D1       7    No     0001992E-00019939        C
0795E1       7    No     0001993A-00019945        C
079A64       4    No     00019946-0001994E        9
079A89       8    No     0001994F-0001995B        D
079A99       8    No     0001995C-00019968        D
079AB9       8    No     00019969-00019975        D
079AC9       8    No     00019976-00019982        D
079B3A       6    No     00019983-0001998D        B
079B4A       6    No     0001998E-00019998        B
079B5E       3    No     00019999-000199A0        8
079BBE       3    No     000199A1-000199A8        8
079BCA       6    No     000199A9-000199B3        B
079BDA       6    No     000199B4-000199BE        B
079BE9       3    No     000199BF-000199C6        8
079BFD       4    No     000199C7-000199CF        9
079C09       8    No     000199D0-000199DC        D
079C51      40    No     000199DD-00019A21       45
079CA9       8    No     00019A22-00019A2E        D
079CBD       4    No     00019A2F-00019A37        9
079CC9       3    No     00019A38-00019A3F        8
079CD2       2    No     00019A40-00019A46        7
079CDA      17    No     00019A47-00019A62       1C
079CF9       8    No     00019A63-00019A6F        D
079D21      40    No     00019A70-00019AB4       45
079D69      1B    No     00019AB5-00019AD4       20
079D8A       7    No     00019AD5-00019AE0        C
079D99       3    No     00019AE1-00019AE8        8
079DA9       5    No     00019AE9-00019AF2        A
079DE9       5    No     00019AF3-00019AFC        A
079DF9       3    No     00019AFD-00019B04        8
079E11      80    No     00019B05-00019B89       85
079EB1      40    No     00019B8A-00019BCE       45
079F01      10    No     00019BCF-00019BE3       15
079F11      F0    Yes    00019BE4-00019BEB        8
07A1A1       A    Yes    00019BEC-00019BF3        8
07A1C1       A    No     00019BF4-00019C02        F
07A201       4    Yes    00019C03-00019C0A        8
07A221       A    No     00019C0B-00019C19        F
07A249       2    No     00019C1A-00019C20        7
07A261       A    No     00019C21-00019C2F        F
07A281       A    No     00019C30-00019C3E        F
07A2A5       4    Yes    00019C3F-00019C46        8
07A2C1       8    No     00019C47-00019C53        D
07A2E1       A    No     00019C54-00019C62        F
07A309       2    No     00019C63-00019C69        7
07A321       A    Yes    00019C6A-00019C71        8
07A341       A    No     00019C72-00019C80        F
07A427       1    No     00019C81-00019C86        6
07A42F       1    No     00019C87-00019C8C        6
07A436       2    No     00019C8D-00019C93        7
07A43F       1    No     00019C94-00019C99        6
07A454       1    No     00019C9A-00019C9F        6
07A719       8    No     00019CA0-00019CAC        D
07A729       8    No     00019CAD-00019CB9        D
07A749       8    No     00019CBA-00019CC6        D
07A759       8    No     00019CC7-00019CD3        D
07A7CA       6    No     00019CD4-00019CDE        B
07A7DA       6    No     00019CDF-00019CE9        B
07A7EE       3    No     00019CEA-00019CF1        8
07A82E       3    No     00019CF2-00019CF9        8
07A83A       6    No     00019CFA-00019D04        B
07A84A       6    No     00019D05-00019D0F        B
07A859       3    No     00019D10-00019D17        8
07A86D       4    No     00019D18-00019D20        9
07A879       8    No     00019D21-00019D2D        D
07A8B9       8    No     00019D2E-00019D3A        D
07A8CD       4    No     00019D3B-00019D43        9
07A8D9       3    No     00019D44-00019D4B        8
07A8E2       2    No     00019D4C-00019D52        7
07A8EA      17    No     00019D53-00019D6E       1C
07A909       8    No     00019D6F-00019D7B        D
07A919      1B    No     00019D7C-00019D9B       20
07A93A       7    No     00019D9C-00019DA7        C
07A949       3    No     00019DA8-00019DAF        8
07A959       5    No     00019DB0-00019DB9        A
07A969       5    No     00019DBA-00019DC3        A
07A979       3    No     00019DC4-00019DCB        8
07AE24       1    No     00019DCC-00019DD1        6
07AE44       1    No     00019DD2-00019DD7        6
07B264       1    No     00019DD8-00019DDD        6
07B284       1    No     00019DDE-00019DE3        6
07B2A1       8    No     00019DE4-00019DF0        D
07B2B1       8    No     00019DF1-00019DFD        D
07B2D1       8    No     00019DFE-00019E0A        D
07B2E1       8    No     00019E0B-00019E17        D
07B324       5    No     00019E18-00019E21        A
07B332       6    No     00019E22-00019E2C        B
07B342       6    No     00019E2D-00019E37        B
07B356       3    No     00019E38-00019E3F        8
07B396       3    No     00019E40-00019E47        8
07B3A2       6    No     00019E48-00019E52        B
07B3B2       6    No     00019E53-00019E5D        B
07B3C4       5    No     00019E5E-00019E67        A
07B3D1       6    No     00019E68-00019E72        B
07B3E1       3    No     00019E73-00019E7A        8
07B3F5       4    No     00019E7B-00019E83        9
07B401       8    No     00019E84-00019E90        D
07B441       8    No     00019E91-00019E9D        D
07B455       4    No     00019E9E-00019EA6        9
07B461       3    No     00019EA7-00019EAE        8
07B471       6    No     00019EAF-00019EB9        B
07B488       1    No     00019EBA-00019EBF        6
07B492      27    No     00019EC0-00019EEB       2C
07B4F1       8    No     00019EEC-00019EF8        D
07B501      1B    No     00019EF9-00019F18       20
07B528       1    No     00019F19-00019F1E        6
07B531       7    No     00019F1F-00019F2A        C
07B541       3    No     00019F2B-00019F32        8
07B551       5    No     00019F33-00019F3C        A
07B561       5    No     00019F3D-00019F46        A
07B571       3    No     00019F47-00019F4E        8
07B581       7    No     00019F4F-00019F5A        C
07B9F4       5    No     00019F5B-00019F64        A
07BE41       8    No     00019F65-00019F71        D
07BE51       8    No     00019F72-00019F7E        D
07BE71       8    No     00019F7F-00019F8B        D
07BE81       8    No     00019F8C-00019F98        D
07BEF2       6    No     00019F99-00019FA3        B
07BF02       6    No     00019FA4-00019FAE        B
07BF16       3    No     00019FAF-00019FB6        8
07BF26       3    No     00019FB7-00019FBE        8
07BF32       6    No     00019FBF-00019FC9        B
07BF42       6    No     00019FCA-00019FD4        B
07BF51       3    No     00019FD5-00019FDC        8
07BF65       4    No     00019FDD-00019FE5        9
07BF71       8    No     00019FE6-00019FF2        D
07BFB1       8    No     00019FF3-00019FFF        D
07BFC5       4    No     0001A000-0001A008        9
07BFD1       3    No     0001A009-0001A010        8
07BFE2      27    No     0001A011-0001A03C       2C
07C011       8    No     0001A03D-0001A049        D
07C021       8    No     0001A04A-0001A056        D
07C032       7    No     0001A057-0001A062        C
07C042       7    Yes    0001A063-0001A06A        8
07C051       8    No     0001A06B-0001A077        D
07C061      23    No     0001A078-0001A09F       28
07C091       5    No     0001A0A0-0001A0A9        A
07C0A1       8    No     0001A0AA-0001A0B6        D
07C0B1       8    No     0001A0B7-0001A0C3        D
07C0C1       8    No     0001A0C4-0001A0D0        D
07C0D1       5    No     0001A0D1-0001A0DA        A
07C0E1       3    No     0001A0DB-0001A0E2        8
07C538       1    No     0001A0E3-0001A0E8        6
07C551       8    No     0001A0E9-0001A0F5        D
07C561       8    No     0001A0F6-0001A102        D
07C581       8    No     0001A103-0001A10F        D
07C591       8    No     0001A110-0001A11C        D
07C602       6    No     0001A11D-0001A127        B
07C612       6    No     0001A128-0001A132        B
07C626       3    No     0001A133-0001A13A        8
07C666       3    No     0001A13B-0001A142        8
07C672       6    No     0001A143-0001A14D        B
07C682       6    No     0001A14E-0001A158        B
07C691       3    No     0001A159-0001A160        8
07C6A5       4    No     0001A161-0001A169        9
07C6B1       8    No     0001A16A-0001A176        D
07C6E1       8    No     0001A177-0001A183        D
07C6F5       4    No     0001A184-0001A18C        9
07C701       3    No     0001A18D-0001A194        8
07C712      27    No     0001A195-0001A1C0       2C
07C741       8    No     0001A1C1-0001A1CD        D
07C751      23    No     0001A1CE-0001A1F5       28
07C781       5    No     0001A1F6-0001A1FF        A
07C7A1       5    No     0001A200-0001A209        A
07C7B1       3    No     0001A20A-0001A211        8
07C831      FF    No     0001A212-0001A315      104
07C961      7F    No     0001A316-0001A399       84
07CA9D       3    No     0001A39A-0001A3A1        8
07CABD       3    No     0001A3A2-0001A3A9        8
07CADD       3    No     0001A3AA-0001A3B1        8
07CAFD       3    No     0001A3B2-0001A3B9        8
07CB1D       3    No     0001A3BA-0001A3C1        8
07CB3D       3    No     0001A3C2-0001A3C9        8
07CB5D       3    No     0001A3CA-0001A3D1        8
07CB7D       3    No     0001A3D2-0001A3D9        8
07CB95       B    No     0001A3DA-0001A3E9       10
07CBB5       B    No     0001A3EA-0001A3F9       10
07CBD5       B    No     0001A3FA-0001A409       10
07CBF5       B    No     0001A40A-0001A419       10
07CC1C       4    No     0001A41A-0001A422        9
07CC3C       4    No     0001A423-0001A42B        9
07CC5C       4    No     0001A42C-0001A434        9
07CC7C       4    No     0001A435-0001A43D        9
07CC9C       4    No     0001A43E-0001A446        9
07CCBC       4    No     0001A447-0001A44F        9
07CCDC       4    No     0001A450-0001A458        9
07CCFC       4    No     0001A459-0001A461        9
07CD1C       4    No     0001A462-0001A46A        9
07CD3C       4    No     0001A46B-0001A473        9
07CDDC       1    No     0001A474-0001A479        6
07CDE4       1    No     0001A47A-0001A47F        6
07CDEC       1    No     0001A480-0001A485        6
07CE14       5    No     0001A486-0001A48F        A
07D483       5    No     0001A490-0001A499        A
07E119       8    No     0001A49A-0001A4A6        D
07E129       8    No     0001A4A7-0001A4B3        D
07E1C9       8    No     0001A4B4-0001A4C0        D
07E1D9       8    No     0001A4C1-0001A4CD        D
07EE8A       2    No     0001A4CE-0001A4D4        7
07EE96       2    No     0001A4D5-0001A4DB        7
07EEAA       2    No     0001A4DC-0001A4E2        7
07EEB6       2    No     0001A4E3-0001A4E9        7
07EECA       2    No     0001A4EA-0001A4F0        7
07EED6       2    No     0001A4F1-0001A4F7        7
07EEEA       2    No     0001A4F8-0001A4FE        7
07EEF6       2    No     0001A4FF-0001A505        7
07EF73       4    Yes    0001A506-0001A50D        8
07EF82       1    No     0001A50E-0001A513        6
07EF8C       5    No     0001A514-0001A51D        A
07F746     11E    No     0001A51E-0001A640      123
07FA25       1    No     0001A641-0001A646        6
09D9B7       9    No     0001A647-0001A654        E
0A20C8       9    No     0001A655-0001A662        E
1B02EA       3    No     0001A663-0001A66A        8
1B0527       1    No     0001A66B-0001A670        6
1B0742       1    No     0001A671-0001A676        6
1B090C       2    No     0001A677-0001A67D        7
1B0AB7       2    No     0001A67E-0001A684        7
1B0CD3       1    No     0001A685-0001A68A        6
1B0EFC       3    No     0001A68B-0001A692        8
1B10F7       3    No     0001A693-0001A69A        8
1B1372       3    No     0001A69B-0001A6A2        8
1B15DD       3    No     0001A6A3-0001A6AA        8
1B1829       1    No     0001A6AB-0001A6B0        6
1B19D3       3    No     0001A6B1-0001A6B8        8
1B1E8B       1    No     0001A6B9-0001A6BE        6
1B2075       2    No     0001A6BF-0001A6C5        7
1B220F       3    No     0001A6C6-0001A6CD        8
1B25E6       2    No     0001A6CE-0001A6D4        7
1B27A1       2    No     0001A6D5-0001A6DB        7
1B29FB       3    No     0001A6DC-0001A6E3        8
1B30DD       1    No     0001A6E4-0001A6E9        6
1B32F9       1    No     0001A6EA-0001A6EF        6
1B3552       3    No     0001A6F0-0001A6F7        8
1B373E       2    No     0001A6F8-0001A6FE        7
1B38A8       3    No     0001A6FF-0001A706        8
1B3A94       2    No     0001A707-0001A70D        7
1B3C9E       1    No     0001A70E-0001A713        6
1B42C0       1    No     0001A714-0001A719        6
1B451B       2    No     0001A71A-0001A720        7
1B4736       2    No     0001A721-0001A727        7
1B4961       2    No     0001A728-0001A72E        7
1B4AFD       1    No     0001A72F-0001A734        6
1B4CE8       1    No     0001A735-0001A73A        6
1B4F23       1    No     0001A73B-0001A740        6
1B510D       1    No     0001A741-0001A746        6
1B5454       1    No     0001A747-0001A74C        6
1B56EE       1    No     0001A74D-0001A752        6
1B80BD       1    No     0001A753-0001A758        6
1B8318       3    No     0001A759-0001A760        8
1B84C3       3    No     0001A761-0001A768        8
1B86DF       2    No     0001A769-0001A76F        7
1B8939       3    No     0001A770-0001A777        8
1B8B74       3    No     0001A778-0001A77F        8
1B8E2F       3    No     0001A780-0001A787        8
1B906A       3    No     0001A788-0001A78F        8
1B9255       3    No     0001A790-0001A797        8
1B9490       3    No     0001A798-0001A79F        8
1B970C       1    No     0001A7A0-0001A7A5        6
1B98D8       1    No     0001A7A6-0001A7AB        6
1B9B11       1    No     0001A7AC-0001A7B1        6
1BA133       2    No     0001A7B2-0001A7B8        7
1BA34D       3    No     0001A7B9-0001A7C0        8
1BA52A       1    No     0001A7C1-0001A7C6        6
1BA6A3       1    No     0001A7C7-0001A7CC        6
1BA8FE       1    No     0001A7CD-0001A7D2        6
1BAB69       1    No     0001A7D3-0001A7D8        6
1BAF4F       3    No     0001A7D9-0001A7E0        8
1BB09B       2    No     0001A7E1-0001A7E7        7
1BB367       1    No     0001A7E8-0001A7ED        6
1BBAC8       1    No     0001A7EE-0001A7F3        6
1BBD31       3    No     0001A7F4-0001A7FB        8
1BBEED       2    No     0001A7FC-0001A802        7
1BC117       3    No     0001A803-0001A80A        8
1BC313       2    No     0001A80B-0001A811        7
1BC57D       3    No     0001A812-0001A819        8
1BC9B4       2    No     0001A81A-0001A820        7
1BCBDF       2    No     0001A821-0001A827        7
1BCE39       3    No     0001A828-0001A82F        8
1BD085       2    No     0001A830-0001A836        7
1BD260       2    No     0001A837-0001A83D        7
1BD4EC       1    No     0001A83E-0001A843        6
1BD797       1    No     0001A844-0001A849        6
1BD9E2       1    No     0001A84A-0001A84F        6
1BDB8B       1    No     0001A850-0001A855        6
1BDDA7       2    No     0001A856-0001A85C        7
1BDFD2       2    No     0001A85D-0001A863        7
1BE28C       3    No     0001A864-0001A86B        8
1BE4B7       3    No     0001A86C-0001A873        8
1BE6D3       2    No     0001A874-0001A87A        7
1BE8AF       1    No     0001A87B-0001A880        6
1BEAB8       3    No     0001A881-0001A888        8
1BECD3       2    No     0001A889-0001A88F        7
1BEF4E       3    No     0001A890-0001A897        8
1BF189       3    No     0001A898-0001A89F        8
1BF5DF       3    No     0001A8A0-0001A8A7        8
1BF82A       3    No     0001A8A8-0001A8AF        8
1BF996       2    No     0001A8B0-0001A8B6        7
1BFC20       3    No     0001A8B7-0001A8BE        8
1C00F2       2    No     0001A8BF-0001A8C5        7
1C027D       2    No     0001A8C6-0001A8CC        7
1C0458       2    No     0001A8CD-0001A8D3        7
1C0CF4       2    No     0001A8D4-0001A8DA        7
1C1B10       3    No     0001A8DB-0001A8E2        8
1C1CBD       1    No     0001A8E3-0001A8E8        6
1C1E78       1    No     0001A8E9-0001A8EE        6
1C2714       1    No     0001A8EF-0001A8F4        6
1C293D       1    No     0001A8F5-0001A8FA        6
1C2B79       2    No     0001A8FB-0001A901        7
1C2D43       3    No     0001A902-0001A909        8
1C2F0E       2    No     0001A90A-0001A910        7
1C313B       1    No     0001A911-0001A916        6
1C3374       3    No     0001A917-0001A91E        8
1C382A       1    No     0001A91F-0001A924        6
1C42E1       3    No     0001A925-0001A92C        8
1C44ED       2    No     0001A92D-0001A933        7
1C4717       3    No     0001A934-0001A93B        8
1C49B3       1    No     0001A93C-0001A941        6
1C4BDF       1    No     0001A942-0001A947        6
1C532E       3    No     0001A948-0001A94F        8
1C54CA       2    No     0001A950-0001A956        7
1C56D6       1    No     0001A957-0001A95C        6
1C60EB       3    No     0001A95D-0001A964        8
1C6297       2    No     0001A965-0001A96B        7
1C64A1       3    No     0001A96C-0001A973        8
1C66CD       1    No     0001A974-0001A979        6
1C6F19       1    No     0001A97A-0001A97F        6
1C7174       2    No     0001A980-0001A986        7
1C75F9       3    No     0001A987-0001A98E        8
1C7884       3    No     0001A98F-0001A996        8
1C7AE0       1    No     0001A997-0001A99C        6
1CA27B       C    No     0001A99D-0001A9AD       11
1CA294      18    No     0001A9AE-0001A9CA       1D
1CA2BC     18F    No     0001A9CB-0001AB5E      194
1CA44C      24    Yes    0001AB5F-0001AB66        8
1CA92A       1    No     0001AB67-0001AB6C        6
1CD3EC       2    No     0001AB6D-0001AB73        7
1CE287      28    No     0001AB74-0001ABA0       2D
1CE2C1     1AE    No     0001ABA1-0001AD53      1B3
1CE46F      C0    Yes    0001AD54-0001AD5B        8
1CF7A3      10    No     0001AD5C-0001AD70       15
1CF96C       1    No     0001AD71-0001AD76        6
1D00B4       2    No     0001AD77-0001AD7D        7
1D06C0       3    No     0001AD7E-0001AD85        8
1D0DBA       3    No     0001AD86-0001AD8D        8
1D11C9       1    No     0001AD8E-0001AD93        6
1D17A6       1    No     0001AD94-0001AD99        6
1D1B42       2    No     0001AD9A-0001ADA0        7
1D1F6F       2    No     0001ADA1-0001ADA7        7
1D240D       1    No     0001ADA8-0001ADAD        6
1D2768       3    No     0001ADAE-0001ADB5        8
1D2BE5       3    No     0001ADB6-0001ADBD        8
1D30A2       3    No     0001ADBE-0001ADC5        8
1D356F       3    No     0001ADC6-0001ADCD        8
1D3ABD       1    No     0001ADCE-0001ADD3        6
1D40A9       3    No     0001ADD4-0001ADDB        8
1D4B15       1    No     0001ADDC-0001ADE1        6
1D5041       2    No     0001ADE2-0001ADE8        7
1D531D       3    No     0001ADE9-0001ADF0        8
1D5AE8       2    No     0001ADF1-0001ADF7        7
1D5F75       2    No     0001ADF8-0001ADFE        7
1D6441       3    No     0001ADFF-0001AE06        8
1D7079       1    No     0001AE07-0001AE0C        6
1D73A7       1    No     0001AE0D-0001AE12        6
1D7872       3    No     0001AE13-0001AE1A        8
1D80B2       2    No     0001AE1B-0001AE21        7
1D841E       3    No     0001AE22-0001AE29        8
1D89CC       2    No     0001AE2A-0001AE30        7
1D8D48       3    No     0001AE31-0001AE38        8
1D9853       2    No     0001AE39-0001AE3F        7
1D9CF0       2    No     0001AE40-0001AE46        7
1DA17C       3    No     0001AE47-0001AE4E        8
1DA70A       2    No     0001AE4F-0001AE55        7
1DABE7       2    No     0001AE56-0001AE5C        7
1DB145       1    No     0001AE5D-0001AE62        6
1DB4C2       1    No     0001AE63-0001AE68        6
1DB9FF       1    No     0001AE69-0001AE6E        6
1DBBBA       1    No     0001AE6F-0001AE74        6
1DBEE8       2    No     0001AE75-0001AE7B        7
1DC495       2    No     0001AE7C-0001AE82        7
1DCA01       3    No     0001AE83-0001AE8A        8
1DCD6E       3    No     0001AE8B-0001AE92        8
1DD1AC       2    No     0001AE93-0001AE99        7
1DD214       2    No     0001AE9A-0001AEA0        7
1DD21C       2    No     0001AEA1-0001AEA7        7
1DD23F       B    No     0001AEA8-0001AEB7       10
1DD252      1C    No     0001AEB8-0001AED8       21
1DD27E       D    No     0001AED9-0001AEEA       12
1DD293      1B    No     0001AEEB-0001AF0A       20
1DD2FF       2    No     0001AF0B-0001AF11        7
1DD307       2    No     0001AF12-0001AF18        7
1DD30F       1    No     0001AF19-0001AF1E        6
1DD317       1    No     0001AF1F-0001AF24        6
1DD324       2    No     0001AF25-0001AF2B        7
1DD32C       2    No     0001AF2C-0001AF32        7
1DD34E       1    No     0001AF33-0001AF38        6
1DD356       1    No     0001AF39-0001AF3E        6
1DD364       1    No     0001AF3F-0001AF44        6
1DD36C       1    No     0001AF45-0001AF4A        6
1DD37E       2    No     0001AF4B-0001AF51        7
1DD386       2    No     0001AF52-0001AF58        7
1DD3A1       2    No     0001AF59-0001AF5F        7
1DD3A9      25    No     0001AF60-0001AF89       2A
1DD3D5       1    No     0001AF8A-0001AF8F        6
1DD3DD       1    No     0001AF90-0001AF95        6
1DD3FE      1E    No     0001AF96-0001AFB8       23
1DD6DA       1    No     0001AFB9-0001AFBE        6
1DDA85       3    No     0001AFBF-0001AFC6        8
1DDFE2       2    No     0001AFC7-0001AFCD        7
1DE4BF       3    No     0001AFCE-0001AFD5        8
1DEB3C       3    No     0001AFD6-0001AFDD        8
1DF6A6       3    No     0001AFDE-0001AFE5        8
1DFB33       3    No     0001AFE6-0001AFED        8
1E00B3       3    No     0001AFEE-0001AFF5        8
1E0380       3    No     0001AFF6-0001AFFD        8
1E07EE       2    No     0001AFFE-0001B004        7
1E0D0A       3    No     0001B005-0001B00C        8
1E1087       3    No     0001B00D-0001B014        8
1E1554       3    No     0001B015-0001B01C        8
1E1B31       3    No     0001B01D-0001B024        8
1E1E6E       3    No     0001B025-0001B02C        8
1E23EB       3    No     0001B02D-0001B034        8
1E2A49       1    No     0001B035-0001B03A        6
1E2DB7       1    No     0001B03B-0001B040        6
1E31D2       1    No     0001B041-0001B046        6
1E3F7A       2    No     0001B047-0001B04D        7
1E4226       3    No     0001B04E-0001B055        8
1E46B5       1    No     0001B056-0001B05B        6
1E4B50       1    No     0001B05C-0001B061        6
1E4FFD       1    No     0001B062-0001B067        6
1E55FA       1    No     0001B068-0001B06D        6
1E5DA4       3    No     0001B06E-0001B075        8
1E5F52       2    No     0001B076-0001B07C        7
1E6440       1    No     0001B07D-0001B082        6
1E7277       1    No     0001B083-0001B088        6
1E76F2       3    No     0001B089-0001B090        8
1E86A2       3    No     0001B091-0001B098        8
1E89E0       2    No     0001B099-0001B09F        7
1E8DFC       3    No     0001B0A0-0001B0A7        8
1E943A       1    No     0001B0A8-0001B0AD        6
1E97A8       1    No     0001B0AE-0001B0B3        6
1EA69D       3    No     0001B0B4-0001B0BB        8
1EA9FB       2    No     0001B0BC-0001B0C2        7
1EAE49       1    No     0001B0C3-0001B0C8        6
1EC2E8       3    No     0001B0C9-0001B0D0        8
1EC626       2    No     0001B0D1-0001B0D7        7
1ECB42       3    No     0001B0D8-0001B0DF        8
1ECED0       1    No     0001B0E0-0001B0E5        6
1EDE14       1    No     0001B0E6-0001B0EB        6
1EE3D1       2    No     0001B0EC-0001B0F2        7
1EECDA       3    No     0001B0F3-0001B0FA        8
1EF077       3    No     0001B0FB-0001B102        8
1EF615       1    No     0001B103-0001B108        6
1EF971       1    No     0001B109-0001B10E        6
1F00BA       2    No     0001B10F-0001B115        7
1F0277       2    No     0001B116-0001B11C        7
1F0584       2    No     0001B11D-0001B123        7
1F1658       2    No     0001B124-0001B12A        7
1F33E2       3    No     0001B12B-0001B132        8
1F36A1       1    No     0001B133-0001B138        6
1F391E       1    No     0001B139-0001B13E        6
1F4B52       1    No     0001B13F-0001B144        6
1F4E6D       1    No     0001B145-0001B14A        6
1F531B       2    No     0001B14B-0001B151        7
1F5617       3    No     0001B152-0001B159        8
1F5B74       2    No     0001B15A-0001B160        7
1F5EE3       1    No     0001B161-0001B166        6
1F64EE       3    No     0001B167-0001B16E        8
1F6E38       1    No     0001B16F-0001B174        6
1F8B3B       2    No     0001B175-0001B17B        7
1F90A7       3    No     0001B17C-0001B183        8
1F9695       2    No     0001B184-0001B18A        7
1F9CC1       1    No     0001B18B-0001B190        6
1FA929       1    No     0001B191-0001B196        6
1FAF36       2    No     0001B197-0001B19D        7
1FB4B3       2    No     0001B19E-0001B1A4        7
1FB810       2    No     0001B1A5-0001B1AB        7
1FBB8E       1    No     0001B1AC-0001B1B1        6
1FBEFB       1    No     0001B1B2-0001B1B7        6
1FC308       1    No     0001B1B8-0001B1BD        6
1FC914       1    No     0001B1BE-0001B1C3        6
1FD2BF       1    No     0001B1C4-0001B1C9        6
1FD5EB       1    No     0001B1CA-0001B1CF        6
------    ----    EOF    0001B1D0-0001B1D2        3

Total Patches: 6BE (1726)
